STREAM triad of size    10000 : min/avg/max: 2.83769e-06 3.33506e-06 3.96999e-06 seconds or  3523.99 MUPD/s or  42.2879 GB/s
STREAM triad of size    11008 : min/avg/max: 2.82128e-06 2.84595e-06 2.90561e-06 seconds or  3901.78 MUPD/s or  46.8213 GB/s
STREAM triad of size    12112 : min/avg/max: 2.82674e-06 2.85678e-06 2.89745e-06 seconds or  4284.79 MUPD/s or  51.4175 GB/s
STREAM triad of size    13328 : min/avg/max: 2.82012e-06 2.84603e-06 2.93689e-06 seconds or  4726.03 MUPD/s or  56.7124 GB/s
STREAM triad of size    14664 : min/avg/max:  2.8234e-06 2.84835e-06 2.89664e-06 seconds or  5193.73 MUPD/s or  62.3248 GB/s
STREAM triad of size    16136 : min/avg/max: 2.81512e-06    2.85e-06 2.92417e-06 seconds or   5731.9 MUPD/s or  68.7828 GB/s
STREAM triad of size    17752 : min/avg/max: 2.83488e-06 2.87279e-06 2.96145e-06 seconds or     6262 MUPD/s or   75.144 GB/s
STREAM triad of size    19528 : min/avg/max: 2.81513e-06 2.84758e-06 2.91382e-06 seconds or  6936.81 MUPD/s or  83.2418 GB/s
STREAM triad of size    21488 : min/avg/max: 2.84623e-06 2.86597e-06 2.94877e-06 seconds or  7549.64 MUPD/s or  90.5957 GB/s
STREAM triad of size    23640 : min/avg/max: 2.84043e-06 2.86361e-06 2.94442e-06 seconds or   8322.7 MUPD/s or  99.8723 GB/s
STREAM triad of size    26008 : min/avg/max: 2.83708e-06 2.86609e-06 2.95644e-06 seconds or  9167.17 MUPD/s or  110.006 GB/s
STREAM triad of size    28616 : min/avg/max: 2.84321e-06 2.86794e-06 2.96528e-06 seconds or  10064.7 MUPD/s or  120.776 GB/s
STREAM triad of size    31480 : min/avg/max: 2.83182e-06 2.87027e-06 2.99167e-06 seconds or  11116.5 MUPD/s or  133.398 GB/s
STREAM triad of size    34632 : min/avg/max: 2.82144e-06 2.84665e-06 2.97094e-06 seconds or  12274.6 MUPD/s or  147.295 GB/s
STREAM triad of size    38096 : min/avg/max: 2.82136e-06 2.84952e-06 2.96277e-06 seconds or  13502.7 MUPD/s or  162.032 GB/s
STREAM triad of size    41912 : min/avg/max: 2.84878e-06 2.88315e-06 3.03773e-06 seconds or  14712.3 MUPD/s or  176.547 GB/s
STREAM triad of size    46104 : min/avg/max: 2.85251e-06 2.87416e-06 3.02335e-06 seconds or  16162.6 MUPD/s or  193.951 GB/s
STREAM triad of size    50720 : min/avg/max: 2.83628e-06 2.85589e-06 2.88418e-06 seconds or  17882.6 MUPD/s or  214.591 GB/s
STREAM triad of size    55800 : min/avg/max: 2.86719e-06 2.91393e-06 3.07928e-06 seconds or  19461.5 MUPD/s or  233.539 GB/s
STREAM triad of size    61384 : min/avg/max: 2.93502e-06 3.29297e-06 3.91719e-06 seconds or  20914.3 MUPD/s or  250.972 GB/s
STREAM triad of size    67528 : min/avg/max:  3.8328e-06 3.88805e-06 4.08588e-06 seconds or  17618.5 MUPD/s or  211.422 GB/s
STREAM triad of size    74288 : min/avg/max: 3.79327e-06  3.8787e-06 4.10759e-06 seconds or  19584.2 MUPD/s or   235.01 GB/s
STREAM triad of size    81720 : min/avg/max: 3.75966e-06 3.83787e-06 4.04355e-06 seconds or    21736 MUPD/s or  260.832 GB/s
STREAM triad of size    89896 : min/avg/max: 3.79752e-06 3.85422e-06  3.9268e-06 seconds or  23672.3 MUPD/s or  284.068 GB/s
STREAM triad of size    98888 : min/avg/max: 3.78526e-06  3.8721e-06 4.16097e-06 seconds or  26124.5 MUPD/s or  313.494 GB/s
STREAM triad of size   108784 : min/avg/max: 3.79391e-06 3.86847e-06 4.24988e-06 seconds or  28673.3 MUPD/s or   344.08 GB/s
STREAM triad of size   119664 : min/avg/max: 3.79346e-06 3.86038e-06 3.94594e-06 seconds or  31544.8 MUPD/s or  378.538 GB/s
STREAM triad of size   131632 : min/avg/max: 3.33001e-06 3.64468e-06  3.9235e-06 seconds or    39529 MUPD/s or  474.347 GB/s
STREAM triad of size   144800 : min/avg/max: 3.26221e-06 3.28118e-06 3.33496e-06 seconds or  44387.1 MUPD/s or  532.646 GB/s
STREAM triad of size   159288 : min/avg/max: 3.38729e-06 3.39343e-06 3.40354e-06 seconds or  47025.2 MUPD/s or  564.302 GB/s
STREAM triad of size   175224 : min/avg/max: 3.61776e-06 3.64678e-06 4.07232e-06 seconds or  48434.4 MUPD/s or  581.213 GB/s
STREAM triad of size   192752 : min/avg/max: 3.78446e-06 3.79143e-06  3.7965e-06 seconds or  50932.5 MUPD/s or  611.189 GB/s
STREAM triad of size   212032 : min/avg/max: 4.05131e-06 4.05926e-06 4.06682e-06 seconds or  52336.7 MUPD/s or   628.04 GB/s
STREAM triad of size   233240 : min/avg/max: 4.21842e-06 4.26167e-06 4.93036e-06 seconds or  55290.8 MUPD/s or   663.49 GB/s
STREAM triad of size   256568 : min/avg/max:  4.5457e-06 4.55225e-06 4.55796e-06 seconds or  56441.9 MUPD/s or  677.303 GB/s
STREAM triad of size   282232 : min/avg/max: 4.72776e-06 4.73358e-06 4.74657e-06 seconds or  59696.8 MUPD/s or  716.362 GB/s
STREAM triad of size   310456 : min/avg/max: 5.04617e-06 5.05449e-06 5.06524e-06 seconds or  61523.1 MUPD/s or  738.277 GB/s
STREAM triad of size   341504 : min/avg/max: 6.92955e-06 6.94088e-06  6.9611e-06 seconds or  49282.2 MUPD/s or  591.387 GB/s
STREAM triad of size   375656 : min/avg/max: 1.53087e-05 1.54317e-05 1.56353e-05 seconds or  24538.7 MUPD/s or  294.464 GB/s
STREAM triad of size   413224 : min/avg/max: 2.03987e-05 2.04513e-05 2.04865e-05 seconds or  20257.3 MUPD/s or  243.088 GB/s
STREAM triad of size   454552 : min/avg/max: 2.25553e-05 2.25698e-05 2.25915e-05 seconds or  20152.8 MUPD/s or  241.834 GB/s
STREAM triad of size   500008 : min/avg/max: 2.46552e-05 2.46789e-05 2.47425e-05 seconds or    20280 MUPD/s or   243.36 GB/s
STREAM triad of size   550016 : min/avg/max: 2.72176e-05 2.72422e-05 2.72669e-05 seconds or  20208.1 MUPD/s or  242.497 GB/s
STREAM triad of size   605024 : min/avg/max:  3.0202e-05 3.02192e-05 3.02415e-05 seconds or  20032.5 MUPD/s or  240.391 GB/s
STREAM triad of size   665528 : min/avg/max: 3.31368e-05 3.31512e-05 3.31712e-05 seconds or  20084.3 MUPD/s or  241.011 GB/s
STREAM triad of size   732088 : min/avg/max: 3.61639e-05 3.61812e-05 3.62343e-05 seconds or  20243.6 MUPD/s or  242.923 GB/s
STREAM triad of size   805304 : min/avg/max: 3.94773e-05 3.94864e-05 3.95145e-05 seconds or  20399.2 MUPD/s or   244.79 GB/s
STREAM triad of size   885840 : min/avg/max:   4.333e-05 4.33595e-05 4.33929e-05 seconds or  20444.1 MUPD/s or  245.329 GB/s
STREAM triad of size   974432 : min/avg/max: 4.76043e-05 4.76304e-05 4.76685e-05 seconds or  20469.4 MUPD/s or  245.633 GB/s
STREAM triad of size  1071880 : min/avg/max: 5.22061e-05 5.22352e-05 5.22955e-05 seconds or  20531.7 MUPD/s or   246.38 GB/s
STREAM triad of size  1179072 : min/avg/max: 5.71779e-05  5.7209e-05 5.72752e-05 seconds or  20621.1 MUPD/s or  247.454 GB/s
STREAM triad of size  1296984 : min/avg/max: 6.25357e-05 6.25655e-05 6.26211e-05 seconds or  20739.9 MUPD/s or  248.879 GB/s
STREAM triad of size  1426688 : min/avg/max:  6.8642e-05 6.86724e-05 6.87288e-05 seconds or  20784.5 MUPD/s or  249.414 GB/s
STREAM triad of size  1569360 : min/avg/max:  7.5358e-05 7.53825e-05 7.54679e-05 seconds or  20825.4 MUPD/s or  249.905 GB/s
STREAM triad of size  1726304 : min/avg/max: 8.29078e-05 8.29379e-05 8.30318e-05 seconds or    20822 MUPD/s or  249.864 GB/s
STREAM triad of size  1898936 : min/avg/max: 9.10866e-05 9.11153e-05 9.11902e-05 seconds or  20847.6 MUPD/s or  250.171 GB/s
STREAM triad of size  2088832 : min/avg/max:  9.9941e-05 9.99934e-05 0.000100091 seconds or  20900.6 MUPD/s or  250.808 GB/s
STREAM triad of size  2297720 : min/avg/max: 0.000109431 0.000109465 0.000109601 seconds or    20997 MUPD/s or  251.964 GB/s
STREAM triad of size  2527496 : min/avg/max: 0.000120052 0.000120354 0.000125398 seconds or  21053.3 MUPD/s or   252.64 GB/s
STREAM triad of size  2780248 : min/avg/max: 0.000131828 0.000131874 0.000131958 seconds or  21089.9 MUPD/s or  253.079 GB/s
STREAM triad of size  3058280 : min/avg/max: 0.000144877 0.000145047 0.000145939 seconds or  21109.5 MUPD/s or  253.314 GB/s
STREAM triad of size  3364112 : min/avg/max: 0.000159126 0.000159199 0.000159329 seconds or  21141.1 MUPD/s or  253.694 GB/s
STREAM triad of size  3700528 : min/avg/max: 0.000174742 0.000174822 0.000175054 seconds or  21177.1 MUPD/s or  254.125 GB/s
STREAM triad of size  4070584 : min/avg/max: 0.000192102 0.000192175 0.000192507 seconds or  21189.7 MUPD/s or  254.276 GB/s
STREAM triad of size  4477648 : min/avg/max:  0.00021129 0.000212075 0.000225702 seconds or  21191.9 MUPD/s or  254.303 GB/s
STREAM triad of size  4925416 : min/avg/max: 0.000232123 0.000232211 0.000232711 seconds or    21219 MUPD/s or  254.628 GB/s
STREAM triad of size  5417960 : min/avg/max: 0.000255061 0.000255195 0.000255865 seconds or  21241.8 MUPD/s or  254.902 GB/s
STREAM triad of size  5959760 : min/avg/max: 0.000280175 0.000280303 0.000281382 seconds or  21271.6 MUPD/s or  255.259 GB/s
STREAM triad of size  6555744 : min/avg/max: 0.000308041 0.000308188 0.000309494 seconds or  21282.1 MUPD/s or  255.385 GB/s
STREAM triad of size  7211320 : min/avg/max: 0.000338549  0.00033876 0.000340755 seconds or  21300.7 MUPD/s or  255.608 GB/s
STREAM triad of size  7932456 : min/avg/max: 0.000372663 0.000372917 0.000375231 seconds or  21285.9 MUPD/s or  255.431 GB/s
STREAM triad of size  8725704 : min/avg/max: 0.000409243 0.000409495 0.000411944 seconds or  21321.6 MUPD/s or  255.859 GB/s
STREAM triad of size  9598280 : min/avg/max: 0.000450445 0.000450726 0.000454309 seconds or  21308.4 MUPD/s or  255.701 GB/s
STREAM triad of size 10558112 : min/avg/max: 0.000495127 0.000495482 0.000499152 seconds or  21324.1 MUPD/s or  255.889 GB/s
STREAM triad of size 11613928 : min/avg/max: 0.000545206 0.000546405 0.000561542 seconds or  21301.9 MUPD/s or  255.623 GB/s
STREAM triad of size 12775328 : min/avg/max: 0.000598809 0.000599252 0.000603902 seconds or  21334.6 MUPD/s or  256.015 GB/s
STREAM triad of size 14052864 : min/avg/max: 0.000658121 0.000658526 0.000663371 seconds or    21353 MUPD/s or  256.236 GB/s
STREAM triad of size 15458152 : min/avg/max: 0.000724728 0.000725213 0.000730341 seconds or  21329.6 MUPD/s or  255.955 GB/s
STREAM triad of size 17003968 : min/avg/max: 0.000796066 0.000796661  0.00080328 seconds or    21360 MUPD/s or   256.32 GB/s
STREAM triad of size 18704368 : min/avg/max: 0.000875893 0.000876408 0.000883021 seconds or  21354.6 MUPD/s or  256.256 GB/s
STREAM triad of size 20574808 : min/avg/max: 0.000963538 0.000964291   0.0009729 seconds or  21353.4 MUPD/s or  256.241 GB/s
STREAM triad of size 22632296 : min/avg/max:  0.00105927  0.00106007  0.00106947 seconds or  21365.9 MUPD/s or  256.391 GB/s
STREAM triad of size 24895528 : min/avg/max:  0.00116501  0.00116584  0.00117485 seconds or  21369.3 MUPD/s or  256.432 GB/s
STREAM triad of size 27385088 : min/avg/max:  0.00128133  0.00128226  0.00129366 seconds or  21372.5 MUPD/s or   256.47 GB/s
STREAM triad of size 30123600 : min/avg/max:   0.0014109  0.00141175  0.00142282 seconds or  21350.6 MUPD/s or  256.207 GB/s
STREAM triad of size 33135968 : min/avg/max:   0.0015501  0.00155104  0.00156233 seconds or  21376.7 MUPD/s or   256.52 GB/s
STREAM triad of size 36449568 : min/avg/max:  0.00170529  0.00170656  0.00172416 seconds or  21374.4 MUPD/s or  256.493 GB/s
STREAM triad of size 40094528 : min/avg/max:   0.0018763  0.00187787  0.00189628 seconds or    21369 MUPD/s or  256.428 GB/s
STREAM triad of size 44103984 : min/avg/max:   0.0020618  0.00206429  0.00210338 seconds or  21391.1 MUPD/s or  256.693 GB/s
STREAM triad of size 48514384 : min/avg/max:  0.00226806  0.00226962  0.00228692 seconds or  21390.3 MUPD/s or  256.683 GB/s
STREAM triad of size 53365824 : min/avg/max:   0.0024973  0.00250145  0.00253404 seconds or  21369.4 MUPD/s or  256.433 GB/s
STREAM triad of size 58702408 : min/avg/max:  0.00270429  0.00274296  0.00278649 seconds or  21707.2 MUPD/s or  260.486 GB/s
STREAM triad of size 64572656 : min/avg/max:  0.00295712  0.00296421  0.00304007 seconds or  21836.3 MUPD/s or  262.036 GB/s
STREAM triad of size 71029928 : min/avg/max:  0.00330855   0.0033115  0.00334682 seconds or  21468.6 MUPD/s or  257.623 GB/s
STREAM triad of size 78132928 : min/avg/max:  0.00365295  0.00365645  0.00369311 seconds or    21389 MUPD/s or  256.668 GB/s
STREAM triad of size 85946224 : min/avg/max:  0.00401427  0.00401703  0.00405268 seconds or  21410.2 MUPD/s or  256.922 GB/s
STREAM triad of size 94540848 : min/avg/max:  0.00441929  0.00442383  0.00445904 seconds or  21392.8 MUPD/s or  256.714 GB/s
STREAM triad of size 103994936 : min/avg/max:  0.00486008  0.00486283  0.00489829 seconds or  21397.8 MUPD/s or  256.773 GB/s
STREAM triad of size 114394432 : min/avg/max:  0.00534236  0.00534551  0.00538039 seconds or  21412.7 MUPD/s or  256.953 GB/s
STREAM triad of size 125833880 : min/avg/max:   0.0058764  0.00588004  0.00591614 seconds or  21413.4 MUPD/s or  256.961 GB/s
STREAM triad of size 138417272 : min/avg/max:  0.00646108  0.00647851  0.00673376 seconds or  21423.2 MUPD/s or  257.079 GB/s
STREAM triad of size 152259000 : min/avg/max:  0.00711104  0.00711609   0.0071884 seconds or  21411.6 MUPD/s or   256.94 GB/s
STREAM triad of size 167484904 : min/avg/max:  0.00782914  0.00783347  0.00787039 seconds or  21392.5 MUPD/s or   256.71 GB/s
STREAM triad of size 184233400 : min/avg/max:  0.00860089  0.00860626  0.00863907 seconds or  21420.3 MUPD/s or  257.043 GB/s
STREAM triad of size 202656744 : min/avg/max:  0.00945626  0.00946002  0.00949679 seconds or    21431 MUPD/s or  257.171 GB/s
STREAM triad of size 222922424 : min/avg/max:   0.0104018   0.0104054   0.0104411 seconds or    21431 MUPD/s or  257.172 GB/s
STREAM triad of size 245214672 : min/avg/max:   0.0114476   0.0114509   0.0114856 seconds or  21420.7 MUPD/s or  257.048 GB/s
STREAM triad of size 269736144 : min/avg/max:   0.0125877   0.0125916   0.0126339 seconds or  21428.5 MUPD/s or  257.142 GB/s
STREAM triad of size 296709760 : min/avg/max:   0.0138415   0.0138515   0.0138879 seconds or  21436.2 MUPD/s or  257.235 GB/s
STREAM triad of size 326380744 : min/avg/max:   0.0152269   0.0152398   0.0154025 seconds or  21434.4 MUPD/s or  257.213 GB/s
STREAM triad of size 359018824 : min/avg/max:   0.0167521   0.0167569   0.0167915 seconds or  21431.3 MUPD/s or  257.176 GB/s
STREAM triad of size 394920712 : min/avg/max:   0.0180868   0.0182074   0.0183663 seconds or  21834.8 MUPD/s or  262.018 GB/s
STREAM triad of size 434412784 : min/avg/max:   0.0198893   0.0199457   0.0202627 seconds or  21841.5 MUPD/s or  262.098 GB/s
STREAM triad of size 477854064 : min/avg/max:   0.0218053   0.0219284   0.0223023 seconds or  21914.5 MUPD/s or  262.974 GB/s
STREAM triad of size 525639472 : min/avg/max:   0.0240071   0.0241988   0.0245043 seconds or  21895.2 MUPD/s or  262.742 GB/s
STREAM triad of size 578203424 : min/avg/max:   0.0264695   0.0266585   0.0269654 seconds or  21844.1 MUPD/s or  262.129 GB/s
STREAM triad of size 636023768 : min/avg/max:   0.0291097   0.0293891   0.0296979 seconds or  21849.2 MUPD/s or   262.19 GB/s
STREAM triad of size 699626152 : min/avg/max:   0.0318874    0.032318   0.0326941 seconds or  21940.6 MUPD/s or  263.287 GB/s
STREAM triad of size 769588768 : min/avg/max:   0.0351702   0.0355468   0.0359132 seconds or  21881.8 MUPD/s or  262.582 GB/s
STREAM triad of size 846547648 : min/avg/max:   0.0387538   0.0401105   0.0491076 seconds or  21844.3 MUPD/s or  262.131 GB/s
STREAM triad of size 931202416 : min/avg/max:   0.0422991   0.0430473   0.0434501 seconds or  22014.7 MUPD/s or  264.177 GB/s
