STREAM triad of size    10000 : min/avg/max: 2.92536e-06 2.95565e-06 3.03662e-06 seconds or  3418.38 MUPD/s or  41.0206 GB/s
STREAM triad of size    11008 : min/avg/max: 2.90286e-06 2.93299e-06 2.99982e-06 seconds or  3792.13 MUPD/s or  45.5055 GB/s
STREAM triad of size    12112 : min/avg/max: 2.90418e-06  2.9257e-06 2.98571e-06 seconds or  4170.53 MUPD/s or  50.0464 GB/s
STREAM triad of size    13328 : min/avg/max: 2.93207e-06 2.96042e-06 3.01747e-06 seconds or  4545.59 MUPD/s or  54.5471 GB/s
STREAM triad of size    14664 : min/avg/max: 2.91845e-06 2.95886e-06 3.02827e-06 seconds or  5024.58 MUPD/s or   60.295 GB/s
STREAM triad of size    16136 : min/avg/max: 2.94872e-06 2.97223e-06  3.0323e-06 seconds or  5472.21 MUPD/s or  65.6665 GB/s
STREAM triad of size    17752 : min/avg/max: 2.90199e-06 2.98361e-06 3.83166e-06 seconds or  6117.19 MUPD/s or  73.4063 GB/s
STREAM triad of size    19528 : min/avg/max: 2.91067e-06 2.94664e-06 3.00885e-06 seconds or  6709.12 MUPD/s or  80.5094 GB/s
STREAM triad of size    21488 : min/avg/max: 2.94097e-06 3.12354e-06 5.77304e-06 seconds or  7306.42 MUPD/s or  87.6771 GB/s
STREAM triad of size    23640 : min/avg/max: 2.90408e-06 2.93525e-06 3.01342e-06 seconds or  8140.26 MUPD/s or  97.6831 GB/s
STREAM triad of size    26008 : min/avg/max: 2.91866e-06 2.95238e-06 3.03872e-06 seconds or  8910.95 MUPD/s or  106.931 GB/s
STREAM triad of size    28616 : min/avg/max: 2.94505e-06 2.97417e-06 3.06173e-06 seconds or  9716.63 MUPD/s or    116.6 GB/s
STREAM triad of size    31480 : min/avg/max: 2.95453e-06  2.9737e-06 3.08525e-06 seconds or  10654.8 MUPD/s or  127.858 GB/s
STREAM triad of size    34632 : min/avg/max: 2.92791e-06 2.97394e-06  3.0781e-06 seconds or  11828.2 MUPD/s or  141.939 GB/s
STREAM triad of size    38096 : min/avg/max: 2.90139e-06 2.94968e-06 3.08438e-06 seconds or  13130.2 MUPD/s or  157.563 GB/s
STREAM triad of size    41912 : min/avg/max: 2.93202e-06 2.96946e-06 3.10631e-06 seconds or  14294.6 MUPD/s or  171.535 GB/s
STREAM triad of size    46104 : min/avg/max: 2.95311e-06 2.97828e-06 3.13662e-06 seconds or    15612 MUPD/s or  187.344 GB/s
STREAM triad of size    50720 : min/avg/max: 2.95878e-06 2.98024e-06 3.13292e-06 seconds or  17142.2 MUPD/s or  205.706 GB/s
STREAM triad of size    55800 : min/avg/max:  2.9345e-06 2.96846e-06 3.14061e-06 seconds or  19015.2 MUPD/s or  228.182 GB/s
STREAM triad of size    61384 : min/avg/max: 2.94092e-06 2.96714e-06  3.1516e-06 seconds or  20872.4 MUPD/s or  250.469 GB/s
STREAM triad of size    67528 : min/avg/max:  2.9437e-06 2.95484e-06 2.96668e-06 seconds or  22939.8 MUPD/s or  275.278 GB/s
STREAM triad of size    74288 : min/avg/max: 2.91876e-06 2.96392e-06 3.22788e-06 seconds or  25451.9 MUPD/s or  305.423 GB/s
STREAM triad of size    81720 : min/avg/max: 2.96156e-06 2.99355e-06  3.2557e-06 seconds or  27593.6 MUPD/s or  331.123 GB/s
STREAM triad of size    89896 : min/avg/max: 2.95562e-06 2.96893e-06 2.99796e-06 seconds or  30415.2 MUPD/s or  364.983 GB/s
STREAM triad of size    98888 : min/avg/max: 2.95574e-06 2.98766e-06 3.30352e-06 seconds or  33456.3 MUPD/s or  401.476 GB/s
STREAM triad of size   108784 : min/avg/max: 2.93878e-06 2.95758e-06 2.98108e-06 seconds or  37016.7 MUPD/s or    444.2 GB/s
STREAM triad of size   119664 : min/avg/max: 2.95408e-06 2.98697e-06 3.39002e-06 seconds or  40508.1 MUPD/s or  486.097 GB/s
STREAM triad of size   131632 : min/avg/max: 2.93658e-06 2.95673e-06 3.00382e-06 seconds or  44824.9 MUPD/s or  537.898 GB/s
STREAM triad of size   144800 : min/avg/max: 3.06042e-06 3.07273e-06 3.08728e-06 seconds or  47313.8 MUPD/s or  567.765 GB/s
STREAM triad of size   159288 : min/avg/max: 3.18715e-06 3.21533e-06 3.67356e-06 seconds or  49978.2 MUPD/s or  599.739 GB/s
STREAM triad of size   175224 : min/avg/max: 3.36398e-06 3.36994e-06 3.37655e-06 seconds or  52088.2 MUPD/s or  625.059 GB/s
STREAM triad of size   192752 : min/avg/max: 3.52306e-06 3.53221e-06 3.54102e-06 seconds or  54711.6 MUPD/s or  656.539 GB/s
STREAM triad of size   212032 : min/avg/max: 3.71126e-06 3.71833e-06 3.72404e-06 seconds or  57132.1 MUPD/s or  685.585 GB/s
STREAM triad of size   233240 : min/avg/max:  3.9484e-06 3.99162e-06 4.69198e-06 seconds or    59072 MUPD/s or  708.864 GB/s
STREAM triad of size   256568 : min/avg/max: 4.15881e-06 4.16951e-06 4.18361e-06 seconds or  61692.6 MUPD/s or  740.311 GB/s
STREAM triad of size   282232 : min/avg/max:  4.3753e-06 4.38391e-06 4.39619e-06 seconds or  64505.8 MUPD/s or  774.069 GB/s
STREAM triad of size   310456 : min/avg/max: 4.68162e-06 4.69551e-06 4.84951e-06 seconds or  66313.8 MUPD/s or  795.765 GB/s
STREAM triad of size   341504 : min/avg/max: 6.79567e-06  6.8316e-06 6.99651e-06 seconds or  50253.1 MUPD/s or  603.038 GB/s
STREAM triad of size   375656 : min/avg/max: 1.51724e-05 1.53133e-05 1.65078e-05 seconds or  24759.2 MUPD/s or  297.111 GB/s
STREAM triad of size   413224 : min/avg/max: 2.03601e-05 2.04402e-05 2.04772e-05 seconds or  20295.8 MUPD/s or   243.55 GB/s
STREAM triad of size   454552 : min/avg/max: 2.24808e-05 2.25148e-05 2.25948e-05 seconds or  20219.6 MUPD/s or  242.635 GB/s
STREAM triad of size   500008 : min/avg/max: 2.45833e-05 2.46075e-05 2.46311e-05 seconds or  20339.3 MUPD/s or  244.072 GB/s
STREAM triad of size   550016 : min/avg/max:  2.7147e-05 2.71914e-05 2.72719e-05 seconds or  20260.7 MUPD/s or  243.128 GB/s
STREAM triad of size   605024 : min/avg/max: 3.02146e-05 3.02388e-05 3.02777e-05 seconds or  20024.2 MUPD/s or  240.291 GB/s
STREAM triad of size   665528 : min/avg/max: 3.31683e-05 3.31784e-05 3.31904e-05 seconds or  20065.2 MUPD/s or  240.782 GB/s
STREAM triad of size   732088 : min/avg/max: 3.62087e-05  3.6224e-05 3.62629e-05 seconds or  20218.6 MUPD/s or  242.623 GB/s
STREAM triad of size   805304 : min/avg/max: 3.94573e-05 3.94887e-05 3.95609e-05 seconds or  20409.5 MUPD/s or  244.914 GB/s
STREAM triad of size   885840 : min/avg/max: 4.33499e-05 4.33785e-05 4.34099e-05 seconds or  20434.6 MUPD/s or  245.216 GB/s
STREAM triad of size   974432 : min/avg/max: 4.75815e-05 4.76018e-05 4.76345e-05 seconds or  20479.2 MUPD/s or   245.75 GB/s
STREAM triad of size  1071880 : min/avg/max: 5.22155e-05 5.22491e-05 5.22914e-05 seconds or    20528 MUPD/s or  246.336 GB/s
STREAM triad of size  1179072 : min/avg/max: 5.71611e-05 5.71865e-05 5.72609e-05 seconds or  20627.2 MUPD/s or  247.526 GB/s
STREAM triad of size  1296984 : min/avg/max: 6.25624e-05 6.25933e-05 6.26825e-05 seconds or  20731.1 MUPD/s or  248.773 GB/s
STREAM triad of size  1426688 : min/avg/max: 6.86522e-05 6.86813e-05 6.87771e-05 seconds or  20781.4 MUPD/s or  249.377 GB/s
STREAM triad of size  1569360 : min/avg/max: 7.53481e-05  7.5382e-05 7.54426e-05 seconds or  20828.1 MUPD/s or  249.938 GB/s
STREAM triad of size  1726304 : min/avg/max: 8.29741e-05 8.30555e-05 8.40793e-05 seconds or  20805.3 MUPD/s or  249.664 GB/s
STREAM triad of size  1898936 : min/avg/max: 9.12185e-05 9.12481e-05 9.13326e-05 seconds or  20817.4 MUPD/s or  249.809 GB/s
STREAM triad of size  2088832 : min/avg/max: 0.000100122 0.000100152 0.000100248 seconds or  20862.9 MUPD/s or  250.355 GB/s
STREAM triad of size  2297720 : min/avg/max: 0.000109542 0.000109575 0.000109658 seconds or  20975.8 MUPD/s or  251.709 GB/s
STREAM triad of size  2527496 : min/avg/max: 0.000120218 0.000120268 0.000120533 seconds or  21024.4 MUPD/s or  252.292 GB/s
STREAM triad of size  2780248 : min/avg/max: 0.000131944  0.00013201 0.000132243 seconds or  21071.4 MUPD/s or  252.857 GB/s
STREAM triad of size  3058280 : min/avg/max: 0.000144941 0.000145285 0.000150546 seconds or  21100.1 MUPD/s or  253.202 GB/s
STREAM triad of size  3364112 : min/avg/max: 0.000159136   0.0001592 0.000159467 seconds or  21139.8 MUPD/s or  253.678 GB/s
STREAM triad of size  3700528 : min/avg/max: 0.000174712 0.000174805 0.000174966 seconds or  21180.8 MUPD/s or  254.169 GB/s
STREAM triad of size  4070584 : min/avg/max: 0.000192038 0.000192146 0.000192452 seconds or  21196.8 MUPD/s or  254.361 GB/s
STREAM triad of size  4477648 : min/avg/max: 0.000211398 0.000211479 0.000212002 seconds or  21181.1 MUPD/s or  254.173 GB/s
STREAM triad of size  4925416 : min/avg/max: 0.000232223 0.000232515 0.000235616 seconds or  21209.8 MUPD/s or  254.518 GB/s
STREAM triad of size  5417960 : min/avg/max: 0.000255331 0.000255476 0.000256232 seconds or  21219.3 MUPD/s or  254.632 GB/s
STREAM triad of size  5959760 : min/avg/max: 0.000280343 0.000280461 0.000281346 seconds or  21258.8 MUPD/s or  255.106 GB/s
STREAM triad of size  6555744 : min/avg/max:  0.00030823  0.00030838 0.000309639 seconds or    21269 MUPD/s or  255.228 GB/s
STREAM triad of size  7211320 : min/avg/max: 0.000338933 0.000339176 0.000341169 seconds or  21276.5 MUPD/s or  255.319 GB/s
STREAM triad of size  7932456 : min/avg/max: 0.000373029 0.000373257 0.000375415 seconds or    21265 MUPD/s or   255.18 GB/s
STREAM triad of size  8725704 : min/avg/max: 0.000409402 0.000409629 0.000412341 seconds or  21313.3 MUPD/s or   255.76 GB/s
STREAM triad of size  9598280 : min/avg/max: 0.000450829 0.000451099 0.000454573 seconds or  21290.3 MUPD/s or  255.484 GB/s
STREAM triad of size 10558112 : min/avg/max: 0.000495459 0.000495743  0.00049894 seconds or  21309.8 MUPD/s or  255.717 GB/s
STREAM triad of size 11613928 : min/avg/max:  0.00054573 0.000546217 0.000549654 seconds or  21281.4 MUPD/s or  255.377 GB/s
STREAM triad of size 12775328 : min/avg/max: 0.000599583 0.000599922 0.000605069 seconds or    21307 MUPD/s or  255.684 GB/s
STREAM triad of size 14052864 : min/avg/max: 0.000658767 0.000659123 0.000663762 seconds or  21332.1 MUPD/s or  255.985 GB/s
STREAM triad of size 15458152 : min/avg/max: 0.000725259 0.000725794 0.000731191 seconds or    21314 MUPD/s or  255.768 GB/s
STREAM triad of size 17003968 : min/avg/max:  0.00079676  0.00079736 0.000804401 seconds or  21341.4 MUPD/s or  256.097 GB/s
STREAM triad of size 18704368 : min/avg/max: 0.000876199 0.000876663 0.000882956 seconds or  21347.2 MUPD/s or  256.166 GB/s
STREAM triad of size 20574808 : min/avg/max: 0.000964063 0.000964795 0.000973419 seconds or  21341.8 MUPD/s or  256.101 GB/s
STREAM triad of size 22632296 : min/avg/max:  0.00106023  0.00106098  0.00107037 seconds or  21346.6 MUPD/s or   256.16 GB/s
STREAM triad of size 24895528 : min/avg/max:  0.00116558  0.00116626   0.0011751 seconds or  21358.9 MUPD/s or  256.307 GB/s
STREAM triad of size 27385088 : min/avg/max:  0.00128241   0.0012833  0.00129495 seconds or  21354.3 MUPD/s or  256.252 GB/s
STREAM triad of size 30123600 : min/avg/max:  0.00141188  0.00141287  0.00142389 seconds or  21335.8 MUPD/s or   256.03 GB/s
STREAM triad of size 33135968 : min/avg/max:  0.00155106  0.00155188   0.0015639 seconds or  21363.4 MUPD/s or  256.361 GB/s
STREAM triad of size 36449568 : min/avg/max:  0.00170614  0.00170771  0.00172436 seconds or  21363.7 MUPD/s or  256.365 GB/s
STREAM triad of size 40094528 : min/avg/max:   0.0018781  0.00187944  0.00189711 seconds or  21348.4 MUPD/s or  256.181 GB/s
STREAM triad of size 44103984 : min/avg/max:  0.00206313  0.00206574  0.00210619 seconds or  21377.2 MUPD/s or  256.526 GB/s
STREAM triad of size 48514384 : min/avg/max:  0.00227017   0.0022716  0.00228845 seconds or  21370.4 MUPD/s or  256.445 GB/s
STREAM triad of size 53365824 : min/avg/max:  0.00249977  0.00250271  0.00253978 seconds or  21348.3 MUPD/s or  256.179 GB/s
STREAM triad of size 58702408 : min/avg/max:  0.00274983  0.00275298   0.0027864 seconds or  21347.6 MUPD/s or  256.172 GB/s
STREAM triad of size 64572656 : min/avg/max:  0.00302416  0.00302738  0.00306441 seconds or  21352.2 MUPD/s or  256.227 GB/s
STREAM triad of size 71029928 : min/avg/max:  0.00332981  0.00333427  0.00337033 seconds or  21331.5 MUPD/s or  255.978 GB/s
STREAM triad of size 78132928 : min/avg/max:   0.0036711   0.0036743  0.00370828 seconds or  21283.3 MUPD/s or  255.399 GB/s
STREAM triad of size 85946224 : min/avg/max:   0.0040188  0.00402245  0.00405668 seconds or  21386.1 MUPD/s or  256.633 GB/s
STREAM triad of size 94540848 : min/avg/max:  0.00442339  0.00442688  0.00446217 seconds or  21372.9 MUPD/s or  256.475 GB/s
STREAM triad of size 103994936 : min/avg/max:   0.0048647  0.00486775  0.00490194 seconds or  21377.4 MUPD/s or  256.529 GB/s
STREAM triad of size 114394432 : min/avg/max:  0.00534643  0.00534974  0.00538491 seconds or  21396.4 MUPD/s or  256.757 GB/s
STREAM triad of size 125833880 : min/avg/max:  0.00588092  0.00588345  0.00591693 seconds or    21397 MUPD/s or  256.763 GB/s
STREAM triad of size 138417272 : min/avg/max:  0.00646636  0.00648261  0.00672104 seconds or  21405.7 MUPD/s or  256.869 GB/s
STREAM triad of size 152259000 : min/avg/max:  0.00711725   0.0071205  0.00715647 seconds or    21393 MUPD/s or  256.715 GB/s
STREAM triad of size 167484904 : min/avg/max:  0.00783302  0.00783829  0.00788004 seconds or  21381.9 MUPD/s or  256.583 GB/s
STREAM triad of size 184233400 : min/avg/max:   0.0086085  0.00861478  0.00864993 seconds or  21401.3 MUPD/s or  256.816 GB/s
STREAM triad of size 202656744 : min/avg/max:  0.00946617  0.00947135  0.00950529 seconds or  21408.5 MUPD/s or  256.902 GB/s
STREAM triad of size 222922424 : min/avg/max:   0.0104116    0.010426   0.0105952 seconds or    21411 MUPD/s or  256.932 GB/s
STREAM triad of size 245214672 : min/avg/max:   0.0114548   0.0114583   0.0114906 seconds or  21407.1 MUPD/s or  256.885 GB/s
STREAM triad of size 269736144 : min/avg/max:   0.0125995    0.012604    0.012641 seconds or  21408.5 MUPD/s or  256.902 GB/s
STREAM triad of size 296709760 : min/avg/max:   0.0138585   0.0138641   0.0138969 seconds or    21410 MUPD/s or   256.92 GB/s
STREAM triad of size 326380744 : min/avg/max:   0.0152432    0.015248   0.0152838 seconds or  21411.6 MUPD/s or  256.939 GB/s
STREAM triad of size 359018824 : min/avg/max:   0.0167668   0.0167707   0.0168057 seconds or  21412.5 MUPD/s or   256.95 GB/s
STREAM triad of size 394920712 : min/avg/max:   0.0180226    0.018167   0.0183605 seconds or  21912.5 MUPD/s or   262.95 GB/s
STREAM triad of size 434412784 : min/avg/max:   0.0198274   0.0199283   0.0202362 seconds or  21909.7 MUPD/s or  262.917 GB/s
STREAM triad of size 477854064 : min/avg/max:   0.0217685   0.0219486   0.0223064 seconds or  21951.6 MUPD/s or  263.419 GB/s
STREAM triad of size 525639472 : min/avg/max:   0.0238294   0.0240943   0.0245295 seconds or  22058.4 MUPD/s or  264.701 GB/s
STREAM triad of size 578203424 : min/avg/max:   0.0263361   0.0266117   0.0269959 seconds or  21954.8 MUPD/s or  263.457 GB/s
STREAM triad of size 636023768 : min/avg/max:    0.029037   0.0293944   0.0297228 seconds or  21903.9 MUPD/s or  262.847 GB/s
STREAM triad of size 699626152 : min/avg/max:   0.0319445   0.0323213   0.0327309 seconds or  21901.3 MUPD/s or  262.815 GB/s
STREAM triad of size 769588768 : min/avg/max:   0.0351001   0.0355698   0.0359458 seconds or  21925.5 MUPD/s or  263.106 GB/s
STREAM triad of size 846547648 : min/avg/max:   0.0386145   0.0391319   0.0395305 seconds or  21923.1 MUPD/s or  263.077 GB/s
STREAM triad of size 931202416 : min/avg/max:    0.042484   0.0431514   0.0434908 seconds or  21918.9 MUPD/s or  263.027 GB/s
