STREAM triad of size    10000 : min/avg/max: 1.15849e-05 1.20071e-05 1.93664e-05 seconds or  863.195 MUPD/s or  10.3583 GB/s
STREAM triad of size    11008 : min/avg/max: 1.26911e-05 1.26932e-05 1.26952e-05 seconds or  867.382 MUPD/s or  10.4086 GB/s
STREAM triad of size    12112 : min/avg/max: 1.37197e-05 1.37219e-05 1.37241e-05 seconds or  882.819 MUPD/s or  10.5938 GB/s
STREAM triad of size    13328 : min/avg/max:  1.4929e-05 1.49317e-05 1.49338e-05 seconds or   892.76 MUPD/s or  10.7131 GB/s
STREAM triad of size    14664 : min/avg/max: 1.63377e-05 1.63415e-05 1.63666e-05 seconds or  897.557 MUPD/s or  10.7707 GB/s
STREAM triad of size    16136 : min/avg/max: 1.78324e-05 1.78344e-05 1.78381e-05 seconds or  904.869 MUPD/s or  10.8584 GB/s
STREAM triad of size    17752 : min/avg/max: 1.94464e-05 1.94491e-05 1.94517e-05 seconds or  912.867 MUPD/s or  10.9544 GB/s
STREAM triad of size    19528 : min/avg/max: 2.12775e-05 2.12794e-05 2.12813e-05 seconds or  917.775 MUPD/s or  11.0133 GB/s
STREAM triad of size    21488 : min/avg/max: 2.32936e-05 2.33179e-05  2.3367e-05 seconds or  922.486 MUPD/s or  11.0698 GB/s
STREAM triad of size    23640 : min/avg/max: 2.55571e-05 2.55604e-05 2.55625e-05 seconds or  924.988 MUPD/s or  11.0999 GB/s
STREAM triad of size    26008 : min/avg/max: 2.79907e-05 2.79926e-05 2.79946e-05 seconds or  929.167 MUPD/s or    11.15 GB/s
STREAM triad of size    28616 : min/avg/max: 3.06311e-05 3.06381e-05 3.07208e-05 seconds or  934.215 MUPD/s or  11.2106 GB/s
STREAM triad of size    31480 : min/avg/max: 3.35306e-05 3.35336e-05 3.35353e-05 seconds or  938.844 MUPD/s or  11.2661 GB/s
STREAM triad of size    34632 : min/avg/max: 3.68195e-05  3.6822e-05 3.68259e-05 seconds or  940.588 MUPD/s or  11.2871 GB/s
STREAM triad of size    38096 : min/avg/max: 4.03159e-05 4.03194e-05  4.0323e-05 seconds or  944.937 MUPD/s or  11.3392 GB/s
STREAM triad of size    41912 : min/avg/max: 4.43843e-05 4.43896e-05 4.43945e-05 seconds or  944.297 MUPD/s or  11.3316 GB/s
STREAM triad of size    46104 : min/avg/max: 4.86351e-05  4.8639e-05 4.86435e-05 seconds or  947.957 MUPD/s or  11.3755 GB/s
STREAM triad of size    50720 : min/avg/max: 5.33198e-05 5.33246e-05 5.33282e-05 seconds or  951.241 MUPD/s or  11.4149 GB/s
STREAM triad of size    55800 : min/avg/max: 5.85336e-05 5.85399e-05 5.85557e-05 seconds or  953.299 MUPD/s or  11.4396 GB/s
STREAM triad of size    61384 : min/avg/max: 6.43481e-05 6.43551e-05 6.43609e-05 seconds or  953.937 MUPD/s or  11.4472 GB/s
STREAM triad of size    67528 : min/avg/max: 7.06011e-05 7.06089e-05 7.06217e-05 seconds or  956.472 MUPD/s or  11.4777 GB/s
STREAM triad of size    74288 : min/avg/max: 7.76522e-05 7.76597e-05 7.76694e-05 seconds or  956.676 MUPD/s or  11.4801 GB/s
STREAM triad of size    81720 : min/avg/max: 8.48051e-05 8.49597e-05 8.55054e-05 seconds or  963.621 MUPD/s or  11.5635 GB/s
STREAM triad of size    89896 : min/avg/max: 9.31154e-05 9.31311e-05  9.3151e-05 seconds or  965.426 MUPD/s or  11.5851 GB/s
STREAM triad of size    98888 : min/avg/max: 0.000102401 0.000102427  0.00010245 seconds or   965.69 MUPD/s or  11.5883 GB/s
STREAM triad of size   108784 : min/avg/max: 0.000112602 0.000112624 0.000112643 seconds or   966.09 MUPD/s or  11.5931 GB/s
STREAM triad of size   119664 : min/avg/max: 0.000123752 0.000123857  0.00012442 seconds or  966.965 MUPD/s or  11.6036 GB/s
STREAM triad of size   131632 : min/avg/max: 0.000136251 0.000136452 0.000139889 seconds or  966.102 MUPD/s or  11.5932 GB/s
STREAM triad of size   144800 : min/avg/max: 0.000149578 0.000149602  0.00014963 seconds or  968.057 MUPD/s or  11.6167 GB/s
STREAM triad of size   159288 : min/avg/max: 0.000164618 0.000164659 0.000164697 seconds or  967.622 MUPD/s or  11.6115 GB/s
STREAM triad of size   175224 : min/avg/max: 0.000181004 0.000181064 0.000181145 seconds or  968.066 MUPD/s or  11.6168 GB/s
STREAM triad of size   192752 : min/avg/max: 0.000199028 0.000199062 0.000199115 seconds or  968.464 MUPD/s or  11.6216 GB/s
STREAM triad of size   212032 : min/avg/max: 0.000218878 0.000218913 0.000218971 seconds or  968.721 MUPD/s or  11.6246 GB/s
STREAM triad of size   233240 : min/avg/max: 0.000240528 0.000240564 0.000240618 seconds or  969.702 MUPD/s or  11.6364 GB/s
STREAM triad of size   256568 : min/avg/max: 0.000264883 0.000264934 0.000264982 seconds or  968.609 MUPD/s or  11.6233 GB/s
STREAM triad of size   282232 : min/avg/max:  0.00029034 0.000290428 0.000290466 seconds or  972.074 MUPD/s or  11.6649 GB/s
STREAM triad of size   310456 : min/avg/max: 0.000319309 0.000319395 0.000319483 seconds or  972.275 MUPD/s or  11.6673 GB/s
STREAM triad of size   341504 : min/avg/max: 0.000352586 0.000352968  0.00035486 seconds or   968.57 MUPD/s or  11.6228 GB/s
STREAM triad of size   375656 : min/avg/max: 0.000395622 0.000396185 0.000396796 seconds or  949.532 MUPD/s or  11.3944 GB/s
STREAM triad of size   413224 : min/avg/max: 0.000430061 0.000430514 0.000430981 seconds or   960.85 MUPD/s or  11.5302 GB/s
STREAM triad of size   454552 : min/avg/max: 0.000481952 0.000482537 0.000483234 seconds or  943.147 MUPD/s or  11.3178 GB/s
STREAM triad of size   500008 : min/avg/max: 0.000519596 0.000520537 0.000522683 seconds or  962.302 MUPD/s or  11.5476 GB/s
STREAM triad of size   550016 : min/avg/max: 0.000644576 0.000645962  0.00064729 seconds or  853.298 MUPD/s or  10.2396 GB/s
STREAM triad of size   605024 : min/avg/max: 0.000695536  0.00069674 0.000697975 seconds or  869.867 MUPD/s or  10.4384 GB/s
STREAM triad of size   665528 : min/avg/max: 0.000789218 0.000790351 0.000791375 seconds or  843.276 MUPD/s or  10.1193 GB/s
STREAM triad of size   732088 : min/avg/max: 0.000860053  0.00086138 0.000862619 seconds or  851.213 MUPD/s or  10.2146 GB/s
STREAM triad of size   805304 : min/avg/max: 0.000937488 0.000938647 0.000940449 seconds or  859.001 MUPD/s or   10.308 GB/s
STREAM triad of size   885840 : min/avg/max:  0.00104072  0.00104191  0.00104354 seconds or  851.177 MUPD/s or  10.2141 GB/s
STREAM triad of size   974432 : min/avg/max:  0.00114494  0.00114784  0.00115812 seconds or  851.075 MUPD/s or  10.2129 GB/s
STREAM triad of size  1071880 : min/avg/max:  0.00114978  0.00115172  0.00115397 seconds or  932.247 MUPD/s or   11.187 GB/s
STREAM triad of size  1179072 : min/avg/max:  0.00127354   0.0012757  0.00127755 seconds or  925.825 MUPD/s or  11.1099 GB/s
STREAM triad of size  1296984 : min/avg/max:  0.00139468  0.00139716  0.00139947 seconds or  929.954 MUPD/s or  11.1595 GB/s
STREAM triad of size  1426688 : min/avg/max:  0.00153368  0.00153782  0.00154071 seconds or  930.238 MUPD/s or  11.1629 GB/s
STREAM triad of size  1569360 : min/avg/max:  0.00169325  0.00169528  0.00169701 seconds or  926.833 MUPD/s or   11.122 GB/s
STREAM triad of size  1726304 : min/avg/max:  0.00189552  0.00189873  0.00190163 seconds or  910.727 MUPD/s or  10.9287 GB/s
STREAM triad of size  1898936 : min/avg/max:  0.00210431  0.00210739  0.00211232 seconds or  902.404 MUPD/s or  10.8288 GB/s
STREAM triad of size  2088832 : min/avg/max:  0.00232202  0.00232462  0.00232752 seconds or  899.576 MUPD/s or  10.7949 GB/s
STREAM triad of size  2297720 : min/avg/max:  0.00253141  0.00253487   0.0025405 seconds or  907.685 MUPD/s or  10.8922 GB/s
STREAM triad of size  2527496 : min/avg/max:  0.00278295  0.00278706  0.00279376 seconds or  908.207 MUPD/s or  10.8985 GB/s
STREAM triad of size  2780248 : min/avg/max:  0.00304559  0.00304931  0.00305614 seconds or  912.877 MUPD/s or  10.9545 GB/s
STREAM triad of size  3058280 : min/avg/max:  0.00331752  0.00332521  0.00332892 seconds or  921.857 MUPD/s or  11.0623 GB/s
STREAM triad of size  3364112 : min/avg/max:  0.00371702  0.00372547   0.0037316 seconds or  905.057 MUPD/s or  10.8607 GB/s
STREAM triad of size  3700528 : min/avg/max:   0.0039325  0.00394176  0.00395019 seconds or  941.012 MUPD/s or  11.2921 GB/s
STREAM triad of size  4070584 : min/avg/max:  0.00435752  0.00436539  0.00437614 seconds or  934.152 MUPD/s or  11.2098 GB/s
STREAM triad of size  4477648 : min/avg/max:  0.00491705  0.00492495  0.00493714 seconds or  910.636 MUPD/s or  10.9276 GB/s
STREAM triad of size  4925416 : min/avg/max:  0.00546232  0.00546906  0.00547875 seconds or  901.708 MUPD/s or  10.8205 GB/s
STREAM triad of size  5417960 : min/avg/max:  0.00590432  0.00591406  0.00592957 seconds or  917.626 MUPD/s or  11.0115 GB/s
STREAM triad of size  5959760 : min/avg/max:  0.00648506  0.00649978  0.00651659 seconds or  918.998 MUPD/s or   11.028 GB/s
STREAM triad of size  6555744 : min/avg/max:   0.0071384  0.00716164  0.00720466 seconds or  918.377 MUPD/s or  11.0205 GB/s
STREAM triad of size  7211320 : min/avg/max:  0.00809391   0.0081072  0.00812155 seconds or  890.956 MUPD/s or  10.6915 GB/s
STREAM triad of size  7932456 : min/avg/max:  0.00862497  0.00863766  0.00866193 seconds or  919.708 MUPD/s or  11.0365 GB/s
STREAM triad of size  8725704 : min/avg/max:  0.00949381  0.00951815  0.00953862 seconds or  919.094 MUPD/s or  11.0291 GB/s
STREAM triad of size  9598280 : min/avg/max:   0.0106365   0.0106526   0.0106674 seconds or   902.39 MUPD/s or  10.8287 GB/s
STREAM triad of size 10558112 : min/avg/max:   0.0115625    0.011586   0.0116136 seconds or  913.133 MUPD/s or  10.9576 GB/s
STREAM triad of size 11613928 : min/avg/max:   0.0126522   0.0126749   0.0127029 seconds or  917.939 MUPD/s or  11.0153 GB/s
STREAM triad of size 12775328 : min/avg/max:   0.0140949   0.0141182   0.0141452 seconds or  906.379 MUPD/s or  10.8765 GB/s
STREAM triad of size 14052864 : min/avg/max:   0.0154421   0.0154681   0.0155091 seconds or  910.038 MUPD/s or  10.9205 GB/s
STREAM triad of size 15458152 : min/avg/max:   0.0171452   0.0171788   0.0172238 seconds or    901.6 MUPD/s or  10.8192 GB/s
STREAM triad of size 17003968 : min/avg/max:   0.0184787   0.0185069   0.0185493 seconds or  920.192 MUPD/s or  11.0423 GB/s
STREAM triad of size 18704368 : min/avg/max:   0.0208791   0.0209143   0.0209488 seconds or  895.842 MUPD/s or  10.7501 GB/s
STREAM triad of size 20574808 : min/avg/max:   0.0227331   0.0227757   0.0228205 seconds or   905.06 MUPD/s or  10.8607 GB/s
STREAM triad of size 22632296 : min/avg/max:   0.0254329    0.025494    0.025525 seconds or  889.882 MUPD/s or  10.6786 GB/s
STREAM triad of size 24895528 : min/avg/max:    0.027027   0.0270735   0.0271217 seconds or  921.137 MUPD/s or  11.0536 GB/s
STREAM triad of size 27385088 : min/avg/max:   0.0299361   0.0299919   0.0300465 seconds or  914.784 MUPD/s or  10.9774 GB/s
STREAM triad of size 30123600 : min/avg/max:   0.0330334   0.0330956   0.0331567 seconds or  911.913 MUPD/s or   10.943 GB/s
STREAM triad of size 33135968 : min/avg/max:   0.0359763   0.0360277   0.0360823 seconds or   921.05 MUPD/s or  11.0526 GB/s
STREAM triad of size 36449568 : min/avg/max:   0.0400491   0.0401154    0.040189 seconds or  910.123 MUPD/s or  10.9215 GB/s
STREAM triad of size 40094528 : min/avg/max:    0.043898   0.0439821   0.0440889 seconds or  913.356 MUPD/s or  10.9603 GB/s
STREAM triad of size 44103984 : min/avg/max:   0.0487093   0.0487994   0.0489027 seconds or  905.453 MUPD/s or  10.8654 GB/s
STREAM triad of size 48514384 : min/avg/max:   0.0528346   0.0528958    0.052993 seconds or  918.231 MUPD/s or  11.0188 GB/s
STREAM triad of size 53365824 : min/avg/max:   0.0594305   0.0595781    0.059661 seconds or  897.954 MUPD/s or  10.7755 GB/s
STREAM triad of size 58702408 : min/avg/max:   0.0653607    0.065498    0.065611 seconds or   898.13 MUPD/s or  10.7776 GB/s
STREAM triad of size 64572656 : min/avg/max:    0.070457   0.0706026   0.0708279 seconds or  916.483 MUPD/s or  10.9978 GB/s
STREAM triad of size 71029928 : min/avg/max:   0.0795508   0.0797381   0.0798617 seconds or  892.887 MUPD/s or  10.7146 GB/s
STREAM triad of size 78132928 : min/avg/max:   0.0867251   0.0869321    0.087127 seconds or  900.926 MUPD/s or  10.8111 GB/s
STREAM triad of size 85946224 : min/avg/max:   0.0957622   0.0959459    0.096152 seconds or  897.496 MUPD/s or    10.77 GB/s
STREAM triad of size 94540848 : min/avg/max:    0.104206    0.104402    0.104525 seconds or  907.252 MUPD/s or   10.887 GB/s
STREAM triad of size 103994936 : min/avg/max:    0.114412    0.114598    0.114763 seconds or  908.954 MUPD/s or  10.9074 GB/s
STREAM triad of size 114394432 : min/avg/max:    0.125006    0.125234    0.125399 seconds or   915.11 MUPD/s or  10.9813 GB/s
STREAM triad of size 125833880 : min/avg/max:     0.13797    0.138169    0.138328 seconds or  912.041 MUPD/s or  10.9445 GB/s
STREAM triad of size 138417272 : min/avg/max:    0.152254    0.152458    0.152661 seconds or  909.119 MUPD/s or  10.9094 GB/s
STREAM triad of size 152259000 : min/avg/max:    0.167208    0.167379    0.167619 seconds or  910.598 MUPD/s or  10.9272 GB/s
STREAM triad of size 167484904 : min/avg/max:    0.190277    0.190634    0.190899 seconds or  880.215 MUPD/s or  10.5626 GB/s
STREAM triad of size 184233400 : min/avg/max:    0.207928    0.208312    0.208677 seconds or  886.042 MUPD/s or  10.6325 GB/s
STREAM triad of size 202656744 : min/avg/max:     0.22483    0.224998    0.225423 seconds or  901.378 MUPD/s or  10.8165 GB/s
STREAM triad of size 222922424 : min/avg/max:    0.246887    0.247214    0.247495 seconds or  902.934 MUPD/s or  10.8352 GB/s
STREAM triad of size 245214672 : min/avg/max:    0.269703    0.270034    0.270529 seconds or  909.201 MUPD/s or  10.9104 GB/s
STREAM triad of size 269736144 : min/avg/max:    0.293619    0.293892    0.294131 seconds or  918.661 MUPD/s or  11.0239 GB/s
STREAM triad of size 296709760 : min/avg/max:    0.328742    0.329494     0.33868 seconds or   902.56 MUPD/s or  10.8307 GB/s
STREAM triad of size 326380744 : min/avg/max:     0.36036    0.360654    0.360976 seconds or  905.708 MUPD/s or  10.8685 GB/s
STREAM triad of size 359018824 : min/avg/max:    0.393605    0.394104    0.394511 seconds or  912.131 MUPD/s or  10.9456 GB/s
STREAM triad of size 394920712 : min/avg/max:    0.435135    0.435729    0.436175 seconds or  907.582 MUPD/s or   10.891 GB/s
STREAM triad of size 434412784 : min/avg/max:    0.479562     0.47998    0.480495 seconds or  905.853 MUPD/s or  10.8702 GB/s
STREAM triad of size 477854064 : min/avg/max:    0.541364    0.541703    0.542005 seconds or  882.686 MUPD/s or  10.5922 GB/s
STREAM triad of size 525639472 : min/avg/max:    0.573795    0.576085    0.577147 seconds or  916.075 MUPD/s or  10.9929 GB/s
STREAM triad of size 578203424 : min/avg/max:    0.631385    0.631814    0.632336 seconds or  915.771 MUPD/s or  10.9892 GB/s
STREAM triad of size 636023768 : min/avg/max:    0.701325    0.701839    0.702464 seconds or  906.888 MUPD/s or  10.8827 GB/s
STREAM triad of size 699626152 : min/avg/max:    0.765281    0.766028    0.773735 seconds or  914.208 MUPD/s or  10.9705 GB/s
STREAM triad of size 769588768 : min/avg/max:    0.854328    0.854986    0.855938 seconds or  900.812 MUPD/s or  10.8097 GB/s
STREAM triad of size 846547648 : min/avg/max:    0.928259    0.928846    0.929322 seconds or  911.974 MUPD/s or  10.9437 GB/s
STREAM triad of size 931202416 : min/avg/max:     1.01674     1.02488     1.16605 seconds or  915.875 MUPD/s or  10.9905 GB/s
