STREAM triad of size    10000 : min/avg/max: 2.80864e-06 3.57167e-06 3.93624e-06 seconds or  3560.44 MUPD/s or  85.4506 GB/s
STREAM triad of size    11008 : min/avg/max: 2.81972e-06 2.86031e-06 2.92938e-06 seconds or  3903.93 MUPD/s or  93.6944 GB/s
STREAM triad of size    12112 : min/avg/max: 2.82595e-06 2.86143e-06 2.89868e-06 seconds or     4286 MUPD/s or  102.864 GB/s
STREAM triad of size    13328 : min/avg/max: 2.80423e-06 2.83444e-06 2.92656e-06 seconds or  4752.81 MUPD/s or  114.068 GB/s
STREAM triad of size    14664 : min/avg/max: 2.82138e-06 2.83838e-06 2.88572e-06 seconds or  5197.46 MUPD/s or  124.739 GB/s
STREAM triad of size    16136 : min/avg/max: 2.82016e-06 2.83693e-06 2.88705e-06 seconds or  5721.67 MUPD/s or   137.32 GB/s
STREAM triad of size    17752 : min/avg/max:   2.804e-06 2.84617e-06 2.91707e-06 seconds or  6330.95 MUPD/s or  151.943 GB/s
STREAM triad of size    19528 : min/avg/max: 2.80048e-06 2.82703e-06 2.90881e-06 seconds or   6973.1 MUPD/s or  167.354 GB/s
STREAM triad of size    21488 : min/avg/max: 2.80792e-06 2.84847e-06 2.92101e-06 seconds or  7652.64 MUPD/s or  183.663 GB/s
STREAM triad of size    23640 : min/avg/max: 2.82509e-06 2.85532e-06 2.93649e-06 seconds or  8367.88 MUPD/s or  200.829 GB/s
STREAM triad of size    26008 : min/avg/max: 2.81798e-06 2.91378e-06 3.92802e-06 seconds or   9229.3 MUPD/s or  221.503 GB/s
STREAM triad of size    28616 : min/avg/max: 2.82444e-06 2.84734e-06  2.9292e-06 seconds or  10131.6 MUPD/s or  243.158 GB/s
STREAM triad of size    31480 : min/avg/max: 2.81786e-06 2.85332e-06 2.98172e-06 seconds or  11171.6 MUPD/s or  268.118 GB/s
STREAM triad of size    34632 : min/avg/max: 2.82437e-06 2.84854e-06 2.94091e-06 seconds or  12261.8 MUPD/s or  294.284 GB/s
STREAM triad of size    38096 : min/avg/max: 2.84296e-06 3.06812e-06 6.40927e-06 seconds or  13400.1 MUPD/s or  321.603 GB/s
STREAM triad of size    41912 : min/avg/max: 2.82345e-06 2.84824e-06 2.98638e-06 seconds or  14844.2 MUPD/s or  356.262 GB/s
STREAM triad of size    46104 : min/avg/max: 2.84087e-06 2.88117e-06 3.06577e-06 seconds or  16228.9 MUPD/s or  389.492 GB/s
STREAM triad of size    50720 : min/avg/max:  2.8164e-06 2.84873e-06 3.00902e-06 seconds or  18008.8 MUPD/s or  432.211 GB/s
STREAM triad of size    55800 : min/avg/max: 2.81061e-06 2.84339e-06 2.88075e-06 seconds or  19853.4 MUPD/s or  476.481 GB/s
STREAM triad of size    61384 : min/avg/max: 2.79339e-06 2.82276e-06 3.07848e-06 seconds or  21974.7 MUPD/s or  527.394 GB/s
STREAM triad of size    67528 : min/avg/max: 2.79259e-06 2.83944e-06 3.04935e-06 seconds or  24181.1 MUPD/s or  580.347 GB/s
STREAM triad of size    74288 : min/avg/max: 2.81079e-06 2.85768e-06 2.98985e-06 seconds or  26429.5 MUPD/s or  634.309 GB/s
STREAM triad of size    81720 : min/avg/max: 2.82333e-06 2.85864e-06 3.14721e-06 seconds or  28944.5 MUPD/s or  694.668 GB/s
STREAM triad of size    89896 : min/avg/max: 2.90759e-06 2.91911e-06 2.98376e-06 seconds or  30917.7 MUPD/s or  742.025 GB/s
STREAM triad of size    98888 : min/avg/max: 3.01787e-06  3.0397e-06 3.32864e-06 seconds or  32767.5 MUPD/s or   786.42 GB/s
STREAM triad of size   108784 : min/avg/max: 3.13479e-06 3.13987e-06  3.1452e-06 seconds or  34702.2 MUPD/s or  832.853 GB/s
STREAM triad of size   119664 : min/avg/max: 3.26656e-06 3.27611e-06 3.35728e-06 seconds or    36633 MUPD/s or  879.193 GB/s
STREAM triad of size   131632 : min/avg/max:  3.4055e-06 3.41159e-06 3.41664e-06 seconds or  38652.8 MUPD/s or  927.668 GB/s
STREAM triad of size   144800 : min/avg/max: 3.57108e-06 3.59452e-06 3.88338e-06 seconds or  40547.9 MUPD/s or   973.15 GB/s
STREAM triad of size   159288 : min/avg/max: 3.74744e-06 3.75191e-06 3.75699e-06 seconds or  42505.9 MUPD/s or  1020.14 GB/s
STREAM triad of size   175224 : min/avg/max: 9.28753e-06 9.34854e-06 9.39716e-06 seconds or  18866.6 MUPD/s or  452.798 GB/s
STREAM triad of size   192752 : min/avg/max: 1.93113e-05 1.94101e-05 1.94459e-05 seconds or  9981.29 MUPD/s or  239.551 GB/s
STREAM triad of size   212032 : min/avg/max: 2.07431e-05 2.07849e-05 2.08308e-05 seconds or  10221.8 MUPD/s or  245.324 GB/s
STREAM triad of size   233240 : min/avg/max: 2.25237e-05 2.25984e-05 2.26859e-05 seconds or  10355.3 MUPD/s or  248.527 GB/s
STREAM triad of size   256568 : min/avg/max: 2.46471e-05 2.47557e-05 2.48124e-05 seconds or  10409.7 MUPD/s or  249.832 GB/s
STREAM triad of size   282232 : min/avg/max: 2.64814e-05 2.65138e-05   2.655e-05 seconds or  10657.7 MUPD/s or  255.786 GB/s
STREAM triad of size   310456 : min/avg/max: 3.05477e-05 3.05749e-05 3.05998e-05 seconds or    10163 MUPD/s or  243.912 GB/s
STREAM triad of size   341504 : min/avg/max: 3.52486e-05 3.53122e-05 3.53578e-05 seconds or  9688.45 MUPD/s or  232.523 GB/s
STREAM triad of size   375656 : min/avg/max: 3.87285e-05 3.87774e-05 3.88395e-05 seconds or  9699.74 MUPD/s or  232.794 GB/s
STREAM triad of size   413224 : min/avg/max: 4.28897e-05 4.29365e-05 4.29738e-05 seconds or  9634.56 MUPD/s or   231.23 GB/s
STREAM triad of size   454552 : min/avg/max: 4.69285e-05 4.69784e-05 4.70349e-05 seconds or  9686.06 MUPD/s or  232.466 GB/s
STREAM triad of size   500008 : min/avg/max: 5.07033e-05 5.07618e-05 5.08313e-05 seconds or  9861.45 MUPD/s or  236.675 GB/s
STREAM triad of size   550016 : min/avg/max: 5.48196e-05  5.5003e-05   5.514e-05 seconds or  10033.2 MUPD/s or  240.797 GB/s
STREAM triad of size   605024 : min/avg/max: 5.93309e-05 5.94394e-05 5.95875e-05 seconds or  10197.4 MUPD/s or  244.739 GB/s
STREAM triad of size   665528 : min/avg/max: 6.45964e-05 6.46678e-05  6.4892e-05 seconds or  10302.9 MUPD/s or  247.269 GB/s
STREAM triad of size   732088 : min/avg/max:  7.0536e-05  7.0583e-05 7.06529e-05 seconds or  10378.9 MUPD/s or  249.094 GB/s
STREAM triad of size   805304 : min/avg/max: 8.02308e-05 8.03198e-05 8.03736e-05 seconds or  10037.3 MUPD/s or  240.896 GB/s
STREAM triad of size   885840 : min/avg/max: 8.72844e-05 8.73968e-05 8.75465e-05 seconds or  10148.9 MUPD/s or  243.573 GB/s
STREAM triad of size   974432 : min/avg/max: 9.55575e-05 9.56697e-05 9.58163e-05 seconds or  10197.3 MUPD/s or  244.736 GB/s
STREAM triad of size  1071880 : min/avg/max: 0.000104261 0.000104444  0.00010584 seconds or  10280.7 MUPD/s or  246.738 GB/s
STREAM triad of size  1179072 : min/avg/max: 0.000115803 0.000115907 0.000116087 seconds or  10181.7 MUPD/s or  244.362 GB/s
STREAM triad of size  1296984 : min/avg/max: 0.000127057 0.000127172 0.000127256 seconds or  10207.9 MUPD/s or   244.99 GB/s
STREAM triad of size  1426688 : min/avg/max: 0.000138944 0.000139072 0.000139259 seconds or  10268.1 MUPD/s or  246.434 GB/s
STREAM triad of size  1569360 : min/avg/max: 0.000152342 0.000152493 0.000152658 seconds or  10301.6 MUPD/s or  247.237 GB/s
STREAM triad of size  1726304 : min/avg/max: 0.000167243 0.000167483 0.000167654 seconds or  10322.1 MUPD/s or  247.731 GB/s
STREAM triad of size  1898936 : min/avg/max: 0.000182195 0.000182335 0.000182574 seconds or  10422.5 MUPD/s or  250.141 GB/s
STREAM triad of size  2088832 : min/avg/max: 0.000199849 0.000200055 0.000200261 seconds or  10452.1 MUPD/s or  250.849 GB/s
STREAM triad of size  2297720 : min/avg/max: 0.000220708 0.000220889 0.000221114 seconds or  10410.7 MUPD/s or  249.857 GB/s
STREAM triad of size  2527496 : min/avg/max: 0.000241328  0.00024146 0.000241692 seconds or  10473.3 MUPD/s or  251.359 GB/s
STREAM triad of size  2780248 : min/avg/max: 0.000266079 0.000266488 0.000267089 seconds or  10448.9 MUPD/s or  250.775 GB/s
STREAM triad of size  3058280 : min/avg/max: 0.000293405 0.000293715 0.000294287 seconds or  10423.4 MUPD/s or  250.162 GB/s
STREAM triad of size  3364112 : min/avg/max: 0.000322401 0.000322657 0.000323348 seconds or  10434.6 MUPD/s or   250.43 GB/s
STREAM triad of size  3700528 : min/avg/max: 0.000351034 0.000351439 0.000352139 seconds or  10541.8 MUPD/s or  253.003 GB/s
STREAM triad of size  4070584 : min/avg/max: 0.000387084 0.000387511 0.000388673 seconds or    10516 MUPD/s or  252.384 GB/s
STREAM triad of size  4477648 : min/avg/max: 0.000429126 0.000429574 0.000431024 seconds or  10434.3 MUPD/s or  250.424 GB/s
STREAM triad of size  4925416 : min/avg/max: 0.000469727 0.000470215 0.000471389 seconds or  10485.7 MUPD/s or  251.657 GB/s
STREAM triad of size  5417960 : min/avg/max: 0.000515812 0.000516335 0.000517728 seconds or  10503.7 MUPD/s or   252.09 GB/s
STREAM triad of size  5959760 : min/avg/max: 0.000572406 0.000572917 0.000574591 seconds or  10411.8 MUPD/s or  249.883 GB/s
STREAM triad of size  6555744 : min/avg/max: 0.000623847 0.000624245 0.000625978 seconds or  10508.6 MUPD/s or  252.206 GB/s
STREAM triad of size  7211320 : min/avg/max: 0.000688515 0.000689195 0.000691076 seconds or  10473.7 MUPD/s or   251.37 GB/s
STREAM triad of size  7932456 : min/avg/max: 0.000755745  0.00075646 0.000758892 seconds or  10496.2 MUPD/s or  251.909 GB/s
STREAM triad of size  8725704 : min/avg/max: 0.000833682 0.000835089 0.000843608 seconds or  10466.5 MUPD/s or  251.195 GB/s
STREAM triad of size  9598280 : min/avg/max: 0.000916286 0.000917012 0.000920943 seconds or  10475.2 MUPD/s or  251.405 GB/s
STREAM triad of size 10558112 : min/avg/max:  0.00100849  0.00101111  0.00103594 seconds or  10469.2 MUPD/s or  251.261 GB/s
STREAM triad of size 11613928 : min/avg/max:  0.00110693  0.00110824  0.00111216 seconds or    10492 MUPD/s or  251.809 GB/s
STREAM triad of size 12775328 : min/avg/max:  0.00121502  0.00121612   0.0012207 seconds or  10514.5 MUPD/s or  252.347 GB/s
STREAM triad of size 14052864 : min/avg/max:  0.00133807  0.00133894  0.00134399 seconds or  10502.3 MUPD/s or  252.055 GB/s
STREAM triad of size 15458152 : min/avg/max:  0.00146936  0.00147089  0.00147643 seconds or  10520.4 MUPD/s or  252.488 GB/s
STREAM triad of size 17003968 : min/avg/max:  0.00161619  0.00161828  0.00162414 seconds or    10521 MUPD/s or  252.504 GB/s
STREAM triad of size 18704368 : min/avg/max:  0.00178961  0.00179137  0.00179862 seconds or  10451.7 MUPD/s or   250.84 GB/s
STREAM triad of size 20574808 : min/avg/max:   0.0019639  0.00196596  0.00197433 seconds or  10476.5 MUPD/s or  251.437 GB/s
STREAM triad of size 22632296 : min/avg/max:  0.00215427  0.00215636  0.00216436 seconds or  10505.8 MUPD/s or  252.139 GB/s
STREAM triad of size 24895528 : min/avg/max:  0.00237689  0.00237847  0.00238734 seconds or    10474 MUPD/s or  251.376 GB/s
STREAM triad of size 27385088 : min/avg/max:  0.00260279  0.00260803  0.00266244 seconds or  10521.4 MUPD/s or  252.515 GB/s
STREAM triad of size 30123600 : min/avg/max:  0.00287243  0.00287466   0.0028872 seconds or  10487.2 MUPD/s or  251.692 GB/s
STREAM triad of size 33135968 : min/avg/max:  0.00316404  0.00316663  0.00317726 seconds or  10472.7 MUPD/s or  251.344 GB/s
STREAM triad of size 36449568 : min/avg/max:  0.00347809  0.00348147   0.0035012 seconds or  10479.8 MUPD/s or  251.514 GB/s
STREAM triad of size 40094528 : min/avg/max:   0.0038137  0.00381692   0.0038325 seconds or  10513.3 MUPD/s or  252.319 GB/s
STREAM triad of size 44103984 : min/avg/max:  0.00419502  0.00419919  0.00421538 seconds or  10513.4 MUPD/s or  252.322 GB/s
STREAM triad of size 48514384 : min/avg/max:  0.00461914  0.00462322  0.00463999 seconds or  10502.9 MUPD/s or   252.07 GB/s
STREAM triad of size 53365824 : min/avg/max:  0.00509687  0.00510354  0.00513463 seconds or  10470.3 MUPD/s or  251.287 GB/s
STREAM triad of size 58702408 : min/avg/max:  0.00563064  0.00563926  0.00567701 seconds or  10425.5 MUPD/s or  250.213 GB/s
STREAM triad of size 64572656 : min/avg/max:  0.00616225  0.00616807   0.0062001 seconds or  10478.8 MUPD/s or   251.49 GB/s
STREAM triad of size 71029928 : min/avg/max:   0.0067669  0.00677406  0.00681311 seconds or  10496.7 MUPD/s or   251.92 GB/s
STREAM triad of size 78132928 : min/avg/max:  0.00743901  0.00744884  0.00748263 seconds or  10503.1 MUPD/s or  252.075 GB/s
STREAM triad of size 85946224 : min/avg/max:  0.00820041  0.00820785  0.00824238 seconds or  10480.7 MUPD/s or  251.537 GB/s
STREAM triad of size 94540848 : min/avg/max:  0.00899569  0.00900388  0.00903648 seconds or  10509.6 MUPD/s or   252.23 GB/s
STREAM triad of size 103994936 : min/avg/max:  0.00990203  0.00991179  0.00994458 seconds or  10502.4 MUPD/s or  252.057 GB/s
STREAM triad of size 114394432 : min/avg/max:   0.0109018   0.0109108   0.0109433 seconds or  10493.2 MUPD/s or  251.837 GB/s
STREAM triad of size 125833880 : min/avg/max:   0.0119653   0.0119779   0.0120016 seconds or  10516.6 MUPD/s or  252.397 GB/s
STREAM triad of size 138417272 : min/avg/max:   0.0132078   0.0132176   0.0132534 seconds or    10480 MUPD/s or  251.519 GB/s
STREAM triad of size 152259000 : min/avg/max:   0.0144891   0.0144976   0.0145325 seconds or  10508.5 MUPD/s or  252.204 GB/s
STREAM triad of size 167484904 : min/avg/max:   0.0159028   0.0159157   0.0159463 seconds or  10531.8 MUPD/s or  252.763 GB/s
STREAM triad of size 184233400 : min/avg/max:   0.0175271   0.0175362   0.0175677 seconds or  10511.4 MUPD/s or  252.273 GB/s
STREAM triad of size 202656744 : min/avg/max:   0.0193572   0.0193706   0.0194467 seconds or  10469.3 MUPD/s or  251.263 GB/s
STREAM triad of size 222922424 : min/avg/max:   0.0212002   0.0212121   0.0212413 seconds or  10515.1 MUPD/s or  252.362 GB/s
STREAM triad of size 245214672 : min/avg/max:   0.0233718   0.0233952   0.0234289 seconds or  10491.9 MUPD/s or  251.805 GB/s
STREAM triad of size 269736144 : min/avg/max:    0.024738   0.0252799   0.0256869 seconds or  10903.7 MUPD/s or   261.69 GB/s
STREAM triad of size 296709760 : min/avg/max:   0.0271076   0.0276331   0.0282536 seconds or  10945.6 MUPD/s or  262.695 GB/s
STREAM triad of size 326380744 : min/avg/max:   0.0298562   0.0305932   0.0311402 seconds or  10931.8 MUPD/s or  262.362 GB/s
STREAM triad of size 359018824 : min/avg/max:   0.0328054   0.0336613   0.0342198 seconds or  10943.9 MUPD/s or  262.654 GB/s
STREAM triad of size 394920712 : min/avg/max:   0.0360469   0.0369271   0.0375689 seconds or  10955.7 MUPD/s or  262.938 GB/s
STREAM triad of size 434412784 : min/avg/max:   0.0397106   0.0408846   0.0414196 seconds or  10939.5 MUPD/s or  262.547 GB/s
STREAM triad of size 477854064 : min/avg/max:   0.0436966   0.0449308   0.0455092 seconds or  10935.7 MUPD/s or  262.457 GB/s
STREAM triad of size 525639472 : min/avg/max:   0.0480012    0.049396    0.050069 seconds or  10950.5 MUPD/s or  262.813 GB/s
STREAM triad of size 578203424 : min/avg/max:   0.0528094   0.0545349   0.0550977 seconds or  10948.9 MUPD/s or  262.773 GB/s
STREAM triad of size 636023768 : min/avg/max:   0.0580907     0.06003     0.06057 seconds or  10948.8 MUPD/s or  262.771 GB/s
Error in computation, got 0 instead of 526
STREAM triad of size 699626152 : min/avg/max:    2.87e-07  8.1375e-07  1.0493e-05 seconds or 2.43772e+09 MUPD/s or 5.85053e+07 GB/s
Error in computation, got 0 instead of 526
STREAM triad of size 769588768 : min/avg/max:    2.96e-07  8.3855e-07  1.0825e-05 seconds or 2.59996e+09 MUPD/s or 6.23991e+07 GB/s
Error in computation, got 0 instead of 526
STREAM triad of size 846547648 : min/avg/max:    2.88e-07   8.202e-07  1.0576e-05 seconds or 2.9394e+09 MUPD/s or 7.05456e+07 GB/s
Error in computation, got 0 instead of 526
STREAM triad of size 931202416 : min/avg/max:    2.96e-07   7.802e-07   9.688e-06 seconds or 3.14595e+09 MUPD/s or 7.55029e+07 GB/s
