STREAM triad of size    10000 : min/avg/max: 2.76057e-06 2.78984e-06 2.88248e-06 seconds or  3622.44 MUPD/s or  43.4693 GB/s
STREAM triad of size    11008 : min/avg/max: 2.73425e-06 2.76296e-06 2.83652e-06 seconds or  4025.97 MUPD/s or  48.3116 GB/s
STREAM triad of size    12112 : min/avg/max: 2.76714e-06  2.8011e-06 2.85681e-06 seconds or  4377.08 MUPD/s or   52.525 GB/s
STREAM triad of size    13328 : min/avg/max: 2.77336e-06 2.80463e-06 2.87593e-06 seconds or  4805.73 MUPD/s or  57.6687 GB/s
STREAM triad of size    14664 : min/avg/max: 2.77219e-06 2.79185e-06 2.84003e-06 seconds or  5289.69 MUPD/s or  63.4762 GB/s
STREAM triad of size    16136 : min/avg/max: 2.74278e-06 2.78236e-06 2.83708e-06 seconds or  5883.08 MUPD/s or   70.597 GB/s
STREAM triad of size    17752 : min/avg/max: 2.78231e-06 2.79585e-06  2.8525e-06 seconds or   6380.3 MUPD/s or  76.5637 GB/s
STREAM triad of size    19528 : min/avg/max: 2.76599e-06 2.79113e-06 2.87701e-06 seconds or  7060.03 MUPD/s or  84.7204 GB/s
STREAM triad of size    21488 : min/avg/max:  2.7854e-06   2.807e-06 2.87032e-06 seconds or  7714.51 MUPD/s or  92.5741 GB/s
STREAM triad of size    23640 : min/avg/max: 2.76454e-06 2.78799e-06 2.88366e-06 seconds or  8551.16 MUPD/s or  102.614 GB/s
STREAM triad of size    26008 : min/avg/max: 2.76425e-06 2.79582e-06 2.88225e-06 seconds or  9408.72 MUPD/s or  112.905 GB/s
STREAM triad of size    28616 : min/avg/max:  2.7782e-06 2.86548e-06 4.13117e-06 seconds or  10300.2 MUPD/s or  123.602 GB/s
STREAM triad of size    31480 : min/avg/max: 2.76735e-06 2.79793e-06 2.89608e-06 seconds or  11375.5 MUPD/s or  136.506 GB/s
STREAM triad of size    34632 : min/avg/max: 2.74747e-06 2.78651e-06 2.90412e-06 seconds or  12605.1 MUPD/s or  151.261 GB/s
STREAM triad of size    38096 : min/avg/max: 2.76673e-06 2.79337e-06 2.90366e-06 seconds or  13769.3 MUPD/s or  165.232 GB/s
STREAM triad of size    41912 : min/avg/max: 2.80108e-06 3.10555e-06 8.18793e-06 seconds or  14962.8 MUPD/s or  179.553 GB/s
STREAM triad of size    46104 : min/avg/max: 2.76867e-06 2.78877e-06 2.93218e-06 seconds or    16652 MUPD/s or  199.824 GB/s
STREAM triad of size    50720 : min/avg/max:  2.7544e-06 2.80701e-06 3.00349e-06 seconds or  18414.2 MUPD/s or   220.97 GB/s
STREAM triad of size    55800 : min/avg/max: 2.76934e-06 2.80138e-06 2.99848e-06 seconds or  20149.2 MUPD/s or  241.791 GB/s
STREAM triad of size    61384 : min/avg/max: 2.78007e-06 2.79442e-06 2.81406e-06 seconds or    22080 MUPD/s or   264.96 GB/s
STREAM triad of size    67528 : min/avg/max: 2.77316e-06 2.80025e-06 3.03213e-06 seconds or  24350.6 MUPD/s or  292.207 GB/s
STREAM triad of size    74288 : min/avg/max: 2.77056e-06  2.7992e-06 3.04238e-06 seconds or  26813.3 MUPD/s or   321.76 GB/s
STREAM triad of size    81720 : min/avg/max: 2.76984e-06 2.79399e-06 2.81209e-06 seconds or  29503.5 MUPD/s or  354.042 GB/s
STREAM triad of size    89896 : min/avg/max: 2.87752e-06 2.89723e-06 3.15153e-06 seconds or  31240.8 MUPD/s or  374.889 GB/s
STREAM triad of size    98888 : min/avg/max: 2.96022e-06  2.9648e-06 2.96805e-06 seconds or  33405.6 MUPD/s or  400.868 GB/s
STREAM triad of size   108784 : min/avg/max: 3.01809e-06 3.02989e-06 3.15235e-06 seconds or    36044 MUPD/s or  432.528 GB/s
STREAM triad of size   119664 : min/avg/max: 3.07764e-06 3.08371e-06  3.0921e-06 seconds or  38881.7 MUPD/s or  466.581 GB/s
STREAM triad of size   131632 : min/avg/max: 3.42224e-06  3.4378e-06 3.62713e-06 seconds or  38463.7 MUPD/s or  461.565 GB/s
STREAM triad of size   144800 : min/avg/max: 3.53693e-06 3.54164e-06 3.54961e-06 seconds or  40939.4 MUPD/s or  491.273 GB/s
STREAM triad of size   159288 : min/avg/max: 3.66504e-06 3.66965e-06 3.67671e-06 seconds or  43461.4 MUPD/s or  521.537 GB/s
STREAM triad of size   175224 : min/avg/max: 3.98492e-06 3.98952e-06 3.99754e-06 seconds or  43971.8 MUPD/s or  527.661 GB/s
STREAM triad of size   192752 : min/avg/max: 4.13584e-06 4.14294e-06 4.15045e-06 seconds or  46605.3 MUPD/s or  559.263 GB/s
STREAM triad of size   212032 : min/avg/max: 4.55826e-06 4.56401e-06 4.57176e-06 seconds or    46516 MUPD/s or  558.192 GB/s
STREAM triad of size   233240 : min/avg/max: 4.71855e-06 4.72307e-06 4.73989e-06 seconds or  49430.5 MUPD/s or  593.166 GB/s
STREAM triad of size   256568 : min/avg/max: 5.08458e-06 5.08996e-06 5.10192e-06 seconds or  50460.1 MUPD/s or  605.521 GB/s
STREAM triad of size   282232 : min/avg/max: 5.23781e-06 5.24498e-06 5.25723e-06 seconds or  53883.6 MUPD/s or  646.603 GB/s
STREAM triad of size   310456 : min/avg/max: 5.67582e-06  5.7291e-06   6.623e-06 seconds or    54698 MUPD/s or  656.376 GB/s
STREAM triad of size   341504 : min/avg/max: 7.40484e-06 7.41459e-06 7.43515e-06 seconds or    46119 MUPD/s or  553.428 GB/s
STREAM triad of size   375656 : min/avg/max: 1.52636e-05 1.54068e-05 1.55622e-05 seconds or  24611.2 MUPD/s or  295.334 GB/s
STREAM triad of size   413224 : min/avg/max: 2.03952e-05 2.04477e-05 2.04988e-05 seconds or  20260.9 MUPD/s or   243.13 GB/s
STREAM triad of size   454552 : min/avg/max: 2.26673e-05 2.26888e-05 2.27362e-05 seconds or  20053.2 MUPD/s or  240.638 GB/s
STREAM triad of size   500008 : min/avg/max: 2.48599e-05 2.49592e-05 2.63864e-05 seconds or  20113.1 MUPD/s or  241.357 GB/s
STREAM triad of size   550016 : min/avg/max: 2.75132e-05 2.75248e-05 2.75436e-05 seconds or    19991 MUPD/s or  239.891 GB/s
STREAM triad of size   605024 : min/avg/max: 3.03241e-05 3.03389e-05 3.03672e-05 seconds or  19951.9 MUPD/s or  239.423 GB/s
STREAM triad of size   665528 : min/avg/max: 3.32144e-05 3.32341e-05  3.3253e-05 seconds or  20037.3 MUPD/s or  240.448 GB/s
STREAM triad of size   732088 : min/avg/max: 3.62937e-05  3.6309e-05 3.63537e-05 seconds or  20171.2 MUPD/s or  242.055 GB/s
STREAM triad of size   805304 : min/avg/max: 3.95005e-05  3.9561e-05 3.96224e-05 seconds or  20387.2 MUPD/s or  244.646 GB/s
STREAM triad of size   885840 : min/avg/max:  4.3412e-05 4.35989e-05 4.63693e-05 seconds or  20405.4 MUPD/s or  244.865 GB/s
STREAM triad of size   974432 : min/avg/max: 4.76942e-05 4.77221e-05 4.78048e-05 seconds or  20430.8 MUPD/s or   245.17 GB/s
STREAM triad of size  1071880 : min/avg/max:  5.2314e-05  5.2342e-05 5.24031e-05 seconds or  20489.3 MUPD/s or  245.872 GB/s
STREAM triad of size  1179072 : min/avg/max: 5.73623e-05 5.73888e-05 5.74203e-05 seconds or  20554.8 MUPD/s or  246.658 GB/s
STREAM triad of size  1296984 : min/avg/max: 6.26876e-05   6.271e-05 6.27773e-05 seconds or  20689.6 MUPD/s or  248.276 GB/s
STREAM triad of size  1426688 : min/avg/max: 6.88068e-05 6.88317e-05 6.88973e-05 seconds or  20734.7 MUPD/s or  248.816 GB/s
STREAM triad of size  1569360 : min/avg/max: 7.56313e-05 7.56833e-05  7.5778e-05 seconds or  20750.2 MUPD/s or  249.002 GB/s
STREAM triad of size  1726304 : min/avg/max: 8.31629e-05 8.31897e-05  8.3286e-05 seconds or  20758.1 MUPD/s or  249.097 GB/s
STREAM triad of size  1898936 : min/avg/max: 9.13491e-05 9.13955e-05 9.14796e-05 seconds or  20787.7 MUPD/s or  249.452 GB/s
STREAM triad of size  2088832 : min/avg/max: 0.000100233 0.000100275 0.000100355 seconds or  20839.9 MUPD/s or  250.078 GB/s
STREAM triad of size  2297720 : min/avg/max: 0.000109555 0.000109593 0.000109735 seconds or  20973.2 MUPD/s or  251.679 GB/s
STREAM triad of size  2527496 : min/avg/max:  0.00012023  0.00012026 0.000120358 seconds or  21022.2 MUPD/s or  252.266 GB/s
STREAM triad of size  2780248 : min/avg/max: 0.000132099 0.000132146 0.000132279 seconds or  21046.7 MUPD/s or   252.56 GB/s
STREAM triad of size  3058280 : min/avg/max: 0.000145101 0.000145183  0.00014536 seconds or  21076.9 MUPD/s or  252.923 GB/s
STREAM triad of size  3364112 : min/avg/max:  0.00015946 0.000159527 0.000159762 seconds or  21096.9 MUPD/s or  253.162 GB/s
STREAM triad of size  3700528 : min/avg/max: 0.000175138 0.000175211 0.000175424 seconds or  21129.3 MUPD/s or  253.551 GB/s
STREAM triad of size  4070584 : min/avg/max: 0.000192455 0.000192544 0.000192831 seconds or  21150.8 MUPD/s or   253.81 GB/s
STREAM triad of size  4477648 : min/avg/max: 0.000211761 0.000211856 0.000212243 seconds or  21144.9 MUPD/s or  253.738 GB/s
STREAM triad of size  4925416 : min/avg/max: 0.000232531 0.000232634 0.000233123 seconds or  21181.7 MUPD/s or  254.181 GB/s
STREAM triad of size  5417960 : min/avg/max: 0.000255474 0.000255573 0.000256358 seconds or  21207.5 MUPD/s or  254.489 GB/s
STREAM triad of size  5959760 : min/avg/max: 0.000280627 0.000280768 0.000281787 seconds or  21237.3 MUPD/s or  254.847 GB/s
STREAM triad of size  6555744 : min/avg/max: 0.000308512 0.000308667  0.00030987 seconds or  21249.5 MUPD/s or  254.994 GB/s
STREAM triad of size  7211320 : min/avg/max: 0.000338734 0.000339978 0.000361796 seconds or    21289 MUPD/s or  255.468 GB/s
STREAM triad of size  7932456 : min/avg/max: 0.000373236 0.000373483 0.000376194 seconds or  21253.2 MUPD/s or  255.038 GB/s
STREAM triad of size  8725704 : min/avg/max: 0.000410063 0.000410353 0.000413559 seconds or  21278.9 MUPD/s or  255.347 GB/s
STREAM triad of size  9598280 : min/avg/max: 0.000451069 0.000451405 0.000454732 seconds or    21279 MUPD/s or  255.347 GB/s
STREAM triad of size 10558112 : min/avg/max: 0.000496076 0.000496407 0.000499689 seconds or  21283.3 MUPD/s or  255.399 GB/s
STREAM triad of size 11613928 : min/avg/max: 0.000546224 0.000546539 0.000550549 seconds or  21262.2 MUPD/s or  255.147 GB/s
STREAM triad of size 12775328 : min/avg/max: 0.000599752 0.000600202 0.000605219 seconds or    21301 MUPD/s or  255.612 GB/s
STREAM triad of size 14052864 : min/avg/max: 0.000658991  0.00065941 0.000663437 seconds or  21324.8 MUPD/s or  255.898 GB/s
STREAM triad of size 15458152 : min/avg/max:   0.0007255 0.000726121 0.000732139 seconds or  21306.9 MUPD/s or  255.683 GB/s
STREAM triad of size 17003968 : min/avg/max: 0.000796919 0.000797561 0.000803846 seconds or  21337.1 MUPD/s or  256.045 GB/s
STREAM triad of size 18704368 : min/avg/max: 0.000877395  0.00087808 0.000885195 seconds or  21318.1 MUPD/s or  255.817 GB/s
STREAM triad of size 20574808 : min/avg/max: 0.000965278 0.000965971 0.000974883 seconds or  21314.9 MUPD/s or  255.779 GB/s
STREAM triad of size 22632296 : min/avg/max:  0.00106086  0.00106155  0.00106877 seconds or  21333.9 MUPD/s or  256.006 GB/s
STREAM triad of size 24895528 : min/avg/max:  0.00116688  0.00116773  0.00117648 seconds or  21335.1 MUPD/s or  256.021 GB/s
STREAM triad of size 27385088 : min/avg/max:  0.00128251  0.00128357   0.0012946 seconds or  21352.7 MUPD/s or  256.232 GB/s
STREAM triad of size 30123600 : min/avg/max:  0.00141293  0.00141425  0.00142615 seconds or  21319.9 MUPD/s or  255.839 GB/s
STREAM triad of size 33135968 : min/avg/max:  0.00155285  0.00155386  0.00156611 seconds or  21338.8 MUPD/s or  256.066 GB/s
STREAM triad of size 36449568 : min/avg/max:  0.00170779  0.00171011  0.00172734 seconds or  21343.1 MUPD/s or  256.117 GB/s
STREAM triad of size 40094528 : min/avg/max:  0.00187956  0.00188103  0.00189823 seconds or  21331.9 MUPD/s or  255.983 GB/s
STREAM triad of size 44103984 : min/avg/max:  0.00206482  0.00206735  0.00208484 seconds or  21359.8 MUPD/s or  256.317 GB/s
STREAM triad of size 48514384 : min/avg/max:  0.00227124   0.0022728  0.00229051 seconds or  21360.3 MUPD/s or  256.324 GB/s
STREAM triad of size 53365824 : min/avg/max:  0.00250079   0.0025031  0.00253676 seconds or  21339.6 MUPD/s or  256.075 GB/s
STREAM triad of size 58702408 : min/avg/max:   0.0027513  0.00275438  0.00279121 seconds or  21336.3 MUPD/s or  256.035 GB/s
STREAM triad of size 64572656 : min/avg/max:  0.00302492  0.00302742  0.00306306 seconds or  21346.9 MUPD/s or  256.163 GB/s
STREAM triad of size 71029928 : min/avg/max:  0.00333601  0.00333866  0.00337464 seconds or  21291.9 MUPD/s or  255.503 GB/s
STREAM triad of size 78132928 : min/avg/max:  0.00367309  0.00367617  0.00371171 seconds or  21271.7 MUPD/s or   255.26 GB/s
STREAM triad of size 85946224 : min/avg/max:  0.00402085  0.00403133  0.00417299 seconds or  21375.1 MUPD/s or  256.501 GB/s
STREAM triad of size 94540848 : min/avg/max:  0.00442459  0.00442803   0.0044646 seconds or  21367.1 MUPD/s or  256.405 GB/s
STREAM triad of size 103994936 : min/avg/max:  0.00486569  0.00486859  0.00490408 seconds or  21373.1 MUPD/s or  256.477 GB/s
STREAM triad of size 114394432 : min/avg/max:  0.00535025  0.00535328  0.00538926 seconds or  21381.1 MUPD/s or  256.574 GB/s
STREAM triad of size 125833880 : min/avg/max:  0.00588615  0.00588915  0.00592512 seconds or    21378 MUPD/s or  256.536 GB/s
STREAM triad of size 138417272 : min/avg/max:  0.00647162  0.00647507  0.00650974 seconds or  21388.3 MUPD/s or   256.66 GB/s
STREAM triad of size 152259000 : min/avg/max:  0.00712256  0.00712553  0.00716052 seconds or    21377 MUPD/s or  256.524 GB/s
STREAM triad of size 167484904 : min/avg/max:  0.00784595  0.00784918  0.00788663 seconds or  21346.7 MUPD/s or   256.16 GB/s
STREAM triad of size 184233400 : min/avg/max:   0.0086117   0.0086154  0.00865078 seconds or  21393.4 MUPD/s or  256.721 GB/s
STREAM triad of size 202656744 : min/avg/max:  0.00946861  0.00947203  0.00950865 seconds or    21403 MUPD/s or  256.836 GB/s
STREAM triad of size 222922424 : min/avg/max:    0.010417   0.0104205   0.0104556 seconds or  21399.8 MUPD/s or  256.798 GB/s
STREAM triad of size 245214672 : min/avg/max:   0.0114678    0.011472   0.0115079 seconds or  21382.8 MUPD/s or  256.594 GB/s
STREAM triad of size 269736144 : min/avg/max:    0.012603   0.0126072   0.0126505 seconds or  21402.5 MUPD/s or   256.83 GB/s
STREAM triad of size 296709760 : min/avg/max:    0.013865   0.0138696   0.0139064 seconds or    21400 MUPD/s or    256.8 GB/s
STREAM triad of size 326380744 : min/avg/max:   0.0152471   0.0152511   0.0152846 seconds or  21406.1 MUPD/s or  256.873 GB/s
STREAM triad of size 359018824 : min/avg/max:   0.0167784   0.0167826   0.0168174 seconds or  21397.6 MUPD/s or  256.772 GB/s
STREAM triad of size 394920712 : min/avg/max:   0.0183099   0.0183774   0.0184636 seconds or  21568.7 MUPD/s or  258.824 GB/s
STREAM triad of size 434412784 : min/avg/max:    0.019839   0.0200611   0.0203171 seconds or  21896.9 MUPD/s or  262.763 GB/s
STREAM triad of size 477854064 : min/avg/max:   0.0217958   0.0220785   0.0223573 seconds or  21924.1 MUPD/s or   263.09 GB/s
STREAM triad of size 525639472 : min/avg/max:    0.024332   0.0244909   0.0245784 seconds or  21602.8 MUPD/s or  259.233 GB/s
STREAM triad of size 578203424 : min/avg/max:   0.0268173    0.026946   0.0270303 seconds or  21560.8 MUPD/s or   258.73 GB/s
STREAM triad of size 636023768 : min/avg/max:   0.0290689    0.029487   0.0297478 seconds or  21879.9 MUPD/s or  262.559 GB/s
STREAM triad of size 699626152 : min/avg/max:   0.0321669   0.0325374   0.0327418 seconds or  21749.9 MUPD/s or  260.999 GB/s
STREAM triad of size 769588768 : min/avg/max:   0.0351205   0.0357015   0.0359696 seconds or  21912.8 MUPD/s or  262.954 GB/s
STREAM triad of size 846547648 : min/avg/max:   0.0392614   0.0394749   0.0395546 seconds or  21561.8 MUPD/s or  258.742 GB/s
STREAM triad of size 931202416 : min/avg/max:   0.0431658   0.0434433   0.0436657 seconds or  21572.7 MUPD/s or  258.873 GB/s
