STREAM triad of size    10000 : min/avg/max: 2.84546e-06 2.89117e-06 3.00394e-06 seconds or  3514.37 MUPD/s or  42.1725 GB/s
STREAM triad of size    11008 : min/avg/max: 2.85055e-06 2.87314e-06 2.91822e-06 seconds or  3861.72 MUPD/s or  46.3406 GB/s
STREAM triad of size    12112 : min/avg/max:  2.8805e-06 2.90843e-06 2.94304e-06 seconds or  4204.82 MUPD/s or  50.4578 GB/s
STREAM triad of size    13328 : min/avg/max: 2.86773e-06 2.89639e-06 2.95782e-06 seconds or  4647.58 MUPD/s or  55.7709 GB/s
STREAM triad of size    14664 : min/avg/max: 2.85692e-06 2.87835e-06 2.92354e-06 seconds or   5132.8 MUPD/s or  61.5936 GB/s
STREAM triad of size    16136 : min/avg/max:  2.8481e-06 2.86612e-06 2.94713e-06 seconds or  5665.53 MUPD/s or  67.9864 GB/s
STREAM triad of size    17752 : min/avg/max: 2.84874e-06 2.87168e-06 2.94633e-06 seconds or  6231.53 MUPD/s or  74.7783 GB/s
STREAM triad of size    19528 : min/avg/max: 2.86057e-06 2.87919e-06 2.93366e-06 seconds or   6826.6 MUPD/s or  81.9192 GB/s
STREAM triad of size    21488 : min/avg/max: 2.87155e-06 2.91285e-06 2.98684e-06 seconds or  7483.08 MUPD/s or  89.7969 GB/s
STREAM triad of size    23640 : min/avg/max: 2.87598e-06 2.90068e-06 2.98094e-06 seconds or   8219.8 MUPD/s or  98.6377 GB/s
STREAM triad of size    26008 : min/avg/max: 2.87517e-06 2.89652e-06 2.97772e-06 seconds or  9045.72 MUPD/s or  108.549 GB/s
STREAM triad of size    28616 : min/avg/max: 2.87083e-06 2.91412e-06 3.00878e-06 seconds or  9967.85 MUPD/s or  119.614 GB/s
STREAM triad of size    31480 : min/avg/max: 2.86407e-06 2.89484e-06 3.00651e-06 seconds or  10991.3 MUPD/s or  131.896 GB/s
STREAM triad of size    34632 : min/avg/max: 2.86069e-06 2.89704e-06 3.02671e-06 seconds or  12106.2 MUPD/s or  145.274 GB/s
STREAM triad of size    38096 : min/avg/max: 2.87557e-06 2.99908e-06  4.7672e-06 seconds or  13248.1 MUPD/s or  158.978 GB/s
STREAM triad of size    41912 : min/avg/max: 2.97005e-06   2.982e-06 3.09364e-06 seconds or  14111.6 MUPD/s or  169.339 GB/s
STREAM triad of size    46104 : min/avg/max: 3.10137e-06 3.10855e-06 3.16972e-06 seconds or  14865.7 MUPD/s or  178.388 GB/s
STREAM triad of size    50720 : min/avg/max: 3.19973e-06 3.20377e-06 3.20903e-06 seconds or  15851.3 MUPD/s or  190.216 GB/s
STREAM triad of size    55800 : min/avg/max: 3.30906e-06 3.31624e-06 3.32398e-06 seconds or  16862.8 MUPD/s or  202.354 GB/s
STREAM triad of size    61384 : min/avg/max: 3.45657e-06 3.45915e-06 3.46372e-06 seconds or  17758.7 MUPD/s or  213.104 GB/s
STREAM triad of size    67528 : min/avg/max: 3.78571e-06 4.19866e-06  1.1547e-05 seconds or  17837.6 MUPD/s or  214.051 GB/s
STREAM triad of size    74288 : min/avg/max: 3.94528e-06 3.94836e-06 3.95092e-06 seconds or  18829.6 MUPD/s or  225.955 GB/s
STREAM triad of size    81720 : min/avg/max: 4.11313e-06 4.11651e-06 4.12184e-06 seconds or  19868.1 MUPD/s or  238.417 GB/s
STREAM triad of size    89896 : min/avg/max: 4.46751e-06 4.47087e-06 4.47392e-06 seconds or  20122.2 MUPD/s or  241.466 GB/s
STREAM triad of size    98888 : min/avg/max: 4.65404e-06  4.6579e-06 4.66202e-06 seconds or  21247.8 MUPD/s or  254.973 GB/s
STREAM triad of size   108784 : min/avg/max: 5.09788e-06 5.10184e-06 5.10637e-06 seconds or  21339.1 MUPD/s or  256.069 GB/s
STREAM triad of size   119664 : min/avg/max: 5.31025e-06 5.31358e-06 5.31747e-06 seconds or  22534.5 MUPD/s or  270.414 GB/s
STREAM triad of size   131632 : min/avg/max: 5.78614e-06 5.78927e-06 5.79765e-06 seconds or  22749.6 MUPD/s or  272.995 GB/s
STREAM triad of size   144800 : min/avg/max:  6.2577e-06 6.26124e-06 6.26746e-06 seconds or  23139.5 MUPD/s or  277.674 GB/s
STREAM triad of size   159288 : min/avg/max: 6.61126e-06 6.61443e-06 6.62461e-06 seconds or  24093.5 MUPD/s or  289.121 GB/s
STREAM triad of size   175224 : min/avg/max: 7.11534e-06  7.1234e-06 7.13117e-06 seconds or  24626.2 MUPD/s or  295.515 GB/s
STREAM triad of size   192752 : min/avg/max: 7.74326e-06 7.74692e-06 7.75373e-06 seconds or  24892.9 MUPD/s or  298.715 GB/s
STREAM triad of size   212032 : min/avg/max: 8.37186e-06 8.37731e-06 8.39004e-06 seconds or  25326.7 MUPD/s or  303.921 GB/s
STREAM triad of size   233240 : min/avg/max:  9.0383e-06 9.04409e-06 9.05736e-06 seconds or  25805.7 MUPD/s or  309.669 GB/s
STREAM triad of size   256568 : min/avg/max: 9.72775e-06 9.75095e-06 1.00472e-05 seconds or  26374.9 MUPD/s or  316.498 GB/s
STREAM triad of size   282232 : min/avg/max: 1.05283e-05 1.05326e-05 1.05406e-05 seconds or    26807 MUPD/s or  321.684 GB/s
STREAM triad of size   310456 : min/avg/max: 1.15008e-05 1.15046e-05 1.15199e-05 seconds or  26994.4 MUPD/s or  323.933 GB/s
STREAM triad of size   341504 : min/avg/max: 1.47634e-05 1.47859e-05  1.4801e-05 seconds or  23131.9 MUPD/s or  277.582 GB/s
STREAM triad of size   375656 : min/avg/max:  1.9066e-05 1.91219e-05 1.98426e-05 seconds or  19702.9 MUPD/s or  236.435 GB/s
STREAM triad of size   413224 : min/avg/max: 2.21628e-05 2.21848e-05 2.22103e-05 seconds or    18645 MUPD/s or   223.74 GB/s
STREAM triad of size   454552 : min/avg/max:  2.4908e-05 2.49195e-05 2.49326e-05 seconds or  18249.2 MUPD/s or  218.991 GB/s
STREAM triad of size   500008 : min/avg/max: 2.71254e-05 2.72074e-05 2.84433e-05 seconds or  18433.2 MUPD/s or  221.198 GB/s
STREAM triad of size   550016 : min/avg/max: 2.92795e-05 2.93066e-05 2.94224e-05 seconds or    18785 MUPD/s or   225.42 GB/s
STREAM triad of size   605024 : min/avg/max: 3.22702e-05 3.23011e-05 3.23266e-05 seconds or  18748.7 MUPD/s or  224.984 GB/s
STREAM triad of size   665528 : min/avg/max: 3.50121e-05 3.50407e-05   3.509e-05 seconds or  19008.5 MUPD/s or  228.102 GB/s
STREAM triad of size   732088 : min/avg/max: 3.83621e-05 3.83918e-05 3.84503e-05 seconds or  19083.6 MUPD/s or  229.004 GB/s
STREAM triad of size   805304 : min/avg/max: 4.18879e-05 4.19216e-05 4.19507e-05 seconds or  19225.2 MUPD/s or  230.703 GB/s
STREAM triad of size   885840 : min/avg/max: 4.59339e-05 4.59954e-05 4.65383e-05 seconds or  19285.1 MUPD/s or  231.421 GB/s
STREAM triad of size   974432 : min/avg/max: 5.02969e-05 5.03239e-05 5.03605e-05 seconds or  19373.6 MUPD/s or  232.483 GB/s
STREAM triad of size  1071880 : min/avg/max: 5.53051e-05 5.53518e-05  5.5422e-05 seconds or  19381.2 MUPD/s or  232.575 GB/s
STREAM triad of size  1179072 : min/avg/max: 6.03911e-05 6.04308e-05 6.04902e-05 seconds or  19523.9 MUPD/s or  234.287 GB/s
STREAM triad of size  1296984 : min/avg/max: 6.61948e-05 6.62459e-05 6.63394e-05 seconds or  19593.5 MUPD/s or  235.121 GB/s
STREAM triad of size  1426688 : min/avg/max: 7.24605e-05 7.25256e-05 7.26414e-05 seconds or  19689.2 MUPD/s or   236.27 GB/s
STREAM triad of size  1569360 : min/avg/max: 7.95647e-05 7.96616e-05 7.97423e-05 seconds or  19724.3 MUPD/s or  236.692 GB/s
STREAM triad of size  1726304 : min/avg/max: 8.75382e-05 8.75837e-05 8.76897e-05 seconds or  19720.6 MUPD/s or  236.647 GB/s
STREAM triad of size  1898936 : min/avg/max: 9.61937e-05 9.62654e-05 9.63854e-05 seconds or  19740.8 MUPD/s or  236.889 GB/s
STREAM triad of size  2088832 : min/avg/max: 0.000105601 0.000105677 0.000106121 seconds or  19780.4 MUPD/s or  237.365 GB/s
STREAM triad of size  2297720 : min/avg/max: 0.000115143 0.000115213  0.00011531 seconds or  19955.4 MUPD/s or  239.465 GB/s
STREAM triad of size  2527496 : min/avg/max: 0.000126475 0.000126583 0.000126796 seconds or  19984.2 MUPD/s or  239.811 GB/s
STREAM triad of size  2780248 : min/avg/max: 0.000138152 0.000138232 0.000138488 seconds or  20124.5 MUPD/s or  241.494 GB/s
STREAM triad of size  3058280 : min/avg/max: 0.000151719 0.000151845   0.0001521 seconds or  20157.6 MUPD/s or  241.891 GB/s
STREAM triad of size  3364112 : min/avg/max: 0.000166518 0.000166632 0.000166964 seconds or  20202.8 MUPD/s or  242.433 GB/s
STREAM triad of size  3700528 : min/avg/max: 0.000182926 0.000183078 0.000183489 seconds or  20229.7 MUPD/s or  242.756 GB/s
STREAM triad of size  4070584 : min/avg/max: 0.000200999 0.000201749 0.000212875 seconds or  20251.7 MUPD/s or  243.021 GB/s
STREAM triad of size  4477648 : min/avg/max: 0.000221925 0.000222088 0.000222589 seconds or  20176.4 MUPD/s or  242.117 GB/s
STREAM triad of size  4925416 : min/avg/max: 0.000243131  0.00024334 0.000244322 seconds or  20258.2 MUPD/s or  243.099 GB/s
STREAM triad of size  5417960 : min/avg/max: 0.000268049 0.000268354 0.000269495 seconds or  20212.6 MUPD/s or  242.551 GB/s
STREAM triad of size  5959760 : min/avg/max: 0.000294369 0.000294692 0.000295988 seconds or  20245.9 MUPD/s or   242.95 GB/s
STREAM triad of size  6555744 : min/avg/max: 0.000323238 0.000323689 0.000325835 seconds or  20281.5 MUPD/s or  243.378 GB/s
STREAM triad of size  7211320 : min/avg/max: 0.000354995 0.000355372 0.000357641 seconds or  20313.9 MUPD/s or  243.766 GB/s
STREAM triad of size  7932456 : min/avg/max: 0.000390166 0.000390528 0.000393429 seconds or    20331 MUPD/s or  243.972 GB/s
STREAM triad of size  8725704 : min/avg/max: 0.000427443 0.000427904 0.000430585 seconds or  20413.7 MUPD/s or  244.965 GB/s
STREAM triad of size  9598280 : min/avg/max: 0.000472438 0.000473204  0.00047729 seconds or  20316.5 MUPD/s or  243.798 GB/s
STREAM triad of size 10558112 : min/avg/max: 0.000518852 0.000519431 0.000524077 seconds or    20349 MUPD/s or  244.188 GB/s
STREAM triad of size 11613928 : min/avg/max: 0.000573642 0.000574258 0.000579376 seconds or    20246 MUPD/s or  242.952 GB/s
STREAM triad of size 12775328 : min/avg/max: 0.000630003 0.000630821 0.000635772 seconds or  20278.2 MUPD/s or  243.339 GB/s
STREAM triad of size 14052864 : min/avg/max:   0.0006927 0.000693417 0.000698684 seconds or  20287.1 MUPD/s or  243.445 GB/s
STREAM triad of size 15458152 : min/avg/max: 0.000760051 0.000760918  0.00076633 seconds or  20338.3 MUPD/s or   244.06 GB/s
STREAM triad of size 17003968 : min/avg/max: 0.000835512 0.000836566 0.000844828 seconds or  20351.5 MUPD/s or  244.219 GB/s
STREAM triad of size 18704368 : min/avg/max:  0.00091769 0.000918652 0.000925718 seconds or    20382 MUPD/s or  244.584 GB/s
STREAM triad of size 20574808 : min/avg/max:  0.00100894   0.0010104  0.00101975 seconds or  20392.6 MUPD/s or  244.711 GB/s
STREAM triad of size 22632296 : min/avg/max:  0.00111017  0.00111159  0.00112114 seconds or  20386.4 MUPD/s or  244.637 GB/s
STREAM triad of size 24895528 : min/avg/max:  0.00121822  0.00121978  0.00122998 seconds or  20435.9 MUPD/s or  245.231 GB/s
STREAM triad of size 27385088 : min/avg/max:  0.00134389  0.00134698  0.00137298 seconds or  20377.5 MUPD/s or   244.53 GB/s
STREAM triad of size 30123600 : min/avg/max:  0.00147881  0.00148085  0.00149316 seconds or  20370.1 MUPD/s or  244.441 GB/s
STREAM triad of size 33135968 : min/avg/max:  0.00162301  0.00162536  0.00165103 seconds or  20416.4 MUPD/s or  244.996 GB/s
STREAM triad of size 36449568 : min/avg/max:  0.00179161   0.0017943  0.00181379 seconds or  20344.6 MUPD/s or  244.135 GB/s
STREAM triad of size 40094528 : min/avg/max:  0.00196789   0.0019703  0.00199032 seconds or  20374.4 MUPD/s or  244.492 GB/s
STREAM triad of size 44103984 : min/avg/max:  0.00216448  0.00216715  0.00218729 seconds or  20376.3 MUPD/s or  244.515 GB/s
STREAM triad of size 48514384 : min/avg/max:   0.0023818  0.00238445  0.00240223 seconds or  20368.8 MUPD/s or  244.426 GB/s
STREAM triad of size 53365824 : min/avg/max:   0.0026214  0.00262647  0.00266662 seconds or  20357.8 MUPD/s or  244.293 GB/s
STREAM triad of size 58702408 : min/avg/max:  0.00288221  0.00288811  0.00292833 seconds or  20367.1 MUPD/s or  244.406 GB/s
STREAM triad of size 64572656 : min/avg/max:  0.00317344  0.00317767  0.00321548 seconds or  20347.9 MUPD/s or  244.174 GB/s
STREAM triad of size 71029928 : min/avg/max:  0.00349063  0.00349601  0.00353432 seconds or  20348.7 MUPD/s or  244.185 GB/s
STREAM triad of size 78132928 : min/avg/max:  0.00384532  0.00385177   0.0038893 seconds or    20319 MUPD/s or  243.828 GB/s
STREAM triad of size 85946224 : min/avg/max:  0.00420958  0.00421491  0.00425415 seconds or  20416.8 MUPD/s or  245.002 GB/s
STREAM triad of size 94540848 : min/avg/max:   0.0046357  0.00464144   0.0046813 seconds or  20394.1 MUPD/s or  244.729 GB/s
STREAM triad of size 103994936 : min/avg/max:  0.00510469  0.00511029  0.00514998 seconds or  20372.4 MUPD/s or  244.469 GB/s
STREAM triad of size 114394432 : min/avg/max:  0.00560615  0.00561103  0.00565208 seconds or  20405.2 MUPD/s or  244.862 GB/s
STREAM triad of size 125833880 : min/avg/max:  0.00615862  0.00616419  0.00620259 seconds or  20432.2 MUPD/s or  245.186 GB/s
STREAM triad of size 138417272 : min/avg/max:  0.00678871  0.00679699  0.00684048 seconds or  20389.3 MUPD/s or  244.672 GB/s
STREAM triad of size 152259000 : min/avg/max:  0.00746245  0.00746763  0.00751271 seconds or  20403.4 MUPD/s or   244.84 GB/s
STREAM triad of size 167484904 : min/avg/max:  0.00821509  0.00822305  0.00826487 seconds or  20387.5 MUPD/s or   244.65 GB/s
STREAM triad of size 184233400 : min/avg/max:  0.00902914  0.00903546  0.00907744 seconds or  20404.3 MUPD/s or  244.852 GB/s
STREAM triad of size 202656744 : min/avg/max:  0.00993557  0.00994322  0.00999074 seconds or  20397.1 MUPD/s or  244.765 GB/s
STREAM triad of size 222922424 : min/avg/max:   0.0109142   0.0109249   0.0109691 seconds or  20425.1 MUPD/s or  245.101 GB/s
STREAM triad of size 245214672 : min/avg/max:   0.0120109   0.0120179   0.0120601 seconds or    20416 MUPD/s or  244.992 GB/s
STREAM triad of size 269736144 : min/avg/max:   0.0132179   0.0132274   0.0132759 seconds or  20406.9 MUPD/s or  244.883 GB/s
STREAM triad of size 296709760 : min/avg/max:   0.0145335   0.0145848    0.015345 seconds or  20415.6 MUPD/s or  244.987 GB/s
STREAM triad of size 326380744 : min/avg/max:   0.0159794   0.0159894   0.0160299 seconds or  20425.1 MUPD/s or  245.102 GB/s
STREAM triad of size 359018824 : min/avg/max:    0.017603   0.0176125   0.0176638 seconds or  20395.4 MUPD/s or  244.744 GB/s
STREAM triad of size 394920712 : min/avg/max:   0.0193859   0.0246208   0.0395383 seconds or  20371.5 MUPD/s or  244.458 GB/s
STREAM triad of size 434412784 : min/avg/max:   0.0213148   0.0277903   0.0435288 seconds or  20380.8 MUPD/s or   244.57 GB/s
STREAM triad of size 477854064 : min/avg/max:   0.0234442   0.0294861   0.0477687 seconds or  20382.6 MUPD/s or  244.591 GB/s
STREAM triad of size 525639472 : min/avg/max:   0.0257214   0.0320734   0.0526661 seconds or  20435.9 MUPD/s or   245.23 GB/s
STREAM triad of size 578203424 : min/avg/max:   0.0283466   0.0344433   0.0579545 seconds or  20397.7 MUPD/s or  244.772 GB/s
STREAM triad of size 636023768 : min/avg/max:   0.0311616    0.037167   0.0638009 seconds or  20410.5 MUPD/s or  244.926 GB/s
STREAM triad of size 699626152 : min/avg/max:   0.0342728   0.0403311   0.0701172 seconds or  20413.4 MUPD/s or  244.961 GB/s
STREAM triad of size 769588768 : min/avg/max:   0.0376877   0.0445616   0.0770928 seconds or  20420.2 MUPD/s or  245.042 GB/s
STREAM triad of size 846547648 : min/avg/max:   0.0415399   0.0477751   0.0848213 seconds or  20379.2 MUPD/s or   244.55 GB/s
STREAM triad of size 931202416 : min/avg/max:    0.045701     0.05245   0.0933123 seconds or    20376 MUPD/s or  244.512 GB/s
