STREAM triad of size    10000 : min/avg/max: 2.89968e-06 3.63319e-06 3.96461e-06 seconds or  3448.66 MUPD/s or  41.3839 GB/s
STREAM triad of size    11008 : min/avg/max: 2.87286e-06 2.89862e-06 2.95136e-06 seconds or  3831.72 MUPD/s or  45.9807 GB/s
STREAM triad of size    12112 : min/avg/max: 2.86955e-06 2.90582e-06 2.97747e-06 seconds or  4220.87 MUPD/s or  50.6504 GB/s
STREAM triad of size    13328 : min/avg/max: 2.88912e-06 2.92947e-06 2.99281e-06 seconds or  4613.16 MUPD/s or   55.358 GB/s
STREAM triad of size    14664 : min/avg/max: 2.91852e-06 2.95864e-06 2.99716e-06 seconds or  5024.46 MUPD/s or  60.2935 GB/s
STREAM triad of size    16136 : min/avg/max: 2.88782e-06 2.91574e-06 2.97434e-06 seconds or   5587.6 MUPD/s or  67.0512 GB/s
STREAM triad of size    17752 : min/avg/max: 2.89162e-06 2.92415e-06 2.99795e-06 seconds or  6139.11 MUPD/s or  73.6694 GB/s
STREAM triad of size    19528 : min/avg/max: 2.89461e-06 2.93662e-06 3.01817e-06 seconds or  6746.32 MUPD/s or  80.9559 GB/s
STREAM triad of size    21488 : min/avg/max: 2.86941e-06 2.89925e-06 2.95861e-06 seconds or  7488.66 MUPD/s or  89.8639 GB/s
STREAM triad of size    23640 : min/avg/max: 2.89406e-06 2.92092e-06 2.98931e-06 seconds or  8168.45 MUPD/s or  98.0214 GB/s
STREAM triad of size    26008 : min/avg/max: 2.87327e-06 2.91239e-06 3.00732e-06 seconds or  9051.72 MUPD/s or  108.621 GB/s
STREAM triad of size    28616 : min/avg/max: 2.88834e-06 2.91462e-06  3.0055e-06 seconds or  9907.43 MUPD/s or  118.889 GB/s
STREAM triad of size    31480 : min/avg/max: 2.89707e-06 2.94364e-06 3.04456e-06 seconds or  10866.1 MUPD/s or  130.394 GB/s
STREAM triad of size    34632 : min/avg/max:  2.8927e-06 2.92071e-06 3.01375e-06 seconds or  11972.2 MUPD/s or  143.667 GB/s
STREAM triad of size    38096 : min/avg/max: 2.87453e-06 2.90407e-06 3.02907e-06 seconds or  13252.9 MUPD/s or  159.035 GB/s
STREAM triad of size    41912 : min/avg/max: 2.89805e-06 2.95974e-06 3.10232e-06 seconds or  14462.2 MUPD/s or  173.546 GB/s
STREAM triad of size    46104 : min/avg/max: 2.92502e-06 2.95758e-06 3.08347e-06 seconds or    15762 MUPD/s or  189.143 GB/s
STREAM triad of size    50720 : min/avg/max: 2.88866e-06 2.93781e-06 3.00739e-06 seconds or  17558.3 MUPD/s or    210.7 GB/s
STREAM triad of size    55800 : min/avg/max: 2.91758e-06 2.95289e-06 3.17686e-06 seconds or  19125.4 MUPD/s or  229.505 GB/s
STREAM triad of size    61384 : min/avg/max: 2.92136e-06 2.96105e-06 3.17049e-06 seconds or  21012.2 MUPD/s or  252.146 GB/s
STREAM triad of size    67528 : min/avg/max: 2.91662e-06 2.95236e-06 3.16244e-06 seconds or  23152.8 MUPD/s or  277.834 GB/s
STREAM triad of size    74288 : min/avg/max: 2.94396e-06 2.96205e-06 2.99493e-06 seconds or    25234 MUPD/s or  302.808 GB/s
STREAM triad of size    81720 : min/avg/max: 2.91499e-06 2.95093e-06 3.23545e-06 seconds or  28034.4 MUPD/s or  336.413 GB/s
STREAM triad of size    89896 : min/avg/max: 2.88267e-06 2.93302e-06 3.22069e-06 seconds or    31185 MUPD/s or   374.22 GB/s
STREAM triad of size    98888 : min/avg/max: 2.99439e-06 3.00219e-06 3.01118e-06 seconds or  33024.4 MUPD/s or  396.293 GB/s
STREAM triad of size   108784 : min/avg/max: 3.07611e-06  3.0828e-06 3.09911e-06 seconds or  35364.2 MUPD/s or   424.37 GB/s
STREAM triad of size   119664 : min/avg/max: 3.16853e-06 3.17645e-06  3.2001e-06 seconds or  37766.4 MUPD/s or  453.196 GB/s
STREAM triad of size   131632 : min/avg/max: 3.42362e-06 3.43103e-06 3.44475e-06 seconds or  38448.2 MUPD/s or  461.379 GB/s
STREAM triad of size   144800 : min/avg/max: 3.56036e-06 3.58314e-06 3.88671e-06 seconds or    40670 MUPD/s or   488.04 GB/s
STREAM triad of size   159288 : min/avg/max: 3.81852e-06 3.82566e-06  3.8344e-06 seconds or  41714.5 MUPD/s or  500.574 GB/s
STREAM triad of size   175224 : min/avg/max: 3.98795e-06 4.01791e-06 4.48368e-06 seconds or  43938.4 MUPD/s or  527.261 GB/s
STREAM triad of size   192752 : min/avg/max: 4.29053e-06 4.29477e-06 4.30572e-06 seconds or    44925 MUPD/s or    539.1 GB/s
STREAM triad of size   212032 : min/avg/max: 4.48431e-06 4.48978e-06 4.51042e-06 seconds or  47283.1 MUPD/s or  567.397 GB/s
STREAM triad of size   233240 : min/avg/max: 4.82999e-06 4.83641e-06 4.84912e-06 seconds or  48289.9 MUPD/s or  579.479 GB/s
STREAM triad of size   256568 : min/avg/max: 5.16922e-06 5.17684e-06 5.18425e-06 seconds or  49633.8 MUPD/s or  595.605 GB/s
STREAM triad of size   282232 : min/avg/max: 5.51768e-06 5.52289e-06 5.53607e-06 seconds or  51150.5 MUPD/s or  613.806 GB/s
STREAM triad of size   310456 : min/avg/max:  5.8746e-06 5.88243e-06 5.89154e-06 seconds or  52847.2 MUPD/s or  634.166 GB/s
STREAM triad of size   341504 : min/avg/max:  7.9871e-06  8.0006e-06  8.0138e-06 seconds or  42756.9 MUPD/s or  513.083 GB/s
STREAM triad of size   375656 : min/avg/max: 1.54161e-05  1.5469e-05 1.55904e-05 seconds or  24367.7 MUPD/s or  292.413 GB/s
STREAM triad of size   413224 : min/avg/max: 2.04606e-05 2.05015e-05 2.05364e-05 seconds or  20196.1 MUPD/s or  242.353 GB/s
STREAM triad of size   454552 : min/avg/max: 2.28438e-05 2.28591e-05 2.28742e-05 seconds or  19898.2 MUPD/s or  238.779 GB/s
STREAM triad of size   500008 : min/avg/max: 2.51042e-05 2.51176e-05 2.51444e-05 seconds or  19917.3 MUPD/s or  239.008 GB/s
STREAM triad of size   550016 : min/avg/max: 2.76133e-05  2.7627e-05 2.76399e-05 seconds or  19918.6 MUPD/s or  239.023 GB/s
STREAM triad of size   605024 : min/avg/max: 3.04309e-05 3.05159e-05 3.18141e-05 seconds or  19881.9 MUPD/s or  238.583 GB/s
STREAM triad of size   665528 : min/avg/max: 3.32247e-05 3.32396e-05 3.32713e-05 seconds or  20031.1 MUPD/s or  240.374 GB/s
STREAM triad of size   732088 : min/avg/max: 3.63616e-05 3.63808e-05  3.6425e-05 seconds or  20133.6 MUPD/s or  241.603 GB/s
STREAM triad of size   805304 : min/avg/max: 3.94825e-05 3.95463e-05 3.95914e-05 seconds or  20396.5 MUPD/s or  244.758 GB/s
STREAM triad of size   885840 : min/avg/max: 4.34876e-05  4.3511e-05 4.35684e-05 seconds or  20369.9 MUPD/s or  244.439 GB/s
STREAM triad of size   974432 : min/avg/max: 4.77424e-05 4.77619e-05 4.77987e-05 seconds or  20410.2 MUPD/s or  244.923 GB/s
STREAM triad of size  1071880 : min/avg/max:  5.2311e-05 5.23415e-05  5.2386e-05 seconds or  20490.5 MUPD/s or  245.886 GB/s
STREAM triad of size  1179072 : min/avg/max: 5.75871e-05 5.76253e-05 5.76654e-05 seconds or  20474.6 MUPD/s or  245.695 GB/s
STREAM triad of size  1296984 : min/avg/max: 6.28481e-05 6.28731e-05 6.29444e-05 seconds or  20636.8 MUPD/s or  247.642 GB/s
STREAM triad of size  1426688 : min/avg/max: 6.90265e-05 6.91252e-05 6.95865e-05 seconds or  20668.7 MUPD/s or  248.025 GB/s
STREAM triad of size  1569360 : min/avg/max: 7.56749e-05 7.57049e-05 7.58245e-05 seconds or  20738.2 MUPD/s or  248.858 GB/s
STREAM triad of size  1726304 : min/avg/max: 8.31275e-05 8.31701e-05 8.32531e-05 seconds or  20766.9 MUPD/s or  249.203 GB/s
STREAM triad of size  1898936 : min/avg/max: 9.13095e-05 9.13481e-05 9.14165e-05 seconds or  20796.7 MUPD/s or   249.56 GB/s
STREAM triad of size  2088832 : min/avg/max: 0.000100331 0.000100374 0.000100465 seconds or  20819.4 MUPD/s or  249.833 GB/s
STREAM triad of size  2297720 : min/avg/max: 0.000109573 0.000109618  0.00010973 seconds or  20969.8 MUPD/s or  251.637 GB/s
STREAM triad of size  2527496 : min/avg/max: 0.000120317 0.000120348 0.000120462 seconds or    21007 MUPD/s or  252.084 GB/s
STREAM triad of size  2780248 : min/avg/max: 0.000132377 0.000132429 0.000132612 seconds or  21002.6 MUPD/s or  252.031 GB/s
STREAM triad of size  3058280 : min/avg/max: 0.000145404 0.000145474 0.000145722 seconds or  21032.9 MUPD/s or  252.395 GB/s
STREAM triad of size  3364112 : min/avg/max: 0.000159705 0.000159791 0.000160027 seconds or  21064.5 MUPD/s or  252.774 GB/s
STREAM triad of size  3700528 : min/avg/max: 0.000175434 0.000175561 0.000175874 seconds or  21093.6 MUPD/s or  253.123 GB/s
STREAM triad of size  4070584 : min/avg/max: 0.000192808 0.000192885  0.00019323 seconds or  21112.1 MUPD/s or  253.345 GB/s
STREAM triad of size  4477648 : min/avg/max: 0.000212028 0.000212149 0.000212671 seconds or  21118.2 MUPD/s or  253.418 GB/s
STREAM triad of size  4925416 : min/avg/max: 0.000232791 0.000232931 0.000233629 seconds or  21158.1 MUPD/s or  253.898 GB/s
STREAM triad of size  5417960 : min/avg/max: 0.000255863 0.000255971 0.000256815 seconds or  21175.3 MUPD/s or  254.103 GB/s
STREAM triad of size  5959760 : min/avg/max: 0.000280938 0.000281059 0.000282007 seconds or  21213.8 MUPD/s or  254.565 GB/s
STREAM triad of size  6555744 : min/avg/max: 0.000309393 0.000309571 0.000310983 seconds or    21189 MUPD/s or  254.268 GB/s
STREAM triad of size  7211320 : min/avg/max: 0.000338828 0.000339024 0.000340564 seconds or  21283.1 MUPD/s or  255.397 GB/s
STREAM triad of size  7932456 : min/avg/max: 0.000373178 0.000373485 0.000376026 seconds or  21256.5 MUPD/s or  255.078 GB/s
STREAM triad of size  8725704 : min/avg/max: 0.000410885 0.000411154  0.00041434 seconds or  21236.4 MUPD/s or  254.836 GB/s
STREAM triad of size  9598280 : min/avg/max: 0.000452375 0.000452618 0.000455549 seconds or  21217.5 MUPD/s or   254.61 GB/s
STREAM triad of size 10558112 : min/avg/max: 0.000497073 0.000497409 0.000500891 seconds or  21240.6 MUPD/s or  254.887 GB/s
STREAM triad of size 11613928 : min/avg/max: 0.000547593  0.00054801 0.000551728 seconds or    21209 MUPD/s or  254.509 GB/s
STREAM triad of size 12775328 : min/avg/max:  0.00060135 0.000601761 0.000606786 seconds or  21244.4 MUPD/s or  254.933 GB/s
STREAM triad of size 14052864 : min/avg/max: 0.000660273 0.000660785 0.000664936 seconds or  21283.4 MUPD/s or  255.401 GB/s
STREAM triad of size 15458152 : min/avg/max: 0.000727503  0.00072804 0.000734204 seconds or  21248.2 MUPD/s or  254.979 GB/s
STREAM triad of size 17003968 : min/avg/max: 0.000798761  0.00079936 0.000805827 seconds or  21287.9 MUPD/s or  255.455 GB/s
STREAM triad of size 18704368 : min/avg/max:  0.00087884 0.000879426 0.000886765 seconds or    21283 MUPD/s or  255.396 GB/s
STREAM triad of size 20574808 : min/avg/max: 0.000966306 0.000967019 0.000975655 seconds or  21292.2 MUPD/s or  255.507 GB/s
STREAM triad of size 22632296 : min/avg/max:  0.00106352  0.00106424  0.00107343 seconds or  21280.6 MUPD/s or  255.367 GB/s
STREAM triad of size 24895528 : min/avg/max:  0.00116803  0.00116893  0.00117823 seconds or  21314.1 MUPD/s or   255.77 GB/s
STREAM triad of size 27385088 : min/avg/max:  0.00128576  0.00128671  0.00129855 seconds or  21298.7 MUPD/s or  255.585 GB/s
STREAM triad of size 30123600 : min/avg/max:  0.00141562  0.00141661  0.00142922 seconds or  21279.4 MUPD/s or  255.353 GB/s
STREAM triad of size 33135968 : min/avg/max:  0.00155655  0.00155792  0.00157026 seconds or    21288 MUPD/s or  255.456 GB/s
STREAM triad of size 36449568 : min/avg/max:  0.00171104  0.00171259  0.00172988 seconds or  21302.6 MUPD/s or  255.631 GB/s
STREAM triad of size 40094528 : min/avg/max:  0.00188435  0.00188683  0.00190789 seconds or  21277.6 MUPD/s or  255.332 GB/s
STREAM triad of size 44103984 : min/avg/max:  0.00207008  0.00207158  0.00208876 seconds or  21305.4 MUPD/s or  255.665 GB/s
STREAM triad of size 48514384 : min/avg/max:  0.00227666  0.00227826  0.00229645 seconds or  21309.4 MUPD/s or  255.713 GB/s
STREAM triad of size 53365824 : min/avg/max:  0.00250572  0.00250841  0.00254488 seconds or  21297.6 MUPD/s or  255.571 GB/s
STREAM triad of size 58702408 : min/avg/max:  0.00275448  0.00275773  0.00279298 seconds or  21311.6 MUPD/s or  255.739 GB/s
STREAM triad of size 64572656 : min/avg/max:  0.00302965  0.00303246  0.00307023 seconds or  21313.6 MUPD/s or  255.763 GB/s
STREAM triad of size 71029928 : min/avg/max:  0.00333941  0.00334272   0.0033805 seconds or  21270.2 MUPD/s or  255.242 GB/s
STREAM triad of size 78132928 : min/avg/max:  0.00367838  0.00368172  0.00371955 seconds or  21241.1 MUPD/s or  254.894 GB/s
STREAM triad of size 85946224 : min/avg/max:   0.0040259  0.00402983  0.00408107 seconds or  21348.3 MUPD/s or   256.18 GB/s
STREAM triad of size 94540848 : min/avg/max:  0.00443256   0.0044361  0.00447128 seconds or  21328.7 MUPD/s or  255.945 GB/s
STREAM triad of size 103994936 : min/avg/max:  0.00487801  0.00488106  0.00491846 seconds or  21319.1 MUPD/s or  255.829 GB/s
STREAM triad of size 114394432 : min/avg/max:  0.00536206  0.00536529  0.00540208 seconds or  21334.1 MUPD/s or  256.009 GB/s
STREAM triad of size 125833880 : min/avg/max:   0.0058989  0.00590273  0.00594057 seconds or  21331.8 MUPD/s or  255.981 GB/s
STREAM triad of size 138417272 : min/avg/max:  0.00648721  0.00649039  0.00652554 seconds or    21337 MUPD/s or  256.044 GB/s
STREAM triad of size 152259000 : min/avg/max:  0.00713687  0.00714531  0.00724422 seconds or  21334.2 MUPD/s or   256.01 GB/s
STREAM triad of size 167484904 : min/avg/max:  0.00784673  0.00785308  0.00792987 seconds or  21344.6 MUPD/s or  256.135 GB/s
STREAM triad of size 184233400 : min/avg/max:   0.0086213  0.00862475  0.00866106 seconds or  21369.6 MUPD/s or  256.435 GB/s
STREAM triad of size 202656744 : min/avg/max:  0.00948944  0.00949364  0.00952518 seconds or    21356 MUPD/s or  256.272 GB/s
STREAM triad of size 222922424 : min/avg/max:   0.0104395   0.0104425   0.0104791 seconds or  21353.8 MUPD/s or  256.246 GB/s
STREAM triad of size 245214672 : min/avg/max:    0.011485   0.0114942   0.0115275 seconds or  21350.9 MUPD/s or  256.211 GB/s
STREAM triad of size 269736144 : min/avg/max:   0.0126298   0.0126334   0.0126741 seconds or  21357.1 MUPD/s or  256.286 GB/s
STREAM triad of size 296709760 : min/avg/max:   0.0138991   0.0139028   0.0139367 seconds or  21347.5 MUPD/s or   256.17 GB/s
STREAM triad of size 326380744 : min/avg/max:   0.0152821   0.0152855   0.0153228 seconds or  21357.1 MUPD/s or  256.285 GB/s
STREAM triad of size 359018824 : min/avg/max:   0.0168148   0.0168189   0.0168535 seconds or  21351.3 MUPD/s or  256.216 GB/s
STREAM triad of size 394920712 : min/avg/max:   0.0181132   0.0186742   0.0196467 seconds or  21802.9 MUPD/s or  261.635 GB/s
STREAM triad of size 434412784 : min/avg/max:   0.0202411   0.0208491   0.0216133 seconds or  21461.9 MUPD/s or  257.543 GB/s
STREAM triad of size 477854064 : min/avg/max:    0.022213   0.0230511   0.0237149 seconds or  21512.3 MUPD/s or  258.148 GB/s
STREAM triad of size 525639472 : min/avg/max:   0.0242769   0.0249941   0.0261599 seconds or  21651.8 MUPD/s or  259.822 GB/s
STREAM triad of size 578203424 : min/avg/max:   0.0269601   0.0274223   0.0287719 seconds or  21446.7 MUPD/s or   257.36 GB/s
STREAM triad of size 636023768 : min/avg/max:   0.0294411   0.0302158   0.0317647 seconds or  21603.2 MUPD/s or  259.239 GB/s
STREAM triad of size 699626152 : min/avg/max:   0.0326317   0.0335284   0.0347556 seconds or  21440.1 MUPD/s or  257.281 GB/s
STREAM triad of size 769588768 : min/avg/max:   0.0357693   0.0366291   0.0382893 seconds or  21515.3 MUPD/s or  258.184 GB/s
STREAM triad of size 846547648 : min/avg/max:   0.0394873   0.0398953    0.042126 seconds or  21438.5 MUPD/s or  257.262 GB/s
STREAM triad of size 931202416 : min/avg/max:   0.0426089   0.0445575   0.0529529 seconds or  21854.6 MUPD/s or  262.256 GB/s
