STREAM triad of size    10000 : min/avg/max: 2.76169e-06 2.78568e-06 2.89972e-06 seconds or  3620.97 MUPD/s or  43.4516 GB/s
STREAM triad of size    11008 : min/avg/max: 2.75186e-06 2.79055e-06 2.86425e-06 seconds or  4000.21 MUPD/s or  48.0025 GB/s
STREAM triad of size    12112 : min/avg/max: 2.73529e-06 2.76808e-06 2.84208e-06 seconds or  4428.05 MUPD/s or  53.1366 GB/s
STREAM triad of size    13328 : min/avg/max:  2.7418e-06 2.76451e-06 2.80011e-06 seconds or  4861.05 MUPD/s or  58.3326 GB/s
STREAM triad of size    14664 : min/avg/max: 2.75142e-06 2.78342e-06 2.83473e-06 seconds or   5329.6 MUPD/s or  63.9552 GB/s
STREAM triad of size    16136 : min/avg/max: 2.75279e-06 2.77584e-06 2.82647e-06 seconds or  5861.68 MUPD/s or  70.3402 GB/s
STREAM triad of size    17752 : min/avg/max: 2.77349e-06 2.82366e-06 2.95699e-06 seconds or  6400.59 MUPD/s or  76.8071 GB/s
STREAM triad of size    19528 : min/avg/max: 2.76924e-06 2.84715e-06 3.69409e-06 seconds or  7051.75 MUPD/s or   84.621 GB/s
STREAM triad of size    21488 : min/avg/max: 2.75849e-06 2.78139e-06 2.84632e-06 seconds or  7789.76 MUPD/s or  93.4771 GB/s
STREAM triad of size    23640 : min/avg/max: 2.77804e-06 2.80778e-06 2.88546e-06 seconds or  8509.59 MUPD/s or  102.115 GB/s
STREAM triad of size    26008 : min/avg/max: 2.76721e-06 2.78613e-06  2.8554e-06 seconds or  9398.64 MUPD/s or  112.784 GB/s
STREAM triad of size    28616 : min/avg/max:  2.7493e-06 2.96832e-06 6.50394e-06 seconds or  10408.5 MUPD/s or  124.901 GB/s
STREAM triad of size    31480 : min/avg/max: 2.77496e-06 2.81913e-06 2.93552e-06 seconds or  11344.3 MUPD/s or  136.132 GB/s
STREAM triad of size    34632 : min/avg/max: 2.75621e-06 2.78361e-06 2.89551e-06 seconds or  12565.1 MUPD/s or  150.781 GB/s
STREAM triad of size    38096 : min/avg/max: 2.73727e-06  2.7816e-06 2.88694e-06 seconds or  13917.5 MUPD/s or   167.01 GB/s
STREAM triad of size    41912 : min/avg/max: 2.77514e-06 2.81046e-06 2.95982e-06 seconds or  15102.7 MUPD/s or  181.232 GB/s
STREAM triad of size    46104 : min/avg/max: 2.77475e-06 2.79608e-06 2.92789e-06 seconds or  16615.6 MUPD/s or  199.387 GB/s
STREAM triad of size    50720 : min/avg/max: 2.78039e-06 2.80625e-06 2.96303e-06 seconds or    18242 MUPD/s or  218.905 GB/s
STREAM triad of size    55800 : min/avg/max: 2.76406e-06 2.78593e-06 2.97067e-06 seconds or  20187.7 MUPD/s or  242.252 GB/s
STREAM triad of size    61384 : min/avg/max: 2.76464e-06 2.78151e-06 2.80693e-06 seconds or  22203.3 MUPD/s or  266.439 GB/s
STREAM triad of size    67528 : min/avg/max: 2.78719e-06 2.81004e-06 3.03062e-06 seconds or    24228 MUPD/s or  290.736 GB/s
STREAM triad of size    74288 : min/avg/max: 2.76799e-06 2.80288e-06 3.06129e-06 seconds or  26838.3 MUPD/s or  322.059 GB/s
STREAM triad of size    81720 : min/avg/max: 2.74805e-06 2.78235e-06 2.81844e-06 seconds or  29737.5 MUPD/s or  356.849 GB/s
STREAM triad of size    89896 : min/avg/max: 2.74163e-06 2.79112e-06  3.0779e-06 seconds or  32789.3 MUPD/s or  393.471 GB/s
STREAM triad of size    98888 : min/avg/max: 2.76991e-06 2.79052e-06 2.86798e-06 seconds or  35700.8 MUPD/s or   428.41 GB/s
STREAM triad of size   108784 : min/avg/max: 2.83792e-06 2.86435e-06 3.15736e-06 seconds or  38332.4 MUPD/s or  459.988 GB/s
STREAM triad of size   119664 : min/avg/max: 2.89484e-06 2.90105e-06 2.92249e-06 seconds or  41337.1 MUPD/s or  496.045 GB/s
STREAM triad of size   131632 : min/avg/max: 3.11177e-06 3.11619e-06  3.1262e-06 seconds or  42301.3 MUPD/s or  507.616 GB/s
STREAM triad of size   144800 : min/avg/max: 3.25894e-06 3.28423e-06 3.68794e-06 seconds or  44431.6 MUPD/s or  533.179 GB/s
STREAM triad of size   159288 : min/avg/max: 3.37624e-06 3.38249e-06 3.39022e-06 seconds or  47179.1 MUPD/s or  566.149 GB/s
STREAM triad of size   175224 : min/avg/max: 3.61229e-06 3.61732e-06 3.62451e-06 seconds or  48507.7 MUPD/s or  582.093 GB/s
STREAM triad of size   192752 : min/avg/max: 3.78113e-06  3.7856e-06 3.79457e-06 seconds or  50977.4 MUPD/s or  611.729 GB/s
STREAM triad of size   212032 : min/avg/max: 4.06588e-06 4.07321e-06 4.08414e-06 seconds or  52149.1 MUPD/s or  625.789 GB/s
STREAM triad of size   233240 : min/avg/max: 4.23102e-06  4.2359e-06 4.24564e-06 seconds or  55126.2 MUPD/s or  661.515 GB/s
STREAM triad of size   256568 : min/avg/max: 4.56088e-06 4.56762e-06 4.57704e-06 seconds or  56254.1 MUPD/s or  675.049 GB/s
STREAM triad of size   282232 : min/avg/max: 4.74907e-06 4.75363e-06 4.76174e-06 seconds or  59428.9 MUPD/s or  713.146 GB/s
STREAM triad of size   310456 : min/avg/max: 5.07062e-06 5.07525e-06 5.08625e-06 seconds or  61226.4 MUPD/s or  734.717 GB/s
STREAM triad of size   341504 : min/avg/max: 6.90414e-06 6.91981e-06 6.93255e-06 seconds or  49463.6 MUPD/s or  593.564 GB/s
STREAM triad of size   375656 : min/avg/max: 1.52801e-05 1.54284e-05 1.56274e-05 seconds or  24584.7 MUPD/s or  295.016 GB/s
STREAM triad of size   413224 : min/avg/max: 2.04041e-05 2.04392e-05  2.0462e-05 seconds or    20252 MUPD/s or  243.024 GB/s
STREAM triad of size   454552 : min/avg/max:  2.2531e-05 2.25576e-05 2.25902e-05 seconds or  20174.5 MUPD/s or  242.094 GB/s
STREAM triad of size   500008 : min/avg/max: 2.46738e-05 2.47476e-05 2.60357e-05 seconds or  20264.8 MUPD/s or  243.177 GB/s
STREAM triad of size   550016 : min/avg/max: 2.72155e-05 2.72331e-05 2.72495e-05 seconds or  20209.7 MUPD/s or  242.516 GB/s
STREAM triad of size   605024 : min/avg/max:  3.0201e-05 3.02152e-05 3.02635e-05 seconds or  20033.2 MUPD/s or  240.399 GB/s
STREAM triad of size   665528 : min/avg/max: 3.31246e-05 3.31425e-05 3.31766e-05 seconds or  20091.7 MUPD/s or    241.1 GB/s
STREAM triad of size   732088 : min/avg/max: 3.61663e-05  3.6174e-05 3.61994e-05 seconds or  20242.3 MUPD/s or  242.907 GB/s
STREAM triad of size   805304 : min/avg/max: 3.94771e-05 3.94855e-05  3.9495e-05 seconds or  20399.3 MUPD/s or  244.791 GB/s
STREAM triad of size   885840 : min/avg/max: 4.33233e-05 4.33498e-05  4.3395e-05 seconds or  20447.2 MUPD/s or  245.366 GB/s
STREAM triad of size   974432 : min/avg/max: 4.75488e-05 4.75647e-05 4.76664e-05 seconds or  20493.3 MUPD/s or   245.92 GB/s
STREAM triad of size  1071880 : min/avg/max: 5.21913e-05 5.22201e-05 5.22629e-05 seconds or  20537.5 MUPD/s or   246.45 GB/s
STREAM triad of size  1179072 : min/avg/max: 5.71847e-05 5.72011e-05   5.724e-05 seconds or  20618.7 MUPD/s or  247.424 GB/s
STREAM triad of size  1296984 : min/avg/max: 6.26581e-05 6.26976e-05 6.27481e-05 seconds or  20699.4 MUPD/s or  248.392 GB/s
STREAM triad of size  1426688 : min/avg/max: 6.87693e-05 6.87964e-05  6.8923e-05 seconds or    20746 MUPD/s or  248.952 GB/s
STREAM triad of size  1569360 : min/avg/max: 7.53435e-05 7.53712e-05 7.54227e-05 seconds or  20829.4 MUPD/s or  249.953 GB/s
STREAM triad of size  1726304 : min/avg/max: 8.28916e-05 8.29253e-05 8.29996e-05 seconds or  20826.1 MUPD/s or  249.913 GB/s
STREAM triad of size  1898936 : min/avg/max: 9.10779e-05 9.11205e-05 9.12326e-05 seconds or  20849.6 MUPD/s or  250.195 GB/s
STREAM triad of size  2088832 : min/avg/max:  9.9943e-05 0.000100052 0.000100719 seconds or  20900.2 MUPD/s or  250.803 GB/s
STREAM triad of size  2297720 : min/avg/max: 0.000109409 0.000109462 0.000109555 seconds or  21001.2 MUPD/s or  252.015 GB/s
STREAM triad of size  2527496 : min/avg/max: 0.000120056 0.000120106 0.000120291 seconds or  21052.7 MUPD/s or  252.632 GB/s
STREAM triad of size  2780248 : min/avg/max: 0.000131825 0.000131888 0.000132229 seconds or  21090.5 MUPD/s or  253.086 GB/s
STREAM triad of size  3058280 : min/avg/max:  0.00014484 0.000144918 0.000145153 seconds or  21114.9 MUPD/s or  253.379 GB/s
STREAM triad of size  3364112 : min/avg/max: 0.000159079 0.000159165 0.000159405 seconds or  21147.5 MUPD/s or   253.77 GB/s
STREAM triad of size  3700528 : min/avg/max: 0.000174746 0.000174813 0.000175168 seconds or  21176.6 MUPD/s or  254.119 GB/s
STREAM triad of size  4070584 : min/avg/max: 0.000192078 0.000192166 0.000192631 seconds or  21192.4 MUPD/s or  254.308 GB/s
STREAM triad of size  4477648 : min/avg/max: 0.000211276 0.000211349 0.000211805 seconds or  21193.3 MUPD/s or   254.32 GB/s
STREAM triad of size  4925416 : min/avg/max: 0.000232111 0.000232196 0.000232979 seconds or  21220.1 MUPD/s or  254.641 GB/s
STREAM triad of size  5417960 : min/avg/max: 0.000255034 0.000255189 0.000255992 seconds or    21244 MUPD/s or  254.928 GB/s
STREAM triad of size  5959760 : min/avg/max: 0.000280162  0.00028026 0.000281225 seconds or  21272.5 MUPD/s or   255.27 GB/s
STREAM triad of size  6555744 : min/avg/max: 0.000308034 0.000308209 0.000309569 seconds or  21282.5 MUPD/s or   255.39 GB/s
STREAM triad of size  7211320 : min/avg/max: 0.000338466 0.000338659 0.000340533 seconds or  21305.9 MUPD/s or  255.671 GB/s
STREAM triad of size  7932456 : min/avg/max: 0.000372654 0.000372888  0.00037493 seconds or  21286.4 MUPD/s or  255.437 GB/s
STREAM triad of size  8725704 : min/avg/max:  0.00040926 0.000409489 0.000411735 seconds or  21320.7 MUPD/s or  255.848 GB/s
STREAM triad of size  9598280 : min/avg/max: 0.000450398 0.000452195 0.000480527 seconds or  21310.7 MUPD/s or  255.728 GB/s
STREAM triad of size 10558112 : min/avg/max: 0.000495144 0.000495421 0.000499037 seconds or  21323.3 MUPD/s or   255.88 GB/s
STREAM triad of size 11613928 : min/avg/max: 0.000545194 0.000545528 0.000549816 seconds or  21302.4 MUPD/s or  255.629 GB/s
STREAM triad of size 12775328 : min/avg/max: 0.000598741 0.000599294 0.000603563 seconds or    21337 MUPD/s or  256.044 GB/s
STREAM triad of size 14052864 : min/avg/max: 0.000658053 0.000658498 0.000662989 seconds or  21355.2 MUPD/s or  256.263 GB/s
STREAM triad of size 15458152 : min/avg/max: 0.000724712 0.000725186 0.000730107 seconds or  21330.1 MUPD/s or  255.961 GB/s
STREAM triad of size 17003968 : min/avg/max: 0.000795994 0.000796584 0.000803695 seconds or  21361.9 MUPD/s or  256.343 GB/s
STREAM triad of size 18704368 : min/avg/max: 0.000875796 0.000876359  0.00088192 seconds or    21357 MUPD/s or  256.284 GB/s
STREAM triad of size 20574808 : min/avg/max: 0.000963443 0.000964099 0.000972201 seconds or  21355.5 MUPD/s or  256.266 GB/s
STREAM triad of size 22632296 : min/avg/max:  0.00105898  0.00105984  0.00106832 seconds or  21371.8 MUPD/s or  256.461 GB/s
STREAM triad of size 24895528 : min/avg/max:  0.00116497  0.00116574  0.00117439 seconds or  21370.1 MUPD/s or  256.441 GB/s
STREAM triad of size 27385088 : min/avg/max:  0.00128098  0.00128211  0.00129407 seconds or  21378.2 MUPD/s or  256.539 GB/s
STREAM triad of size 30123600 : min/avg/max:  0.00141071  0.00141481  0.00147369 seconds or  21353.5 MUPD/s or  256.242 GB/s
STREAM triad of size 33135968 : min/avg/max:  0.00154994  0.00155105  0.00156285 seconds or  21378.9 MUPD/s or  256.547 GB/s
STREAM triad of size 36449568 : min/avg/max:  0.00170483  0.00170627  0.00172321 seconds or  21380.1 MUPD/s or  256.562 GB/s
STREAM triad of size 40094528 : min/avg/max:  0.00187632  0.00187783  0.00189747 seconds or  21368.7 MUPD/s or  256.425 GB/s
STREAM triad of size 44103984 : min/avg/max:  0.00206163  0.00206292  0.00208081 seconds or  21392.8 MUPD/s or  256.714 GB/s
STREAM triad of size 48514384 : min/avg/max:  0.00226781  0.00226945  0.00228832 seconds or  21392.6 MUPD/s or  256.712 GB/s
STREAM triad of size 53365824 : min/avg/max:  0.00249692  0.00250012  0.00253819 seconds or  21372.6 MUPD/s or  256.472 GB/s
STREAM triad of size 58702408 : min/avg/max:  0.00274708  0.00275005  0.00278218 seconds or    21369 MUPD/s or  256.428 GB/s
STREAM triad of size 64572656 : min/avg/max:  0.00295688  0.00295932  0.00299461 seconds or  21838.1 MUPD/s or  262.058 GB/s
STREAM triad of size 71029928 : min/avg/max:  0.00330778  0.00331073  0.00334617 seconds or  21473.6 MUPD/s or  257.683 GB/s
STREAM triad of size 78132928 : min/avg/max:  0.00365302  0.00365609  0.00368981 seconds or  21388.6 MUPD/s or  256.663 GB/s
STREAM triad of size 85946224 : min/avg/max:  0.00401401  0.00401677  0.00405099 seconds or  21411.5 MUPD/s or  256.938 GB/s
STREAM triad of size 94540848 : min/avg/max:  0.00441928  0.00442221  0.00445997 seconds or  21392.8 MUPD/s or  256.714 GB/s
STREAM triad of size 103994936 : min/avg/max:  0.00485975  0.00486247  0.00489721 seconds or  21399.2 MUPD/s or  256.791 GB/s
STREAM triad of size 114394432 : min/avg/max:  0.00534199  0.00534599  0.00538008 seconds or  21414.2 MUPD/s or  256.971 GB/s
STREAM triad of size 125833880 : min/avg/max:  0.00587584  0.00587941  0.00591278 seconds or  21415.5 MUPD/s or  256.986 GB/s
STREAM triad of size 138417272 : min/avg/max:   0.0064611  0.00646429  0.00649954 seconds or  21423.2 MUPD/s or  257.078 GB/s
STREAM triad of size 152259000 : min/avg/max:  0.00711114  0.00711416  0.00714905 seconds or  21411.3 MUPD/s or  256.936 GB/s
STREAM triad of size 167484904 : min/avg/max:  0.00782896  0.00783264  0.00786997 seconds or    21393 MUPD/s or  256.716 GB/s
STREAM triad of size 184233400 : min/avg/max:  0.00860216  0.00860597  0.00864198 seconds or  21417.1 MUPD/s or  257.005 GB/s
STREAM triad of size 202656744 : min/avg/max:   0.0094553  0.00945961  0.00949602 seconds or  21433.1 MUPD/s or  257.198 GB/s
STREAM triad of size 222922424 : min/avg/max:   0.0104011   0.0104055   0.0104415 seconds or  21432.6 MUPD/s or  257.192 GB/s
STREAM triad of size 245214672 : min/avg/max:   0.0114464   0.0114503    0.011485 seconds or  21422.9 MUPD/s or  257.075 GB/s
STREAM triad of size 269736144 : min/avg/max:   0.0125875   0.0125911     0.01263 seconds or  21428.9 MUPD/s or  257.147 GB/s
STREAM triad of size 296709760 : min/avg/max:   0.0138481   0.0138521   0.0138886 seconds or    21426 MUPD/s or  257.112 GB/s
STREAM triad of size 326380744 : min/avg/max:   0.0152279   0.0152314   0.0152671 seconds or    21433 MUPD/s or  257.196 GB/s
STREAM triad of size 359018824 : min/avg/max:   0.0167524   0.0167563   0.0167902 seconds or  21430.9 MUPD/s or  257.171 GB/s
STREAM triad of size 394920712 : min/avg/max:   0.0179678   0.0180446   0.0183965 seconds or  21979.4 MUPD/s or  263.753 GB/s
STREAM triad of size 434412784 : min/avg/max:   0.0198472   0.0199538    0.020246 seconds or  21887.9 MUPD/s or  262.655 GB/s
STREAM triad of size 477854064 : min/avg/max:   0.0218127    0.021973   0.0222836 seconds or  21907.1 MUPD/s or  262.886 GB/s
STREAM triad of size 525639472 : min/avg/max:   0.0240724   0.0242615   0.0245108 seconds or  21835.8 MUPD/s or  262.029 GB/s
STREAM triad of size 578203424 : min/avg/max:   0.0264708   0.0266392   0.0269834 seconds or    21843 MUPD/s or  262.117 GB/s
STREAM triad of size 636023768 : min/avg/max:   0.0291137   0.0293755   0.0296945 seconds or  21846.2 MUPD/s or  262.155 GB/s
STREAM triad of size 699626152 : min/avg/max:    0.031801   0.0322794   0.0326962 seconds or  22000.1 MUPD/s or  264.001 GB/s
STREAM triad of size 769588768 : min/avg/max:   0.0351598   0.0355854   0.0359113 seconds or  21888.3 MUPD/s or   262.66 GB/s
STREAM triad of size 846547648 : min/avg/max:   0.0387607   0.0391955   0.0394945 seconds or  21840.3 MUPD/s or  262.084 GB/s
STREAM triad of size 931202416 : min/avg/max:   0.0426235   0.0431577   0.0434482 seconds or  21847.2 MUPD/s or  262.166 GB/s
