STREAM triad of size    10000 : min/avg/max: 2.82916e-06 3.23454e-06 3.97287e-06 seconds or  3534.62 MUPD/s or  84.8309 GB/s
STREAM triad of size    11008 : min/avg/max: 2.80739e-06 2.83201e-06 2.87719e-06 seconds or  3921.07 MUPD/s or  94.1058 GB/s
STREAM triad of size    12112 : min/avg/max:  2.8196e-06 2.84115e-06 2.89166e-06 seconds or  4295.64 MUPD/s or  103.095 GB/s
STREAM triad of size    13328 : min/avg/max: 2.80472e-06 2.83831e-06  2.8841e-06 seconds or  4751.98 MUPD/s or  114.048 GB/s
STREAM triad of size    14664 : min/avg/max: 2.80711e-06 2.82329e-06 2.88735e-06 seconds or  5223.88 MUPD/s or  125.373 GB/s
STREAM triad of size    16136 : min/avg/max: 2.81553e-06 2.84077e-06 2.88946e-06 seconds or  5731.07 MUPD/s or  137.546 GB/s
STREAM triad of size    17752 : min/avg/max: 2.79587e-06 2.82682e-06 2.88116e-06 seconds or  6349.37 MUPD/s or  152.385 GB/s
STREAM triad of size    19528 : min/avg/max: 2.81077e-06 2.83971e-06 2.90393e-06 seconds or  6947.57 MUPD/s or  166.742 GB/s
STREAM triad of size    21488 : min/avg/max: 2.80451e-06 2.82958e-06 2.90369e-06 seconds or  7661.94 MUPD/s or  183.887 GB/s
STREAM triad of size    23640 : min/avg/max: 2.82369e-06 2.85234e-06 2.95019e-06 seconds or  8372.02 MUPD/s or  200.928 GB/s
STREAM triad of size    26008 : min/avg/max: 2.81779e-06 2.83773e-06 2.91073e-06 seconds or  9229.93 MUPD/s or  221.518 GB/s
STREAM triad of size    28616 : min/avg/max:  2.7926e-06 2.82977e-06 2.92906e-06 seconds or  10247.1 MUPD/s or   245.93 GB/s
STREAM triad of size    31480 : min/avg/max: 2.81059e-06 2.83711e-06 2.94875e-06 seconds or  11200.5 MUPD/s or  268.812 GB/s
STREAM triad of size    34632 : min/avg/max: 2.80793e-06 2.84763e-06 2.93717e-06 seconds or  12333.6 MUPD/s or  296.007 GB/s
STREAM triad of size    38096 : min/avg/max:  2.8258e-06 2.87325e-06 3.06047e-06 seconds or  13481.5 MUPD/s or  323.555 GB/s
STREAM triad of size    41912 : min/avg/max: 2.81355e-06 2.83728e-06 2.96431e-06 seconds or  14896.5 MUPD/s or  357.516 GB/s
STREAM triad of size    46104 : min/avg/max: 2.80742e-06 2.83914e-06 2.97217e-06 seconds or  16422.2 MUPD/s or  394.132 GB/s
STREAM triad of size    50720 : min/avg/max: 2.82685e-06 2.85909e-06 3.00346e-06 seconds or  17942.2 MUPD/s or  430.613 GB/s
STREAM triad of size    55800 : min/avg/max: 2.80516e-06 2.83702e-06 3.04093e-06 seconds or  19891.9 MUPD/s or  477.405 GB/s
STREAM triad of size    61384 : min/avg/max:  2.8526e-06 2.87307e-06 3.03792e-06 seconds or  21518.6 MUPD/s or  516.446 GB/s
STREAM triad of size    67528 : min/avg/max: 2.93999e-06 2.94512e-06 2.95162e-06 seconds or  22968.8 MUPD/s or  551.251 GB/s
STREAM triad of size    74288 : min/avg/max: 3.03025e-06 3.04632e-06 3.23908e-06 seconds or  24515.5 MUPD/s or  588.371 GB/s
STREAM triad of size    81720 : min/avg/max: 3.11449e-06 3.13065e-06 3.28457e-06 seconds or  26238.6 MUPD/s or  629.727 GB/s
STREAM triad of size    89896 : min/avg/max: 3.33363e-06 3.33703e-06   3.343e-06 seconds or  26966.4 MUPD/s or  647.193 GB/s
STREAM triad of size    98888 : min/avg/max:  3.5152e-06 3.52788e-06 3.68414e-06 seconds or  28131.5 MUPD/s or  675.157 GB/s
STREAM triad of size   108784 : min/avg/max: 3.64089e-06 3.64912e-06 3.66034e-06 seconds or  29878.4 MUPD/s or  717.083 GB/s
STREAM triad of size   119664 : min/avg/max: 3.76853e-06 3.77724e-06 3.78453e-06 seconds or  31753.5 MUPD/s or  762.084 GB/s
STREAM triad of size   131632 : min/avg/max: 3.95013e-06 3.95356e-06 3.96192e-06 seconds or  33323.5 MUPD/s or  799.763 GB/s
STREAM triad of size   144800 : min/avg/max: 4.16015e-06 4.17379e-06 4.30008e-06 seconds or  34806.4 MUPD/s or  835.354 GB/s
STREAM triad of size   159288 : min/avg/max: 4.38178e-06 4.38614e-06 4.39227e-06 seconds or  36352.3 MUPD/s or  872.456 GB/s
STREAM triad of size   175224 : min/avg/max: 9.30135e-06 9.43902e-06  9.5878e-06 seconds or  18838.6 MUPD/s or  452.126 GB/s
STREAM triad of size   192752 : min/avg/max: 1.95268e-05 1.95667e-05 1.96203e-05 seconds or  9871.13 MUPD/s or  236.907 GB/s
STREAM triad of size   212032 : min/avg/max: 2.08923e-05 2.09103e-05 2.09283e-05 seconds or  10148.8 MUPD/s or  243.571 GB/s
STREAM triad of size   233240 : min/avg/max: 2.25738e-05 2.25941e-05 2.26152e-05 seconds or  10332.3 MUPD/s or  247.976 GB/s
STREAM triad of size   256568 : min/avg/max: 2.46666e-05 2.46914e-05 2.47546e-05 seconds or  10401.4 MUPD/s or  249.634 GB/s
STREAM triad of size   282232 : min/avg/max: 2.65617e-05  2.6613e-05 2.67077e-05 seconds or  10625.5 MUPD/s or  255.013 GB/s
STREAM triad of size   310456 : min/avg/max: 3.05001e-05 3.05133e-05 3.05359e-05 seconds or  10178.8 MUPD/s or  244.292 GB/s
STREAM triad of size   341504 : min/avg/max: 3.47573e-05  3.4804e-05 3.48739e-05 seconds or  9825.38 MUPD/s or  235.809 GB/s
STREAM triad of size   375656 : min/avg/max: 3.80879e-05 3.81222e-05 3.81678e-05 seconds or  9862.87 MUPD/s or  236.709 GB/s
STREAM triad of size   413224 : min/avg/max: 4.22864e-05 4.23525e-05  4.2404e-05 seconds or  9772.02 MUPD/s or  234.529 GB/s
STREAM triad of size   454552 : min/avg/max:  4.6423e-05 4.64746e-05 4.65412e-05 seconds or  9791.53 MUPD/s or  234.997 GB/s
STREAM triad of size   500008 : min/avg/max: 5.00928e-05 5.01616e-05 5.06839e-05 seconds or  9981.64 MUPD/s or  239.559 GB/s
STREAM triad of size   550016 : min/avg/max:  5.3446e-05 5.34856e-05 5.35344e-05 seconds or  10291.1 MUPD/s or  246.985 GB/s
STREAM triad of size   605024 : min/avg/max: 5.85427e-05 5.85645e-05 5.85909e-05 seconds or  10334.8 MUPD/s or  248.034 GB/s
STREAM triad of size   665528 : min/avg/max: 6.41281e-05 6.41649e-05 6.41899e-05 seconds or  10378.1 MUPD/s or  249.075 GB/s
STREAM triad of size   732088 : min/avg/max: 7.03988e-05 7.04443e-05 7.08478e-05 seconds or  10399.2 MUPD/s or   249.58 GB/s
STREAM triad of size   805304 : min/avg/max: 7.94207e-05 7.96156e-05 8.16353e-05 seconds or  10139.7 MUPD/s or  243.353 GB/s
STREAM triad of size   885840 : min/avg/max: 8.65521e-05 8.66118e-05 8.66664e-05 seconds or  10234.8 MUPD/s or  245.634 GB/s
STREAM triad of size   974432 : min/avg/max: 9.49937e-05 9.50895e-05  9.5204e-05 seconds or  10257.9 MUPD/s or  246.189 GB/s
STREAM triad of size  1071880 : min/avg/max: 0.000103241 0.000103303  0.00010338 seconds or  10382.3 MUPD/s or  249.174 GB/s
STREAM triad of size  1179072 : min/avg/max:  0.00011421 0.000114329 0.000114434 seconds or  10323.7 MUPD/s or  247.768 GB/s
STREAM triad of size  1296984 : min/avg/max: 0.000125571 0.000125696 0.000125812 seconds or  10328.7 MUPD/s or  247.888 GB/s
STREAM triad of size  1426688 : min/avg/max: 0.000138141 0.000138367 0.000138605 seconds or  10327.7 MUPD/s or  247.866 GB/s
STREAM triad of size  1569360 : min/avg/max: 0.000151149 0.000151458   0.0001516 seconds or  10382.9 MUPD/s or  249.189 GB/s
STREAM triad of size  1726304 : min/avg/max: 0.000163121 0.000163272 0.000163453 seconds or  10582.9 MUPD/s or  253.991 GB/s
STREAM triad of size  1898936 : min/avg/max: 0.000181553 0.000181672 0.000181826 seconds or  10459.4 MUPD/s or  251.025 GB/s
STREAM triad of size  2088832 : min/avg/max: 0.000198537 0.000198673 0.000198828 seconds or  10521.1 MUPD/s or  252.507 GB/s
STREAM triad of size  2297720 : min/avg/max: 0.000219361 0.000219568 0.000219776 seconds or  10474.6 MUPD/s or   251.39 GB/s
STREAM triad of size  2527496 : min/avg/max: 0.000239175   0.0002393 0.000239559 seconds or  10567.6 MUPD/s or  253.622 GB/s
STREAM triad of size  2780248 : min/avg/max: 0.000263509 0.000263623 0.000264086 seconds or  10550.8 MUPD/s or   253.22 GB/s
STREAM triad of size  3058280 : min/avg/max: 0.000290267 0.000290472 0.000291024 seconds or  10536.1 MUPD/s or  252.867 GB/s
STREAM triad of size  3364112 : min/avg/max: 0.000320363 0.000320644 0.000321539 seconds or  10500.9 MUPD/s or  252.022 GB/s
STREAM triad of size  3700528 : min/avg/max: 0.000347062  0.00034719 0.000348092 seconds or  10662.5 MUPD/s or  255.899 GB/s
STREAM triad of size  4070584 : min/avg/max: 0.000384927 0.000385226  0.00038623 seconds or  10574.9 MUPD/s or  253.799 GB/s
STREAM triad of size  4477648 : min/avg/max: 0.000426573 0.000426978 0.000428551 seconds or  10496.8 MUPD/s or  251.923 GB/s
STREAM triad of size  4925416 : min/avg/max: 0.000465671 0.000466004 0.000467893 seconds or    10577 MUPD/s or  253.849 GB/s
STREAM triad of size  5417960 : min/avg/max: 0.000510965 0.000511297 0.000512885 seconds or  10603.4 MUPD/s or  254.481 GB/s
STREAM triad of size  5959760 : min/avg/max: 0.000566134  0.00056669 0.000569084 seconds or  10527.1 MUPD/s or  252.651 GB/s
STREAM triad of size  6555744 : min/avg/max: 0.000618679 0.000619575 0.000621679 seconds or  10596.4 MUPD/s or  254.313 GB/s
STREAM triad of size  7211320 : min/avg/max: 0.000680441 0.000680928 0.000683511 seconds or    10598 MUPD/s or  254.352 GB/s
STREAM triad of size  7932456 : min/avg/max: 0.000747699 0.000748247 0.000750977 seconds or  10609.2 MUPD/s or   254.62 GB/s
STREAM triad of size  8725704 : min/avg/max: 0.000828926 0.000829753 0.000832197 seconds or  10526.5 MUPD/s or  252.636 GB/s
STREAM triad of size  9598280 : min/avg/max: 0.000906788  0.00090775 0.000911167 seconds or  10584.9 MUPD/s or  254.038 GB/s
STREAM triad of size 10558112 : min/avg/max: 0.000996009 0.000996722   0.0010003 seconds or  10600.4 MUPD/s or   254.41 GB/s
STREAM triad of size 11613928 : min/avg/max:  0.00109366  0.00109509   0.0010986 seconds or  10619.3 MUPD/s or  254.864 GB/s
STREAM triad of size 12775328 : min/avg/max:  0.00120524  0.00120614  0.00121053 seconds or  10599.8 MUPD/s or  254.396 GB/s
STREAM triad of size 14052864 : min/avg/max:  0.00132711  0.00132862  0.00133342 seconds or  10589.1 MUPD/s or  254.138 GB/s
STREAM triad of size 15458152 : min/avg/max:  0.00145954  0.00146179   0.0014656 seconds or  10591.1 MUPD/s or  254.187 GB/s
STREAM triad of size 17003968 : min/avg/max:   0.0016024  0.00160421  0.00161048 seconds or  10611.6 MUPD/s or  254.678 GB/s
STREAM triad of size 18704368 : min/avg/max:  0.00176712  0.00176843  0.00177504 seconds or  10584.6 MUPD/s or  254.031 GB/s
STREAM triad of size 20574808 : min/avg/max:  0.00194155  0.00194354  0.00195263 seconds or  10597.1 MUPD/s or  254.331 GB/s
STREAM triad of size 22632296 : min/avg/max:  0.00213136  0.00213333  0.00214321 seconds or  10618.7 MUPD/s or  254.849 GB/s
STREAM triad of size 24895528 : min/avg/max:  0.00234856  0.00235065  0.00235783 seconds or  10600.4 MUPD/s or  254.409 GB/s
STREAM triad of size 27385088 : min/avg/max:  0.00258214  0.00258547  0.00259625 seconds or  10605.6 MUPD/s or  254.534 GB/s
STREAM triad of size 30123600 : min/avg/max:  0.00283663  0.00284008  0.00285174 seconds or  10619.5 MUPD/s or  254.868 GB/s
STREAM triad of size 33135968 : min/avg/max:  0.00312814  0.00313095  0.00314359 seconds or  10592.9 MUPD/s or  254.229 GB/s
STREAM triad of size 36449568 : min/avg/max:  0.00344587  0.00344916  0.00346788 seconds or  10577.7 MUPD/s or  253.866 GB/s
STREAM triad of size 40094528 : min/avg/max:  0.00378007  0.00378404  0.00380024 seconds or  10606.8 MUPD/s or  254.564 GB/s
STREAM triad of size 44103984 : min/avg/max:  0.00415811  0.00416167  0.00417988 seconds or  10606.7 MUPD/s or  254.562 GB/s
STREAM triad of size 48514384 : min/avg/max:  0.00457447  0.00457806  0.00459081 seconds or  10605.5 MUPD/s or  254.531 GB/s
STREAM triad of size 53365824 : min/avg/max:  0.00503603  0.00504343  0.00508067 seconds or  10596.8 MUPD/s or  254.323 GB/s
STREAM triad of size 58702408 : min/avg/max:  0.00557912  0.00558735  0.00562316 seconds or  10521.8 MUPD/s or  252.523 GB/s
STREAM triad of size 64572656 : min/avg/max:  0.00609594  0.00610119  0.00613206 seconds or  10592.7 MUPD/s or  254.226 GB/s
STREAM triad of size 71029928 : min/avg/max:  0.00669258  0.00670204  0.00677617 seconds or  10613.2 MUPD/s or  254.718 GB/s
STREAM triad of size 78132928 : min/avg/max:  0.00736051  0.00737127  0.00740844 seconds or  10615.1 MUPD/s or  254.764 GB/s
STREAM triad of size 85946224 : min/avg/max:  0.00810481  0.00811323  0.00815539 seconds or  10604.3 MUPD/s or  254.504 GB/s
STREAM triad of size 94540848 : min/avg/max:  0.00889964  0.00890958  0.00894357 seconds or    10623 MUPD/s or  254.952 GB/s
STREAM triad of size 103994936 : min/avg/max:  0.00980155  0.00980695  0.00983605 seconds or    10610 MUPD/s or  254.641 GB/s
STREAM triad of size 114394432 : min/avg/max:   0.0107889   0.0107998   0.0108285 seconds or  10602.9 MUPD/s or   254.47 GB/s
STREAM triad of size 125833880 : min/avg/max:   0.0118595    0.011868   0.0119028 seconds or  10610.4 MUPD/s or  254.649 GB/s
STREAM triad of size 138417272 : min/avg/max:   0.0130453   0.0130578   0.0130931 seconds or  10610.5 MUPD/s or  254.652 GB/s
STREAM triad of size 152259000 : min/avg/max:   0.0143472   0.0143575   0.0143903 seconds or  10612.5 MUPD/s or  254.699 GB/s
STREAM triad of size 167484904 : min/avg/max:   0.0157554    0.015767   0.0158074 seconds or  10630.3 MUPD/s or  255.128 GB/s
STREAM triad of size 184233400 : min/avg/max:    0.017358   0.0173715   0.0174176 seconds or  10613.8 MUPD/s or   254.73 GB/s
STREAM triad of size 202656744 : min/avg/max:   0.0191067   0.0191181     0.01915 seconds or  10606.6 MUPD/s or  254.558 GB/s
STREAM triad of size 222922424 : min/avg/max:   0.0209855   0.0218611   0.0331547 seconds or  10622.7 MUPD/s or  254.945 GB/s
STREAM triad of size 245214672 : min/avg/max:   0.0231359   0.0231486   0.0231769 seconds or  10598.9 MUPD/s or  254.374 GB/s
STREAM triad of size 269736144 : min/avg/max:   0.0248143   0.0251817   0.0254608 seconds or  10870.2 MUPD/s or  260.885 GB/s
STREAM triad of size 296709760 : min/avg/max:   0.0269636   0.0274177   0.0279917 seconds or  11004.1 MUPD/s or  264.098 GB/s
STREAM triad of size 326380744 : min/avg/max:   0.0296428   0.0302838   0.0311004 seconds or  11010.5 MUPD/s or  264.251 GB/s
STREAM triad of size 359018824 : min/avg/max:   0.0326124   0.0334078   0.0338699 seconds or  11008.7 MUPD/s or  264.208 GB/s
STREAM triad of size 394920712 : min/avg/max:    0.035856   0.0366839   0.0371882 seconds or  11014.1 MUPD/s or  264.338 GB/s
STREAM triad of size 434412784 : min/avg/max:   0.0394744   0.0404885   0.0409998 seconds or  11004.9 MUPD/s or  264.118 GB/s
STREAM triad of size 477854064 : min/avg/max:   0.0434091   0.0445699   0.0450778 seconds or  11008.2 MUPD/s or  264.196 GB/s
STREAM triad of size 525639472 : min/avg/max:   0.0477345   0.0489691   0.0495445 seconds or  11011.7 MUPD/s or  264.281 GB/s
STREAM triad of size 578203424 : min/avg/max:    0.052532   0.0540396   0.0545493 seconds or  11006.7 MUPD/s or  264.161 GB/s
STREAM triad of size 636023768 : min/avg/max:   0.0577394    0.059354   0.0598827 seconds or  11015.4 MUPD/s or   264.37 GB/s
Error in computation, got 0 instead of 526
STREAM triad of size 699626152 : min/avg/max:    3.09e-07  8.6995e-07  1.1264e-05 seconds or 2.26416e+09 MUPD/s or 5.43399e+07 GB/s
Error in computation, got 0 instead of 526
STREAM triad of size 769588768 : min/avg/max:    3.01e-07    8.93e-07  1.1761e-05 seconds or 2.55677e+09 MUPD/s or 6.13626e+07 GB/s
Error in computation, got 0 instead of 526
STREAM triad of size 846547648 : min/avg/max:    2.86e-07   8.527e-07    1.12e-05 seconds or 2.95996e+09 MUPD/s or 7.1039e+07 GB/s
Error in computation, got 0 instead of 526
STREAM triad of size 931202416 : min/avg/max:    2.99e-07  1.7102e-06   2.817e-05 seconds or 3.11439e+09 MUPD/s or 7.47453e+07 GB/s
