STREAM triad of size        8 : min/avg/max: 6.02771e-09  6.6548e-09 9.62647e-09 seconds or   1327.2 MUPD/s or  15.9264 GB/s
STREAM triad of size       16 : min/avg/max: 1.13854e-08 1.14227e-08 1.14542e-08 seconds or  1405.31 MUPD/s or  16.8637 GB/s
STREAM triad of size       24 : min/avg/max: 1.67432e-08 1.67903e-08 1.68405e-08 seconds or  1433.42 MUPD/s or  17.2011 GB/s
STREAM triad of size       32 : min/avg/max: 2.21009e-08 2.21679e-08 2.22342e-08 seconds or  1447.91 MUPD/s or  17.3749 GB/s
STREAM triad of size       40 : min/avg/max: 3.34864e-08 3.35856e-08 3.36474e-08 seconds or  1194.51 MUPD/s or  14.3342 GB/s
STREAM triad of size       48 : min/avg/max: 3.88452e-08 3.89673e-08 3.91686e-08 seconds or  1235.67 MUPD/s or  14.8281 GB/s
STREAM triad of size       56 : min/avg/max: 4.42012e-08  4.4336e-08 4.44849e-08 seconds or  1266.93 MUPD/s or  15.2032 GB/s
STREAM triad of size       64 : min/avg/max: 4.95595e-08  4.9702e-08 4.98828e-08 seconds or  1291.38 MUPD/s or  15.4965 GB/s
STREAM triad of size       72 : min/avg/max: 5.49171e-08  5.5097e-08 5.52732e-08 seconds or  1311.07 MUPD/s or  15.7328 GB/s
STREAM triad of size       80 : min/avg/max: 6.02737e-08 6.04635e-08 6.07975e-08 seconds or  1327.28 MUPD/s or  15.9273 GB/s
STREAM triad of size       96 : min/avg/max: 7.09894e-08  7.1227e-08 7.15352e-08 seconds or  1352.31 MUPD/s or  16.2278 GB/s
STREAM triad of size      112 : min/avg/max: 8.17027e-08   8.194e-08 8.22525e-08 seconds or  1370.82 MUPD/s or  16.4499 GB/s
STREAM triad of size      128 : min/avg/max: 9.24182e-08 9.27306e-08 9.29435e-08 seconds or  1385.01 MUPD/s or  16.6201 GB/s
STREAM triad of size      144 : min/avg/max: 1.03136e-07 1.03488e-07 1.04008e-07 seconds or  1396.21 MUPD/s or  16.7546 GB/s
STREAM triad of size      160 : min/avg/max: 1.13855e-07 1.14218e-07 1.14479e-07 seconds or   1405.3 MUPD/s or  16.8636 GB/s
STREAM triad of size      184 : min/avg/max: 1.29922e-07 1.30298e-07 1.30755e-07 seconds or  1416.23 MUPD/s or  16.9948 GB/s
STREAM triad of size      208 : min/avg/max: 1.45998e-07 1.46443e-07 1.47014e-07 seconds or  1424.68 MUPD/s or  17.0961 GB/s
STREAM triad of size      232 : min/avg/max: 1.62071e-07 1.62598e-07 1.63094e-07 seconds or  1431.47 MUPD/s or  17.1777 GB/s
STREAM triad of size      256 : min/avg/max: 1.78137e-07  1.7865e-07 1.79082e-07 seconds or   1437.1 MUPD/s or  17.2452 GB/s
STREAM triad of size      288 : min/avg/max: 1.99572e-07 2.00224e-07 2.00705e-07 seconds or  1443.09 MUPD/s or  17.3171 GB/s
STREAM triad of size      320 : min/avg/max: 2.21005e-07 2.21738e-07 2.23245e-07 seconds or  1447.93 MUPD/s or  17.3752 GB/s
STREAM triad of size      360 : min/avg/max: 2.47791e-07 2.48641e-07 2.51888e-07 seconds or  1452.84 MUPD/s or  17.4341 GB/s
STREAM triad of size      400 : min/avg/max: 2.74578e-07 2.75433e-07 2.76116e-07 seconds or  1456.78 MUPD/s or  17.4814 GB/s
STREAM triad of size      448 : min/avg/max: 3.06723e-07 3.07671e-07 3.08626e-07 seconds or   1460.6 MUPD/s or  17.5272 GB/s
STREAM triad of size      496 : min/avg/max: 3.38876e-07 3.39962e-07 3.41067e-07 seconds or  1463.66 MUPD/s or   17.564 GB/s
STREAM triad of size      552 : min/avg/max:  3.7637e-07 3.77469e-07 3.78459e-07 seconds or  1466.64 MUPD/s or  17.5997 GB/s
STREAM triad of size      608 : min/avg/max: 4.13886e-07 4.15126e-07 4.16225e-07 seconds or     1469 MUPD/s or   17.628 GB/s
STREAM triad of size      672 : min/avg/max:  4.5674e-07 4.58318e-07 4.59224e-07 seconds or   1471.3 MUPD/s or  17.6556 GB/s
STREAM triad of size      744 : min/avg/max: 5.04956e-07 5.06626e-07 5.10844e-07 seconds or   1473.4 MUPD/s or  17.6808 GB/s
STREAM triad of size      824 : min/avg/max:  5.5857e-07  5.6023e-07 5.61681e-07 seconds or  1475.19 MUPD/s or  17.7023 GB/s
STREAM triad of size      912 : min/avg/max: 6.17466e-07 6.19203e-07 6.20909e-07 seconds or     1477 MUPD/s or   17.724 GB/s
STREAM triad of size     1008 : min/avg/max: 6.81792e-07 6.84388e-07 6.88507e-07 seconds or  1478.46 MUPD/s or  17.7415 GB/s
STREAM triad of size     1112 : min/avg/max: 7.51424e-07 7.53697e-07 7.55978e-07 seconds or  1479.86 MUPD/s or  17.7583 GB/s
STREAM triad of size     1224 : min/avg/max: 8.26426e-07 8.28953e-07 8.31099e-07 seconds or  1481.08 MUPD/s or  17.7729 GB/s
STREAM triad of size     1352 : min/avg/max: 9.12192e-07 9.15156e-07 9.22005e-07 seconds or  1482.14 MUPD/s or  17.7857 GB/s
STREAM triad of size     1488 : min/avg/max: 1.00326e-06 1.00632e-06  1.0103e-06 seconds or  1483.16 MUPD/s or   17.798 GB/s
STREAM triad of size     1640 : min/avg/max:  1.1051e-06 1.10822e-06 1.11195e-06 seconds or  1484.04 MUPD/s or  17.8084 GB/s
STREAM triad of size     1808 : min/avg/max: 1.21761e-06 1.22131e-06 1.22473e-06 seconds or  1484.87 MUPD/s or  17.8184 GB/s
STREAM triad of size     1992 : min/avg/max: 1.34084e-06 1.34507e-06 1.35076e-06 seconds or  1485.63 MUPD/s or  17.8276 GB/s
STREAM triad of size     2192 : min/avg/max: 1.47486e-06 1.47955e-06 1.48519e-06 seconds or  1486.24 MUPD/s or  17.8349 GB/s
STREAM triad of size     2416 : min/avg/max: 1.62491e-06 1.62981e-06 1.63438e-06 seconds or  1486.85 MUPD/s or  17.8423 GB/s
STREAM triad of size     2664 : min/avg/max: 1.79107e-06 1.79603e-06 1.80138e-06 seconds or  1487.38 MUPD/s or  17.8485 GB/s
STREAM triad of size     2936 : min/avg/max: 1.98197e-06 1.98928e-06 2.00326e-06 seconds or  1481.35 MUPD/s or  17.7762 GB/s
STREAM triad of size     3232 : min/avg/max: 2.17741e-06 2.18701e-06 2.20518e-06 seconds or  1484.33 MUPD/s or   17.812 GB/s
STREAM triad of size     3560 : min/avg/max: 2.39951e-06 2.40716e-06 2.41427e-06 seconds or  1483.63 MUPD/s or  17.8036 GB/s
STREAM triad of size     3920 : min/avg/max: 2.63965e-06 2.64893e-06 2.65905e-06 seconds or  1485.04 MUPD/s or  17.8205 GB/s
STREAM triad of size     4320 : min/avg/max:  2.9081e-06 2.91723e-06 2.92585e-06 seconds or   1485.5 MUPD/s or  17.8261 GB/s
STREAM triad of size     4760 : min/avg/max:  3.2054e-06 3.21464e-06 3.22512e-06 seconds or  1484.99 MUPD/s or  17.8199 GB/s
STREAM triad of size     5240 : min/avg/max: 3.52599e-06 3.53726e-06 3.54661e-06 seconds or  1486.11 MUPD/s or  17.8333 GB/s
STREAM triad of size     5768 : min/avg/max: 3.88317e-06 3.90032e-06  3.9743e-06 seconds or  1485.39 MUPD/s or  17.8246 GB/s
STREAM triad of size     6352 : min/avg/max:  4.2725e-06 4.28689e-06 4.30272e-06 seconds or  1486.72 MUPD/s or  17.8406 GB/s
STREAM triad of size     6992 : min/avg/max: 4.70356e-06 4.72031e-06 4.73353e-06 seconds or  1486.53 MUPD/s or  17.8384 GB/s
STREAM triad of size     7696 : min/avg/max: 5.19206e-06 5.20684e-06 5.22481e-06 seconds or  1482.26 MUPD/s or  17.7872 GB/s
STREAM triad of size     8472 : min/avg/max: 5.69869e-06 5.71638e-06 5.74176e-06 seconds or  1486.66 MUPD/s or  17.8399 GB/s
STREAM triad of size     9320 : min/avg/max: 6.26659e-06  6.2877e-06 6.30858e-06 seconds or  1487.25 MUPD/s or   17.847 GB/s
STREAM triad of size    10256 : min/avg/max: 7.07532e-06 7.09788e-06 7.11853e-06 seconds or  1449.54 MUPD/s or  17.3945 GB/s
STREAM triad of size    11288 : min/avg/max: 7.79003e-06 7.81312e-06 7.84234e-06 seconds or  1449.03 MUPD/s or  17.3884 GB/s
STREAM triad of size    12424 : min/avg/max:  8.3617e-06 8.39074e-06 8.42568e-06 seconds or  1485.82 MUPD/s or  17.8299 GB/s
STREAM triad of size    13672 : min/avg/max: 9.21195e-06 9.24437e-06 9.26873e-06 seconds or  1484.16 MUPD/s or  17.8099 GB/s
STREAM triad of size    15040 : min/avg/max: 1.01904e-05 1.02205e-05 1.02475e-05 seconds or  1475.89 MUPD/s or  17.7107 GB/s
STREAM triad of size    16552 : min/avg/max: 1.12355e-05 1.12717e-05 1.13194e-05 seconds or  1473.19 MUPD/s or  17.6783 GB/s
STREAM triad of size    18208 : min/avg/max: 1.23629e-05 1.23987e-05 1.24479e-05 seconds or  1472.79 MUPD/s or  17.6735 GB/s
STREAM triad of size    20032 : min/avg/max: 1.36049e-05 1.36443e-05 1.36804e-05 seconds or  1472.41 MUPD/s or  17.6689 GB/s
STREAM triad of size    22040 : min/avg/max: 1.50153e-05 1.50643e-05 1.51114e-05 seconds or  1467.84 MUPD/s or  17.6141 GB/s
STREAM triad of size    24248 : min/avg/max: 1.66166e-05 1.66796e-05 1.67696e-05 seconds or  1459.26 MUPD/s or  17.5112 GB/s
STREAM triad of size    26680 : min/avg/max:  1.8387e-05 1.84501e-05 1.86929e-05 seconds or  1451.02 MUPD/s or  17.4123 GB/s
STREAM triad of size    29352 : min/avg/max: 2.02263e-05 2.02888e-05 2.03399e-05 seconds or  1451.18 MUPD/s or  17.4141 GB/s
STREAM triad of size    32288 : min/avg/max: 2.23007e-05  2.2382e-05 2.25277e-05 seconds or  1447.85 MUPD/s or  17.3742 GB/s
STREAM triad of size    35520 : min/avg/max: 2.47162e-05  2.4794e-05 2.48821e-05 seconds or  1437.11 MUPD/s or  17.2454 GB/s
STREAM triad of size    39080 : min/avg/max: 2.73068e-05 2.73868e-05 2.74596e-05 seconds or  1431.15 MUPD/s or  17.1738 GB/s
STREAM triad of size    42992 : min/avg/max: 3.00396e-05 3.01275e-05 3.02034e-05 seconds or  1431.18 MUPD/s or  17.1741 GB/s
STREAM triad of size    47296 : min/avg/max: 3.30886e-05 3.31984e-05 3.34131e-05 seconds or  1429.37 MUPD/s or  17.1525 GB/s
STREAM triad of size    52032 : min/avg/max: 3.63946e-05 3.65212e-05  3.6658e-05 seconds or  1429.66 MUPD/s or   17.156 GB/s
STREAM triad of size    57240 : min/avg/max: 4.00319e-05  4.0151e-05 4.02573e-05 seconds or  1429.86 MUPD/s or  17.1583 GB/s
STREAM triad of size    62968 : min/avg/max: 4.40412e-05 4.41739e-05 4.42998e-05 seconds or  1429.75 MUPD/s or   17.157 GB/s
STREAM triad of size    69272 : min/avg/max: 4.84659e-05 4.87769e-05 5.03924e-05 seconds or  1429.29 MUPD/s or  17.1515 GB/s
STREAM triad of size    76200 : min/avg/max: 5.32959e-05 5.34698e-05 5.35879e-05 seconds or  1429.75 MUPD/s or   17.157 GB/s
STREAM triad of size    83824 : min/avg/max: 5.86397e-05  5.8811e-05 5.89586e-05 seconds or  1429.48 MUPD/s or  17.1537 GB/s
STREAM triad of size    92208 : min/avg/max: 6.44848e-05 6.46692e-05 6.48458e-05 seconds or  1429.92 MUPD/s or   17.159 GB/s
STREAM triad of size   101432 : min/avg/max: 7.09801e-05 7.12086e-05 7.14868e-05 seconds or  1429.02 MUPD/s or  17.1482 GB/s
STREAM triad of size   111576 : min/avg/max: 7.80604e-05 7.83217e-05 7.86301e-05 seconds or  1429.36 MUPD/s or  17.1523 GB/s
STREAM triad of size   122736 : min/avg/max: 8.58708e-05 8.61457e-05 8.63746e-05 seconds or  1429.31 MUPD/s or  17.1517 GB/s
STREAM triad of size   135016 : min/avg/max: 9.44782e-05 9.47759e-05 9.52937e-05 seconds or  1429.07 MUPD/s or  17.1488 GB/s
STREAM triad of size   148520 : min/avg/max: 0.000104007 0.000104327 0.000104779 seconds or  1427.98 MUPD/s or  17.1358 GB/s
STREAM triad of size   163376 : min/avg/max: 0.000114396 0.000114779 0.000115044 seconds or  1428.16 MUPD/s or  17.1379 GB/s
STREAM triad of size   179720 : min/avg/max: 0.000126058 0.000126482 0.000127659 seconds or  1425.69 MUPD/s or  17.1083 GB/s
STREAM triad of size   197696 : min/avg/max: 0.000139821 0.000140419 0.000141584 seconds or  1413.92 MUPD/s or  16.9671 GB/s
STREAM triad of size   217472 : min/avg/max: 0.000154236 0.000154736 0.000155069 seconds or  1409.99 MUPD/s or  16.9199 GB/s
STREAM triad of size   239224 : min/avg/max: 0.000170085 0.000170597 0.000171066 seconds or   1406.5 MUPD/s or   16.878 GB/s
STREAM triad of size   263152 : min/avg/max:  0.00018709 0.000187659 0.000188116 seconds or  1406.56 MUPD/s or  16.8787 GB/s
STREAM triad of size   289472 : min/avg/max: 0.000205697 0.000206287 0.000206787 seconds or  1407.27 MUPD/s or  16.8873 GB/s
STREAM triad of size   318424 : min/avg/max: 0.000226333 0.000227021 0.000227696 seconds or  1406.88 MUPD/s or  16.8826 GB/s
STREAM triad of size   350272 : min/avg/max: 0.000248905 0.000249652 0.000250281 seconds or  1407.25 MUPD/s or   16.887 GB/s
STREAM triad of size   385304 : min/avg/max: 0.000273808 0.000274696  0.00027631 seconds or  1407.21 MUPD/s or  16.8865 GB/s
STREAM triad of size   423840 : min/avg/max:  0.00030126 0.000302127 0.000302912 seconds or  1406.89 MUPD/s or  16.8827 GB/s
STREAM triad of size   466232 : min/avg/max:   0.0003314 0.000332396 0.000333231 seconds or  1406.86 MUPD/s or  16.8823 GB/s
STREAM triad of size   512856 : min/avg/max: 0.000364543 0.000365734 0.000366892 seconds or  1406.85 MUPD/s or  16.8821 GB/s
STREAM triad of size   564144 : min/avg/max: 0.000400886 0.000402122 0.000403583 seconds or  1407.24 MUPD/s or  16.8869 GB/s
STREAM triad of size   620560 : min/avg/max: 0.000440985 0.000442384 0.000444207 seconds or  1407.21 MUPD/s or  16.8866 GB/s
STREAM triad of size   682624 : min/avg/max: 0.000485062  0.00048655 0.000489004 seconds or  1407.29 MUPD/s or  16.8875 GB/s
STREAM triad of size   750888 : min/avg/max: 0.000534442 0.000536378 0.000537809 seconds or  1404.99 MUPD/s or  16.8599 GB/s
STREAM triad of size   825984 : min/avg/max: 0.000586875 0.000589804 0.000610641 seconds or  1407.43 MUPD/s or  16.8891 GB/s
STREAM triad of size   908584 : min/avg/max:  0.00064848 0.000650529  0.00065324 seconds or   1401.1 MUPD/s or  16.8132 GB/s
STREAM triad of size   999448 : min/avg/max: 0.000717143 0.000719739 0.000721393 seconds or  1393.65 MUPD/s or  16.7238 GB/s
STREAM triad of size  1099400 : min/avg/max: 0.000793028 0.000795677 0.000799288 seconds or  1386.33 MUPD/s or   16.636 GB/s
STREAM triad of size  1209344 : min/avg/max: 0.000892375 0.000895579 0.000898045 seconds or   1355.2 MUPD/s or  16.2624 GB/s
STREAM triad of size  1330280 : min/avg/max: 0.000999098  0.00100344  0.00101192 seconds or  1331.48 MUPD/s or  15.9778 GB/s
STREAM triad of size  1463312 : min/avg/max:  0.00114861  0.00115401  0.00117274 seconds or  1273.98 MUPD/s or  15.2878 GB/s
STREAM triad of size  1609648 : min/avg/max:  0.00129659  0.00130102  0.00130598 seconds or  1241.45 MUPD/s or  14.8974 GB/s
STREAM triad of size  1770616 : min/avg/max:  0.00149125  0.00149627  0.00150182 seconds or  1187.34 MUPD/s or  14.2481 GB/s
STREAM triad of size  1947680 : min/avg/max:  0.00171116  0.00171768  0.00172163 seconds or  1138.22 MUPD/s or  13.6587 GB/s
STREAM triad of size  2142456 : min/avg/max:  0.00194485  0.00195183  0.00195586 seconds or   1101.6 MUPD/s or  13.2192 GB/s
STREAM triad of size  2356704 : min/avg/max:  0.00220172  0.00220891  0.00221325 seconds or  1070.39 MUPD/s or  12.8447 GB/s
STREAM triad of size  2592376 : min/avg/max:  0.00245697  0.00246797  0.00249516 seconds or  1055.11 MUPD/s or  12.6613 GB/s
STREAM triad of size  2851616 : min/avg/max:  0.00272636  0.00273558  0.00274212 seconds or  1045.94 MUPD/s or  12.5513 GB/s
STREAM triad of size  3136784 : min/avg/max:  0.00300519  0.00302625  0.00311872 seconds or  1043.79 MUPD/s or  12.5255 GB/s
STREAM triad of size  3450464 : min/avg/max:  0.00332673  0.00333799  0.00334729 seconds or  1037.19 MUPD/s or  12.4463 GB/s
STREAM triad of size  3795512 : min/avg/max:  0.00366686  0.00368104  0.00369737 seconds or  1035.09 MUPD/s or   12.421 GB/s
STREAM triad of size  4175064 : min/avg/max:  0.00403959  0.00405758  0.00406993 seconds or  1033.54 MUPD/s or  12.4025 GB/s
STREAM triad of size  4592576 : min/avg/max:  0.00444432  0.00446046   0.0044736 seconds or  1033.36 MUPD/s or  12.4003 GB/s
STREAM triad of size  5051840 : min/avg/max:  0.00488706  0.00490848  0.00492907 seconds or  1033.72 MUPD/s or  12.4046 GB/s
STREAM triad of size  5557032 : min/avg/max:  0.00537732  0.00539499  0.00541717 seconds or  1033.42 MUPD/s or   12.401 GB/s
STREAM triad of size  6112736 : min/avg/max:  0.00592216  0.00594566  0.00598078 seconds or  1032.18 MUPD/s or  12.3862 GB/s
STREAM triad of size  6724016 : min/avg/max:   0.0065034   0.0065373  0.00667351 seconds or  1033.92 MUPD/s or  12.4071 GB/s
STREAM triad of size  7396424 : min/avg/max:  0.00714696  0.00717422  0.00718305 seconds or   1034.9 MUPD/s or  12.4189 GB/s
STREAM triad of size  8136072 : min/avg/max:  0.00787676  0.00790589  0.00793141 seconds or  1032.92 MUPD/s or  12.3951 GB/s
STREAM triad of size  8949680 : min/avg/max:  0.00865918  0.00869018   0.0087212 seconds or  1033.55 MUPD/s or  12.4026 GB/s
STREAM triad of size  9844656 : min/avg/max:  0.00953255  0.00956746  0.00960154 seconds or  1032.74 MUPD/s or  12.3929 GB/s
STREAM triad of size 10829128 : min/avg/max:    0.010465   0.0105006   0.0105206 seconds or   1034.8 MUPD/s or  12.4176 GB/s
STREAM triad of size 11912048 : min/avg/max:   0.0115405   0.0115814   0.0116319 seconds or  1032.19 MUPD/s or  12.3863 GB/s
STREAM triad of size 13103256 : min/avg/max:   0.0126806   0.0127283   0.0127904 seconds or  1033.33 MUPD/s or  12.3999 GB/s
STREAM triad of size 14413584 : min/avg/max:   0.0139537   0.0139979   0.0140254 seconds or  1032.96 MUPD/s or  12.3955 GB/s
STREAM triad of size 15854944 : min/avg/max:   0.0153551   0.0158288   0.0237629 seconds or  1032.55 MUPD/s or  12.3907 GB/s
STREAM triad of size 17440440 : min/avg/max:   0.0168565   0.0169195   0.0169769 seconds or  1034.64 MUPD/s or  12.4157 GB/s
STREAM triad of size 19184488 : min/avg/max:   0.0185713   0.0186342   0.0186972 seconds or  1033.02 MUPD/s or  12.3962 GB/s
STREAM triad of size 21102944 : min/avg/max:   0.0204433   0.0205078   0.0205736 seconds or  1032.27 MUPD/s or  12.3872 GB/s
STREAM triad of size 23213240 : min/avg/max:   0.0224762   0.0226186   0.0235484 seconds or  1032.79 MUPD/s or  12.3935 GB/s
STREAM triad of size 25534568 : min/avg/max:   0.0247276   0.0248142    0.024883 seconds or  1032.63 MUPD/s or  12.3916 GB/s
STREAM triad of size 28088032 : min/avg/max:    0.027194   0.0273016   0.0274021 seconds or  1032.88 MUPD/s or  12.3945 GB/s
STREAM triad of size 30896840 : min/avg/max:   0.0299145   0.0300209   0.0301014 seconds or  1032.84 MUPD/s or   12.394 GB/s
STREAM triad of size 33986528 : min/avg/max:   0.0328961   0.0330095    0.033197 seconds or  1033.15 MUPD/s or  12.3978 GB/s
STREAM triad of size 37385184 : min/avg/max:   0.0361616   0.0363184   0.0364657 seconds or  1033.84 MUPD/s or   12.406 GB/s
STREAM triad of size 41123704 : min/avg/max:   0.0397355   0.0399254   0.0407142 seconds or  1034.94 MUPD/s or  12.4192 GB/s
STREAM triad of size 45236080 : min/avg/max:   0.0436843   0.0438558   0.0439907 seconds or  1035.52 MUPD/s or  12.4263 GB/s
STREAM triad of size 49759696 : min/avg/max:   0.0481875   0.0483488   0.0485558 seconds or  1032.63 MUPD/s or  12.3915 GB/s
STREAM triad of size 54735672 : min/avg/max:   0.0530047   0.0532319   0.0535212 seconds or  1032.66 MUPD/s or  12.3919 GB/s
STREAM triad of size 60209240 : min/avg/max:   0.0583275   0.0585191   0.0588126 seconds or  1032.26 MUPD/s or  12.3871 GB/s
STREAM triad of size 66230168 : min/avg/max:   0.0641069   0.0643973   0.0647995 seconds or  1033.12 MUPD/s or  12.3975 GB/s
STREAM triad of size 72853192 : min/avg/max:   0.0705398   0.0708198   0.0711528 seconds or   1032.8 MUPD/s or  12.3935 GB/s
STREAM triad of size 80138512 : min/avg/max:    0.077623   0.0779121   0.0782511 seconds or  1032.41 MUPD/s or  12.3889 GB/s
STREAM triad of size 88152368 : min/avg/max:   0.0853878   0.0856862   0.0859085 seconds or  1032.38 MUPD/s or  12.3885 GB/s
STREAM triad of size 96967608 : min/avg/max:    0.093893    0.094242   0.0945228 seconds or  1032.75 MUPD/s or   12.393 GB/s
