STREAM triad of size        8 : min/avg/max:  1.6996e-09 2.30883e-09 3.50444e-09 seconds or  4706.98 MUPD/s or  56.4837 GB/s
STREAM triad of size       16 : min/avg/max: 3.68389e-09  3.7429e-09 3.80565e-09 seconds or  4343.24 MUPD/s or  52.1189 GB/s
STREAM triad of size       24 : min/avg/max: 5.09805e-09 5.13703e-09 5.23359e-09 seconds or  4707.68 MUPD/s or  56.4922 GB/s
STREAM triad of size       32 : min/avg/max: 6.39506e-09 6.53529e-09 6.67746e-09 seconds or  5003.86 MUPD/s or  60.0463 GB/s
STREAM triad of size       40 : min/avg/max: 7.95775e-09 8.36392e-09 8.80809e-09 seconds or  5026.54 MUPD/s or  60.3185 GB/s
STREAM triad of size       48 : min/avg/max: 9.23032e-09 9.50702e-09 9.75491e-09 seconds or  5200.25 MUPD/s or   62.403 GB/s
STREAM triad of size       56 : min/avg/max: 1.05266e-08 1.09896e-08 1.15942e-08 seconds or  5319.87 MUPD/s or  63.8385 GB/s
STREAM triad of size       64 : min/avg/max: 1.18672e-08 1.25631e-08 1.33917e-08 seconds or  5393.01 MUPD/s or  64.7161 GB/s
STREAM triad of size       72 : min/avg/max: 1.32571e-08 1.38759e-08 1.44369e-08 seconds or  5431.06 MUPD/s or  65.1728 GB/s
STREAM triad of size       80 : min/avg/max: 1.46578e-08 1.54563e-08 1.67157e-08 seconds or  5457.84 MUPD/s or  65.4941 GB/s
STREAM triad of size       96 : min/avg/max: 1.74618e-08 1.79717e-08 1.89803e-08 seconds or  5497.72 MUPD/s or  65.9726 GB/s
STREAM triad of size      112 : min/avg/max: 2.00949e-08 2.08725e-08 2.14963e-08 seconds or  5573.54 MUPD/s or  66.8825 GB/s
STREAM triad of size      128 : min/avg/max: 2.28812e-08 2.35426e-08 2.44455e-08 seconds or  5594.12 MUPD/s or  67.1294 GB/s
STREAM triad of size      144 : min/avg/max: 2.53622e-08 2.60747e-08 2.71815e-08 seconds or  5677.74 MUPD/s or  68.1329 GB/s
STREAM triad of size      160 : min/avg/max: 2.82437e-08 2.88949e-08 2.97827e-08 seconds or  5664.97 MUPD/s or  67.9797 GB/s
STREAM triad of size      184 : min/avg/max: 3.21053e-08  3.2991e-08 3.37912e-08 seconds or  5731.14 MUPD/s or  68.7737 GB/s
STREAM triad of size      208 : min/avg/max: 3.61248e-08  3.6997e-08  3.8158e-08 seconds or  5757.82 MUPD/s or  69.0939 GB/s
STREAM triad of size      232 : min/avg/max: 4.02429e-08 4.10122e-08 4.25572e-08 seconds or  5764.99 MUPD/s or  69.1799 GB/s
STREAM triad of size      256 : min/avg/max: 4.42745e-08 4.51428e-08 4.64312e-08 seconds or  5782.11 MUPD/s or  69.3853 GB/s
STREAM triad of size      288 : min/avg/max: 5.59177e-08 5.61553e-08 5.70382e-08 seconds or  5150.43 MUPD/s or  61.8051 GB/s
STREAM triad of size      320 : min/avg/max: 6.12764e-08 6.14518e-08 6.24304e-08 seconds or  5222.23 MUPD/s or  62.6668 GB/s
STREAM triad of size      360 : min/avg/max: 6.79684e-08 6.81822e-08  6.9296e-08 seconds or  5296.58 MUPD/s or  63.5589 GB/s
STREAM triad of size      400 : min/avg/max: 7.46697e-08 7.49129e-08 7.60849e-08 seconds or  5356.93 MUPD/s or  64.2831 GB/s
STREAM triad of size      448 : min/avg/max: 8.27032e-08 8.34203e-08  8.6007e-08 seconds or  5416.96 MUPD/s or  65.0035 GB/s
STREAM triad of size      496 : min/avg/max: 9.07426e-08 9.10997e-08 9.25971e-08 seconds or  5466.01 MUPD/s or  65.5921 GB/s
STREAM triad of size      552 : min/avg/max: 1.00118e-07 1.00329e-07 1.02046e-07 seconds or  5513.49 MUPD/s or  66.1619 GB/s
STREAM triad of size      608 : min/avg/max: 1.09494e-07 1.09832e-07 1.11818e-07 seconds or  5552.81 MUPD/s or  66.6337 GB/s
STREAM triad of size      672 : min/avg/max: 1.20213e-07 1.20601e-07 1.22574e-07 seconds or  5590.08 MUPD/s or  67.0809 GB/s
STREAM triad of size      744 : min/avg/max: 1.32257e-07  1.3268e-07 1.34957e-07 seconds or  5625.42 MUPD/s or  67.5051 GB/s
STREAM triad of size      824 : min/avg/max:  1.4565e-07 1.46104e-07 1.48444e-07 seconds or  5657.42 MUPD/s or   67.889 GB/s
STREAM triad of size      912 : min/avg/max: 1.60384e-07 1.60969e-07 1.63842e-07 seconds or  5686.35 MUPD/s or  68.2362 GB/s
STREAM triad of size     1008 : min/avg/max: 1.76458e-07 1.77034e-07 1.80225e-07 seconds or   5712.4 MUPD/s or  68.5489 GB/s
STREAM triad of size     1112 : min/avg/max: 1.93877e-07 1.94365e-07 1.97765e-07 seconds or   5735.6 MUPD/s or  68.8273 GB/s
STREAM triad of size     1224 : min/avg/max: 2.12628e-07 2.13543e-07 2.17133e-07 seconds or  5756.53 MUPD/s or  69.0783 GB/s
STREAM triad of size     1352 : min/avg/max: 2.34056e-07 2.34817e-07 2.38994e-07 seconds or   5776.4 MUPD/s or  69.3168 GB/s
STREAM triad of size     1488 : min/avg/max: 2.56835e-07 2.57665e-07 2.62322e-07 seconds or   5793.6 MUPD/s or  69.5232 GB/s
STREAM triad of size     1640 : min/avg/max: 2.82284e-07 2.83027e-07 2.88076e-07 seconds or  5809.76 MUPD/s or  69.7171 GB/s
STREAM triad of size     1808 : min/avg/max: 3.10428e-07 3.12623e-07 3.19325e-07 seconds or  5824.21 MUPD/s or  69.8906 GB/s
STREAM triad of size     1992 : min/avg/max: 3.41246e-07 3.42364e-07 3.48318e-07 seconds or  5837.43 MUPD/s or  70.0492 GB/s
STREAM triad of size     2192 : min/avg/max: 3.74747e-07 3.75939e-07 3.82533e-07 seconds or  5849.28 MUPD/s or  70.1913 GB/s
STREAM triad of size     2416 : min/avg/max: 4.12291e-07  4.1345e-07 4.24072e-07 seconds or  5859.93 MUPD/s or  70.3192 GB/s
STREAM triad of size     2664 : min/avg/max: 4.53857e-07 4.55784e-07 4.63256e-07 seconds or  5869.69 MUPD/s or  70.4363 GB/s
STREAM triad of size     2936 : min/avg/max: 5.98732e-07 6.11796e-07   6.331e-07 seconds or   4903.7 MUPD/s or  58.8444 GB/s
STREAM triad of size     3232 : min/avg/max: 7.60679e-07 7.70627e-07 7.89534e-07 seconds or  4248.83 MUPD/s or   50.986 GB/s
STREAM triad of size     3560 : min/avg/max: 8.89729e-07 8.98372e-07 9.21605e-07 seconds or  4001.22 MUPD/s or  48.0146 GB/s
STREAM triad of size     3920 : min/avg/max: 9.38452e-07 9.44791e-07 9.60155e-07 seconds or  4177.09 MUPD/s or  50.1251 GB/s
STREAM triad of size     4320 : min/avg/max: 1.01807e-06  1.0307e-06 1.05262e-06 seconds or   4243.3 MUPD/s or  50.9197 GB/s
STREAM triad of size     4760 : min/avg/max: 1.10128e-06 1.11922e-06  1.1497e-06 seconds or  4322.25 MUPD/s or   51.867 GB/s
STREAM triad of size     5240 : min/avg/max: 1.21729e-06 1.23797e-06  1.2718e-06 seconds or  4304.64 MUPD/s or  51.6556 GB/s
STREAM triad of size     5768 : min/avg/max: 1.34574e-06 1.37873e-06  1.4384e-06 seconds or  4286.13 MUPD/s or  51.4336 GB/s
STREAM triad of size     6352 : min/avg/max:  1.5433e-06 1.57066e-06 1.60678e-06 seconds or  4115.84 MUPD/s or  49.3901 GB/s
STREAM triad of size     6992 : min/avg/max: 1.68197e-06 1.70673e-06 1.75357e-06 seconds or  4157.04 MUPD/s or  49.8845 GB/s
STREAM triad of size     7696 : min/avg/max: 1.99351e-06 2.02502e-06 2.12141e-06 seconds or  3860.52 MUPD/s or  46.3262 GB/s
STREAM triad of size     8472 : min/avg/max: 2.01657e-06 2.05605e-06 2.10889e-06 seconds or   4201.2 MUPD/s or  50.4144 GB/s
STREAM triad of size     9320 : min/avg/max: 2.22178e-06 2.26361e-06 2.32159e-06 seconds or  4194.83 MUPD/s or   50.338 GB/s
STREAM triad of size    10256 : min/avg/max:  2.8772e-06 2.90218e-06 2.94631e-06 seconds or  3564.57 MUPD/s or  42.7749 GB/s
STREAM triad of size    11288 : min/avg/max: 3.14506e-06 3.17336e-06 3.22954e-06 seconds or  3589.12 MUPD/s or  43.0695 GB/s
STREAM triad of size    12424 : min/avg/max: 2.98818e-06 3.01326e-06 3.05514e-06 seconds or  4157.72 MUPD/s or  49.8926 GB/s
STREAM triad of size    13672 : min/avg/max: 3.29575e-06 3.32757e-06 3.40094e-06 seconds or  4148.37 MUPD/s or  49.7804 GB/s
STREAM triad of size    15040 : min/avg/max: 3.63997e-06 3.67063e-06 3.73018e-06 seconds or  4131.91 MUPD/s or  49.5829 GB/s
STREAM triad of size    16552 : min/avg/max:  4.1146e-06 4.17044e-06 4.25572e-06 seconds or  4022.75 MUPD/s or   48.273 GB/s
STREAM triad of size    18208 : min/avg/max: 4.79653e-06 4.82889e-06 4.88832e-06 seconds or  3796.08 MUPD/s or  45.5529 GB/s
STREAM triad of size    20032 : min/avg/max:  5.2326e-06 5.25886e-06 5.34621e-06 seconds or  3828.31 MUPD/s or  45.9397 GB/s
STREAM triad of size    22040 : min/avg/max: 6.20442e-06 6.23072e-06 6.30282e-06 seconds or  3552.31 MUPD/s or  42.6277 GB/s
STREAM triad of size    24248 : min/avg/max: 6.79833e-06 6.83159e-06 6.90118e-06 seconds or  3566.76 MUPD/s or  42.8011 GB/s
STREAM triad of size    26680 : min/avg/max: 8.66207e-06 8.69598e-06  8.7657e-06 seconds or  3080.09 MUPD/s or  36.9611 GB/s
STREAM triad of size    29352 : min/avg/max: 1.02155e-05 1.02488e-05 1.03317e-05 seconds or  2873.27 MUPD/s or  34.4792 GB/s
STREAM triad of size    32288 : min/avg/max:   1.271e-05 1.27538e-05 1.28351e-05 seconds or  2540.37 MUPD/s or  30.4844 GB/s
STREAM triad of size    35520 : min/avg/max: 1.41371e-05 1.41823e-05 1.42851e-05 seconds or  2512.54 MUPD/s or  30.1505 GB/s
STREAM triad of size    39080 : min/avg/max: 1.61372e-05 1.61886e-05 1.62866e-05 seconds or  2421.73 MUPD/s or  29.0608 GB/s
STREAM triad of size    42992 : min/avg/max: 1.79976e-05 1.80522e-05 1.81564e-05 seconds or  2388.77 MUPD/s or  28.6652 GB/s
STREAM triad of size    47296 : min/avg/max: 2.04664e-05 2.05301e-05   2.064e-05 seconds or  2310.91 MUPD/s or  27.7309 GB/s
STREAM triad of size    52032 : min/avg/max:  2.2686e-05 2.27629e-05 2.28807e-05 seconds or  2293.57 MUPD/s or  27.5229 GB/s
STREAM triad of size    57240 : min/avg/max:  2.4927e-05 2.50121e-05 2.51377e-05 seconds or   2296.3 MUPD/s or  27.5557 GB/s
STREAM triad of size    62968 : min/avg/max: 2.74345e-05 2.75176e-05 2.76867e-05 seconds or  2295.21 MUPD/s or  27.5426 GB/s
STREAM triad of size    69272 : min/avg/max: 3.01881e-05 3.02907e-05 3.04589e-05 seconds or  2294.68 MUPD/s or  27.5361 GB/s
STREAM triad of size    76200 : min/avg/max: 3.31988e-05 3.33021e-05 3.35051e-05 seconds or  2295.26 MUPD/s or  27.5432 GB/s
STREAM triad of size    83824 : min/avg/max: 3.65175e-05 3.66337e-05 3.68227e-05 seconds or  2295.45 MUPD/s or  27.5454 GB/s
STREAM triad of size    92208 : min/avg/max: 4.01866e-05 4.03079e-05  4.0539e-05 seconds or   2294.5 MUPD/s or   27.534 GB/s
STREAM triad of size   101432 : min/avg/max: 4.42047e-05 4.44741e-05 4.55087e-05 seconds or   2294.6 MUPD/s or  27.5352 GB/s
STREAM triad of size   111576 : min/avg/max: 4.86054e-05 4.87549e-05 4.90696e-05 seconds or  2295.55 MUPD/s or  27.5466 GB/s
STREAM triad of size   122736 : min/avg/max: 5.35074e-05 5.36767e-05 5.40392e-05 seconds or  2293.82 MUPD/s or  27.5258 GB/s
STREAM triad of size   135016 : min/avg/max: 5.88261e-05 5.90152e-05 5.94087e-05 seconds or  2295.17 MUPD/s or   27.542 GB/s
STREAM triad of size   148520 : min/avg/max: 6.47266e-05 6.49219e-05 6.52872e-05 seconds or  2294.57 MUPD/s or  27.5349 GB/s
STREAM triad of size   163376 : min/avg/max: 7.12493e-05 7.14781e-05 7.18561e-05 seconds or  2293.02 MUPD/s or  27.5162 GB/s
STREAM triad of size   179720 : min/avg/max: 7.84776e-05 7.87304e-05 7.91587e-05 seconds or  2290.08 MUPD/s or   27.481 GB/s
STREAM triad of size   197696 : min/avg/max: 8.65236e-05 8.68148e-05 8.75603e-05 seconds or  2284.88 MUPD/s or  27.4185 GB/s
STREAM triad of size   217472 : min/avg/max: 9.54527e-05 9.57428e-05 9.63332e-05 seconds or  2278.32 MUPD/s or  27.3399 GB/s
STREAM triad of size   239224 : min/avg/max: 0.000105431  0.00010576 0.000106455 seconds or  2269.01 MUPD/s or  27.2282 GB/s
STREAM triad of size   263152 : min/avg/max: 0.000115992 0.000116324 0.000116998 seconds or  2268.72 MUPD/s or  27.2246 GB/s
STREAM triad of size   289472 : min/avg/max: 0.000127516 0.000127902 0.000128768 seconds or  2270.08 MUPD/s or   27.241 GB/s
STREAM triad of size   318424 : min/avg/max: 0.000140278 0.000140794 0.000142574 seconds or  2269.95 MUPD/s or  27.2394 GB/s
STREAM triad of size   350272 : min/avg/max:  0.00015431 0.000154908 0.000158474 seconds or  2269.93 MUPD/s or  27.2391 GB/s
STREAM triad of size   385304 : min/avg/max: 0.000169832  0.00017036 0.000171247 seconds or  2268.73 MUPD/s or  27.2248 GB/s
STREAM triad of size   423840 : min/avg/max: 0.000186739 0.000187314 0.000188273 seconds or  2269.69 MUPD/s or  27.2363 GB/s
STREAM triad of size   466232 : min/avg/max: 0.000205405 0.000206113 0.000207109 seconds or  2269.82 MUPD/s or  27.2379 GB/s
STREAM triad of size   512856 : min/avg/max: 0.000225869 0.000226955 0.000234001 seconds or  2270.59 MUPD/s or  27.2471 GB/s
STREAM triad of size   564144 : min/avg/max: 0.000248401 0.000249283 0.000251097 seconds or  2271.11 MUPD/s or  27.2533 GB/s
STREAM triad of size   620560 : min/avg/max: 0.000273282 0.000274101 0.000275769 seconds or  2270.77 MUPD/s or  27.2492 GB/s
STREAM triad of size   682624 : min/avg/max: 0.000300581 0.000301518  0.00030352 seconds or  2271.02 MUPD/s or  27.2522 GB/s
STREAM triad of size   750888 : min/avg/max: 0.000330669  0.00033176  0.00033367 seconds or  2270.82 MUPD/s or  27.2498 GB/s
STREAM triad of size   825984 : min/avg/max:  0.00036375   0.0003648 0.000366769 seconds or  2270.75 MUPD/s or   27.249 GB/s
STREAM triad of size   908584 : min/avg/max: 0.000407247 0.000408814 0.000411693 seconds or  2231.04 MUPD/s or  26.7725 GB/s
STREAM triad of size   999448 : min/avg/max: 0.000444731 0.000446444 0.000453481 seconds or  2247.31 MUPD/s or  26.9677 GB/s
STREAM triad of size  1099400 : min/avg/max: 0.000512299 0.000514579 0.000517478 seconds or  2146.01 MUPD/s or  25.7521 GB/s
STREAM triad of size  1209344 : min/avg/max: 0.000621041  0.00062357 0.000626904 seconds or  1947.28 MUPD/s or  23.3674 GB/s
STREAM triad of size  1330280 : min/avg/max: 0.000699127 0.000704121 0.000716871 seconds or  1902.77 MUPD/s or  22.8333 GB/s
STREAM triad of size  1463312 : min/avg/max: 0.000836769 0.000840621  0.00084539 seconds or  1748.76 MUPD/s or  20.9852 GB/s
STREAM triad of size  1609648 : min/avg/max:  0.00103653  0.00104046  0.00104657 seconds or  1552.92 MUPD/s or   18.635 GB/s
STREAM triad of size  1770616 : min/avg/max:   0.0012254  0.00122984  0.00123686 seconds or  1444.93 MUPD/s or  17.3391 GB/s
STREAM triad of size  1947680 : min/avg/max:  0.00150119  0.00150689  0.00151052 seconds or  1297.42 MUPD/s or  15.5691 GB/s
STREAM triad of size  2142456 : min/avg/max:  0.00179695  0.00180337  0.00181053 seconds or  1192.27 MUPD/s or  14.3073 GB/s
STREAM triad of size  2356704 : min/avg/max:  0.00208458   0.0020913  0.00209799 seconds or  1130.54 MUPD/s or  13.5665 GB/s
STREAM triad of size  2592376 : min/avg/max:  0.00236869  0.00237706  0.00238794 seconds or  1094.43 MUPD/s or  13.1332 GB/s
STREAM triad of size  2851616 : min/avg/max:  0.00265763  0.00266629   0.0026802 seconds or  1072.99 MUPD/s or  12.8759 GB/s
STREAM triad of size  3136784 : min/avg/max:  0.00298788  0.00299847  0.00300931 seconds or  1049.84 MUPD/s or   12.598 GB/s
STREAM triad of size  3450464 : min/avg/max:  0.00331591  0.00333363  0.00338921 seconds or  1040.58 MUPD/s or  12.4869 GB/s
STREAM triad of size  3795512 : min/avg/max:  0.00367441  0.00368751  0.00369871 seconds or  1032.96 MUPD/s or  12.3955 GB/s
STREAM triad of size  4175064 : min/avg/max:  0.00406605  0.00407959  0.00409622 seconds or  1026.81 MUPD/s or  12.3217 GB/s
STREAM triad of size  4592576 : min/avg/max:  0.00446752  0.00448585   0.0045025 seconds or  1027.99 MUPD/s or  12.3359 GB/s
STREAM triad of size  5051840 : min/avg/max:  0.00492238  0.00497995    0.005749 seconds or   1026.3 MUPD/s or  12.3156 GB/s
STREAM triad of size  5557032 : min/avg/max:  0.00541288  0.00543519  0.00547542 seconds or  1026.63 MUPD/s or  12.3196 GB/s
STREAM triad of size  6112736 : min/avg/max:  0.00596078  0.00597964  0.00599899 seconds or  1025.49 MUPD/s or  12.3059 GB/s
STREAM triad of size  6724016 : min/avg/max:  0.00655979   0.0065809  0.00660716 seconds or  1025.04 MUPD/s or  12.3004 GB/s
STREAM triad of size  7396424 : min/avg/max:  0.00721278  0.00723497  0.00726406 seconds or  1025.46 MUPD/s or  12.3055 GB/s
STREAM triad of size  8136072 : min/avg/max:   0.0079263  0.00795086  0.00798489 seconds or  1026.47 MUPD/s or  12.3176 GB/s
STREAM triad of size  8949680 : min/avg/max:   0.0087173  0.00875173  0.00878461 seconds or  1026.66 MUPD/s or  12.3199 GB/s
STREAM triad of size  9844656 : min/avg/max:  0.00958857  0.00962159   0.0096571 seconds or  1026.71 MUPD/s or  12.3205 GB/s
STREAM triad of size 10829128 : min/avg/max:   0.0101992   0.0104648    0.010718 seconds or  1061.76 MUPD/s or  12.7411 GB/s
STREAM triad of size 11912048 : min/avg/max:   0.0116136   0.0116476   0.0116792 seconds or   1025.7 MUPD/s or  12.3084 GB/s
STREAM triad of size 13103256 : min/avg/max:   0.0127904   0.0128426   0.0128821 seconds or  1024.46 MUPD/s or  12.2935 GB/s
STREAM triad of size 14413584 : min/avg/max:   0.0140329   0.0140857   0.0141269 seconds or  1027.13 MUPD/s or  12.3256 GB/s
STREAM triad of size 15854944 : min/avg/max:   0.0154317   0.0155066     0.01558 seconds or  1027.43 MUPD/s or  12.3291 GB/s
STREAM triad of size 17440440 : min/avg/max:   0.0169851   0.0170612   0.0171258 seconds or  1026.81 MUPD/s or  12.3217 GB/s
STREAM triad of size 19184488 : min/avg/max:   0.0187058   0.0187644   0.0188445 seconds or  1025.59 MUPD/s or  12.3071 GB/s
STREAM triad of size 21102944 : min/avg/max:   0.0205578   0.0206501   0.0207609 seconds or  1026.52 MUPD/s or  12.3182 GB/s
STREAM triad of size 23213240 : min/avg/max:   0.0226158   0.0227073   0.0227484 seconds or  1026.42 MUPD/s or   12.317 GB/s
STREAM triad of size 25534568 : min/avg/max:   0.0248644   0.0249618   0.0250339 seconds or  1026.95 MUPD/s or  12.3234 GB/s
STREAM triad of size 28088032 : min/avg/max:   0.0273657   0.0274614    0.027565 seconds or  1026.39 MUPD/s or  12.3167 GB/s
STREAM triad of size 30896840 : min/avg/max:    0.030096   0.0302187   0.0302916 seconds or  1026.61 MUPD/s or  12.3193 GB/s
STREAM triad of size 33986528 : min/avg/max:   0.0331081   0.0332579   0.0333528 seconds or  1026.53 MUPD/s or  12.3184 GB/s
STREAM triad of size 37385184 : min/avg/max:   0.0364465   0.0365773   0.0367514 seconds or  1025.76 MUPD/s or  12.3091 GB/s
STREAM triad of size 41123704 : min/avg/max:   0.0401202   0.0402541   0.0403886 seconds or  1025.01 MUPD/s or  12.3002 GB/s
STREAM triad of size 45236080 : min/avg/max:   0.0441451   0.0461878    0.078855 seconds or  1024.71 MUPD/s or  12.2966 GB/s
STREAM triad of size 49759696 : min/avg/max:    0.048538   0.0486865   0.0488562 seconds or  1025.17 MUPD/s or   12.302 GB/s
STREAM triad of size 54735672 : min/avg/max:   0.0533939   0.0535818   0.0540088 seconds or  1025.13 MUPD/s or  12.3016 GB/s
STREAM triad of size 60209240 : min/avg/max:   0.0586567   0.0589145   0.0592285 seconds or  1026.47 MUPD/s or  12.3176 GB/s
STREAM triad of size 66230168 : min/avg/max:   0.0645148   0.0647866   0.0651128 seconds or  1026.59 MUPD/s or  12.3191 GB/s
STREAM triad of size 72853192 : min/avg/max:   0.0710688   0.0713628   0.0717423 seconds or  1025.11 MUPD/s or  12.3013 GB/s
STREAM triad of size 80138512 : min/avg/max:   0.0781234   0.0784403   0.0786441 seconds or  1025.79 MUPD/s or  12.3095 GB/s
STREAM triad of size 88152368 : min/avg/max:   0.0859832   0.0863085    0.086659 seconds or  1025.23 MUPD/s or  12.3027 GB/s
STREAM triad of size 96967608 : min/avg/max:   0.0946151   0.0949891   0.0956102 seconds or  1024.86 MUPD/s or  12.2984 GB/s
