STREAM triad of size        8 : min/avg/max: 2.46894e-09 2.56503e-09 3.39813e-09 seconds or  3240.26 MUPD/s or  38.8831 GB/s
STREAM triad of size       16 : min/avg/max:  7.4766e-10  7.8367e-10 7.97847e-10 seconds or  21400.1 MUPD/s or  256.801 GB/s
STREAM triad of size       24 : min/avg/max:  2.7787e-09  2.8031e-09 2.97559e-09 seconds or  8637.13 MUPD/s or  103.646 GB/s
STREAM triad of size       32 : min/avg/max: 1.49431e-09 1.57702e-09 1.63263e-09 seconds or  21414.6 MUPD/s or  256.975 GB/s
STREAM triad of size       40 : min/avg/max:  3.2182e-09 3.40413e-09  3.9535e-09 seconds or  12429.3 MUPD/s or  149.152 GB/s
STREAM triad of size       48 : min/avg/max: 2.31916e-09 2.35158e-09 2.38278e-09 seconds or  20697.1 MUPD/s or  248.366 GB/s
STREAM triad of size       56 : min/avg/max:  4.3502e-09 4.38328e-09 4.42689e-09 seconds or    12873 MUPD/s or  154.476 GB/s
STREAM triad of size       64 : min/avg/max: 3.15883e-09 3.17467e-09 3.21272e-09 seconds or  20260.7 MUPD/s or  243.128 GB/s
STREAM triad of size       72 : min/avg/max: 4.61658e-09 4.77383e-09 4.86465e-09 seconds or  15595.9 MUPD/s or  187.151 GB/s
STREAM triad of size       80 : min/avg/max:  3.7327e-09 3.96701e-09 5.19597e-09 seconds or  21432.2 MUPD/s or  257.186 GB/s
STREAM triad of size       96 : min/avg/max: 4.48316e-09 4.68049e-09 4.75032e-09 seconds or  21413.5 MUPD/s or  256.961 GB/s
STREAM triad of size      112 : min/avg/max: 5.47274e-09 5.52149e-09 5.57891e-09 seconds or  20465.1 MUPD/s or  245.581 GB/s
STREAM triad of size      128 : min/avg/max:  5.9928e-09 6.35851e-09 6.43205e-09 seconds or    21359 MUPD/s or  256.308 GB/s
STREAM triad of size      144 : min/avg/max: 7.04292e-09 7.11795e-09 7.21038e-09 seconds or  20446.1 MUPD/s or  245.353 GB/s
STREAM triad of size      160 : min/avg/max: 7.52587e-09 7.94766e-09 8.07853e-09 seconds or    21260 MUPD/s or   255.12 GB/s
STREAM triad of size      184 : min/avg/max: 1.04116e-08 1.04257e-08 1.04537e-08 seconds or  17672.5 MUPD/s or   212.07 GB/s
STREAM triad of size      208 : min/avg/max: 1.04395e-08  1.0454e-08  1.0513e-08 seconds or  19924.3 MUPD/s or  239.091 GB/s
STREAM triad of size      232 : min/avg/max: 1.28167e-08 1.28373e-08 1.28756e-08 seconds or  18101.4 MUPD/s or  217.217 GB/s
STREAM triad of size      256 : min/avg/max:  1.1987e-08 1.26351e-08 1.28988e-08 seconds or  21356.5 MUPD/s or  256.278 GB/s
STREAM triad of size      288 : min/avg/max: 1.44256e-08 1.44721e-08  1.4544e-08 seconds or  19964.6 MUPD/s or  239.575 GB/s
STREAM triad of size      320 : min/avg/max: 1.60623e-08 1.60921e-08 1.61536e-08 seconds or  19922.5 MUPD/s or   239.07 GB/s
STREAM triad of size      360 : min/avg/max: 1.92688e-08 1.92865e-08 1.93126e-08 seconds or  18683.1 MUPD/s or  224.197 GB/s
STREAM triad of size      400 : min/avg/max: 2.00813e-08 2.01142e-08 2.01735e-08 seconds or    19919 MUPD/s or  239.028 GB/s
STREAM triad of size      448 : min/avg/max: 2.10431e-08 2.23318e-08  2.2652e-08 seconds or  21289.6 MUPD/s or  255.475 GB/s
STREAM triad of size      496 : min/avg/max: 2.43002e-08 2.46102e-08 2.49413e-08 seconds or  20411.4 MUPD/s or  244.936 GB/s
STREAM triad of size      552 : min/avg/max:  2.8509e-08 2.87031e-08 2.89479e-08 seconds or  19362.3 MUPD/s or  232.347 GB/s
STREAM triad of size      608 : min/avg/max: 3.01146e-08 3.03692e-08 3.06147e-08 seconds or  20189.5 MUPD/s or  242.274 GB/s
STREAM triad of size      672 : min/avg/max: 3.32588e-08 3.35755e-08 3.38378e-08 seconds or  20205.2 MUPD/s or  242.462 GB/s
STREAM triad of size      744 : min/avg/max:  3.5962e-08 3.81716e-08 3.87678e-08 seconds or  20688.5 MUPD/s or  248.262 GB/s
STREAM triad of size      824 : min/avg/max: 4.20285e-08 4.25035e-08 4.27423e-08 seconds or  19605.7 MUPD/s or  235.269 GB/s
STREAM triad of size      912 : min/avg/max: 4.57923e-08 4.63149e-08 5.08566e-08 seconds or    19916 MUPD/s or  238.992 GB/s
STREAM triad of size     1008 : min/avg/max: 5.05673e-08 5.41112e-08 6.65849e-08 seconds or  19933.8 MUPD/s or  239.206 GB/s
STREAM triad of size     1112 : min/avg/max: 5.70327e-08 5.71181e-08 5.72324e-08 seconds or  19497.6 MUPD/s or  233.971 GB/s
STREAM triad of size     1224 : min/avg/max: 5.85998e-08 6.25987e-08 6.69669e-08 seconds or  20887.5 MUPD/s or   250.65 GB/s
STREAM triad of size     1352 : min/avg/max: 6.81334e-08 6.88832e-08 7.05912e-08 seconds or  19843.4 MUPD/s or  238.121 GB/s
STREAM triad of size     1488 : min/avg/max: 7.36538e-08  7.4468e-08 7.49187e-08 seconds or  20202.6 MUPD/s or  242.431 GB/s
STREAM triad of size     1640 : min/avg/max: 8.54237e-08 9.23668e-08 1.09774e-07 seconds or  19198.4 MUPD/s or  230.381 GB/s
STREAM triad of size     1808 : min/avg/max: 9.37287e-08 9.45052e-08 9.57823e-08 seconds or  19289.7 MUPD/s or  231.477 GB/s
STREAM triad of size     1992 : min/avg/max: 9.96489e-08 1.09224e-07 1.24376e-07 seconds or  19990.2 MUPD/s or  239.882 GB/s
STREAM triad of size     2192 : min/avg/max: 1.13832e-07 1.23452e-07 1.37054e-07 seconds or  19256.5 MUPD/s or  231.078 GB/s
STREAM triad of size     2416 : min/avg/max: 1.25156e-07 1.41484e-07 1.74421e-07 seconds or  19303.9 MUPD/s or  231.647 GB/s
STREAM triad of size     2664 : min/avg/max: 1.40306e-07 1.57359e-07 1.99959e-07 seconds or  18987.1 MUPD/s or  227.845 GB/s
STREAM triad of size     2936 : min/avg/max: 1.43612e-07 1.70558e-07 1.96442e-07 seconds or  20443.9 MUPD/s or  245.327 GB/s
STREAM triad of size     3232 : min/avg/max: 1.64629e-07 1.98398e-07 2.22824e-07 seconds or    19632 MUPD/s or  235.584 GB/s
STREAM triad of size     3560 : min/avg/max: 1.85068e-07 2.07745e-07  2.4106e-07 seconds or  19236.2 MUPD/s or  230.834 GB/s
STREAM triad of size     3920 : min/avg/max: 2.24726e-07 2.53866e-07 2.85417e-07 seconds or  17443.5 MUPD/s or  209.322 GB/s
STREAM triad of size     4320 : min/avg/max: 2.21664e-07 2.45829e-07 2.68034e-07 seconds or  19488.9 MUPD/s or  233.867 GB/s
STREAM triad of size     4760 : min/avg/max: 2.47174e-07 2.75148e-07 3.16574e-07 seconds or  19257.7 MUPD/s or  231.093 GB/s
STREAM triad of size     5240 : min/avg/max: 2.80939e-07  3.7453e-07  4.8722e-07 seconds or  18651.7 MUPD/s or   223.82 GB/s
STREAM triad of size     5768 : min/avg/max: 3.13213e-07 3.65659e-07 4.29635e-07 seconds or  18415.6 MUPD/s or  220.987 GB/s
STREAM triad of size     6352 : min/avg/max: 3.59686e-07 4.76929e-07  5.4448e-07 seconds or  17659.8 MUPD/s or  211.918 GB/s
STREAM triad of size     6992 : min/avg/max: 3.46819e-07 4.48081e-07 5.18943e-07 seconds or  20160.4 MUPD/s or  241.924 GB/s
STREAM triad of size     7696 : min/avg/max: 3.88831e-07 4.64073e-07 5.35994e-07 seconds or  19792.7 MUPD/s or  237.512 GB/s
STREAM triad of size     8472 : min/avg/max:  4.3298e-07 4.81769e-07 5.26529e-07 seconds or  19566.7 MUPD/s or  234.801 GB/s
STREAM triad of size     9320 : min/avg/max: 4.51832e-07 5.40324e-07  5.8971e-07 seconds or  20627.1 MUPD/s or  247.525 GB/s
STREAM triad of size    10256 : min/avg/max: 5.99047e-07 6.56549e-07 7.52026e-07 seconds or  17120.5 MUPD/s or  205.446 GB/s
STREAM triad of size    11288 : min/avg/max: 5.92896e-07 7.08909e-07 7.51604e-07 seconds or  19038.7 MUPD/s or  228.465 GB/s
STREAM triad of size    12424 : min/avg/max: 6.49183e-07 6.89548e-07 7.25724e-07 seconds or  19137.9 MUPD/s or  229.655 GB/s
STREAM triad of size    13672 : min/avg/max: 6.95652e-07 7.64842e-07 7.84608e-07 seconds or  19653.5 MUPD/s or  235.842 GB/s
STREAM triad of size    15040 : min/avg/max: 7.97113e-07 8.12392e-07 8.23343e-07 seconds or  18868.1 MUPD/s or  226.417 GB/s
STREAM triad of size    16552 : min/avg/max: 9.40194e-07 9.44276e-07 9.49008e-07 seconds or  17604.9 MUPD/s or  211.259 GB/s
STREAM triad of size    18208 : min/avg/max: 1.38656e-06 1.39201e-06 1.40117e-06 seconds or  13131.8 MUPD/s or  157.581 GB/s
STREAM triad of size    20032 : min/avg/max: 1.91967e-06 1.93552e-06 1.94659e-06 seconds or  10435.1 MUPD/s or  125.221 GB/s
STREAM triad of size    22040 : min/avg/max: 2.21657e-06 2.23645e-06 2.25398e-06 seconds or  9943.29 MUPD/s or  119.319 GB/s
STREAM triad of size    24248 : min/avg/max: 2.43475e-06 2.45688e-06 2.47359e-06 seconds or  9959.13 MUPD/s or   119.51 GB/s
STREAM triad of size    26680 : min/avg/max: 2.73172e-06 2.77676e-06 2.80043e-06 seconds or  9766.73 MUPD/s or  117.201 GB/s
STREAM triad of size    29352 : min/avg/max: 3.02286e-06 3.04177e-06 3.05484e-06 seconds or     9710 MUPD/s or   116.52 GB/s
STREAM triad of size    32288 : min/avg/max:  3.2504e-06 3.30962e-06 3.37656e-06 seconds or  9933.54 MUPD/s or  119.202 GB/s
STREAM triad of size    35520 : min/avg/max: 3.58752e-06 3.60611e-06 3.62697e-06 seconds or  9900.98 MUPD/s or  118.812 GB/s
STREAM triad of size    39080 : min/avg/max: 3.95034e-06 3.98487e-06 4.01383e-06 seconds or  9892.83 MUPD/s or  118.714 GB/s
STREAM triad of size    42992 : min/avg/max: 4.37188e-06 4.40342e-06 4.51136e-06 seconds or  9833.75 MUPD/s or  118.005 GB/s
STREAM triad of size    47296 : min/avg/max: 4.80251e-06  4.8319e-06 4.84847e-06 seconds or  9848.19 MUPD/s or  118.178 GB/s
STREAM triad of size    52032 : min/avg/max:  5.2444e-06 5.37989e-06 5.49139e-06 seconds or  9921.43 MUPD/s or  119.057 GB/s
STREAM triad of size    57240 : min/avg/max: 5.96391e-06 6.00716e-06 6.07208e-06 seconds or  9597.72 MUPD/s or  115.173 GB/s
STREAM triad of size    62968 : min/avg/max: 6.62088e-06 6.66296e-06 6.70629e-06 seconds or  9510.52 MUPD/s or  114.126 GB/s
STREAM triad of size    69272 : min/avg/max:  7.2925e-06 7.34675e-06 7.62434e-06 seconds or  9499.07 MUPD/s or  113.989 GB/s
STREAM triad of size    76200 : min/avg/max: 5.39161e-06 6.94567e-06 8.04738e-06 seconds or  14133.1 MUPD/s or  169.597 GB/s
STREAM triad of size    83824 : min/avg/max: 8.33047e-06 8.49112e-06 8.56781e-06 seconds or  10062.3 MUPD/s or  120.748 GB/s
STREAM triad of size    92208 : min/avg/max: 9.26918e-06 9.35121e-06 9.41578e-06 seconds or  9947.81 MUPD/s or  119.374 GB/s
STREAM triad of size   101432 : min/avg/max: 1.02072e-05 1.03973e-05 1.06121e-05 seconds or  9937.31 MUPD/s or  119.248 GB/s
STREAM triad of size   111576 : min/avg/max: 1.15392e-05 1.16424e-05 1.17218e-05 seconds or  9669.34 MUPD/s or  116.032 GB/s
STREAM triad of size   122736 : min/avg/max: 1.26715e-05 1.27639e-05  1.2909e-05 seconds or  9686.01 MUPD/s or  116.232 GB/s
STREAM triad of size   135016 : min/avg/max: 1.40038e-05 1.40896e-05 1.41866e-05 seconds or   9641.4 MUPD/s or  115.697 GB/s
STREAM triad of size   148520 : min/avg/max: 1.46999e-05 1.52174e-05 1.55152e-05 seconds or  10103.5 MUPD/s or  121.242 GB/s
STREAM triad of size   163376 : min/avg/max: 1.63229e-05  1.6825e-05 1.72901e-05 seconds or    10009 MUPD/s or  120.108 GB/s
STREAM triad of size   179720 : min/avg/max: 1.87508e-05 1.89006e-05 1.90293e-05 seconds or  9584.68 MUPD/s or  115.016 GB/s
STREAM triad of size   197696 : min/avg/max: 2.02558e-05 2.07346e-05  2.1138e-05 seconds or  9759.98 MUPD/s or   117.12 GB/s
STREAM triad of size   217472 : min/avg/max: 2.25318e-05 2.26713e-05 2.28179e-05 seconds or  9651.79 MUPD/s or  115.822 GB/s
STREAM triad of size   239224 : min/avg/max: 2.47222e-05 2.49743e-05 2.50875e-05 seconds or  9676.49 MUPD/s or  116.118 GB/s
STREAM triad of size   263152 : min/avg/max: 2.61367e-05 2.73003e-05 2.76339e-05 seconds or  10068.3 MUPD/s or  120.819 GB/s
STREAM triad of size   289472 : min/avg/max: 3.00777e-05 3.02316e-05 3.03986e-05 seconds or  9624.15 MUPD/s or   115.49 GB/s
STREAM triad of size   318424 : min/avg/max: 3.16977e-05 3.28547e-05 3.35418e-05 seconds or  10045.6 MUPD/s or  120.548 GB/s
STREAM triad of size   350272 : min/avg/max: 3.51994e-05 3.58056e-05 3.60308e-05 seconds or  9951.07 MUPD/s or  119.413 GB/s
STREAM triad of size   385304 : min/avg/max: 3.87669e-05 3.94953e-05 4.03097e-05 seconds or     9939 MUPD/s or  119.268 GB/s
STREAM triad of size   423840 : min/avg/max: 4.26092e-05 4.33896e-05  4.4367e-05 seconds or  9947.14 MUPD/s or  119.366 GB/s
STREAM triad of size   466232 : min/avg/max: 4.68109e-05 4.78595e-05 4.81123e-05 seconds or  9959.89 MUPD/s or  119.519 GB/s
STREAM triad of size   512856 : min/avg/max: 5.14139e-05  5.3124e-05 5.49474e-05 seconds or  9975.05 MUPD/s or  119.701 GB/s
STREAM triad of size   564144 : min/avg/max: 5.77917e-05 5.91725e-05  6.0218e-05 seconds or  9761.68 MUPD/s or   117.14 GB/s
STREAM triad of size   620560 : min/avg/max: 6.30989e-05 6.50978e-05 6.55598e-05 seconds or  9834.73 MUPD/s or  118.017 GB/s
STREAM triad of size   682624 : min/avg/max: 6.98619e-05 7.16357e-05 7.22323e-05 seconds or  9771.05 MUPD/s or  117.253 GB/s
STREAM triad of size   750888 : min/avg/max: 7.44596e-05 7.84298e-05  7.9562e-05 seconds or  10084.5 MUPD/s or  121.014 GB/s
STREAM triad of size   825984 : min/avg/max: 8.28519e-05 8.50389e-05 8.56191e-05 seconds or   9969.4 MUPD/s or  119.633 GB/s
STREAM triad of size   908584 : min/avg/max: 9.14061e-05 9.38736e-05 9.48314e-05 seconds or  9940.08 MUPD/s or  119.281 GB/s
STREAM triad of size   999448 : min/avg/max: 0.000100608  0.00010324 0.000103885 seconds or  9934.13 MUPD/s or   119.21 GB/s
STREAM triad of size  1099400 : min/avg/max: 0.000110544 0.000113529 0.000114266 seconds or  9945.32 MUPD/s or  119.344 GB/s
STREAM triad of size  1209344 : min/avg/max: 0.000117988 0.000124339 0.000143653 seconds or  10249.7 MUPD/s or  122.996 GB/s
STREAM triad of size  1330280 : min/avg/max: 0.000133773 0.000137562 0.000138381 seconds or  9944.33 MUPD/s or  119.332 GB/s
STREAM triad of size  1463312 : min/avg/max: 0.000147216 0.000150767 0.000151652 seconds or  9939.92 MUPD/s or  119.279 GB/s
STREAM triad of size  1609648 : min/avg/max: 0.000165216 0.000167028 0.000168761 seconds or   9742.7 MUPD/s or  116.912 GB/s
STREAM triad of size  1770616 : min/avg/max: 0.000181552 0.000187319 0.000198044 seconds or  9752.66 MUPD/s or  117.032 GB/s
STREAM triad of size  1947680 : min/avg/max: 0.000199022 0.000206073 0.000209046 seconds or  9786.25 MUPD/s or  117.435 GB/s
STREAM triad of size  2142456 : min/avg/max: 0.000222903 0.000232707 0.000267406 seconds or   9611.6 MUPD/s or  115.339 GB/s
STREAM triad of size  2356704 : min/avg/max: 0.000248347 0.000263589 0.000304379 seconds or  9489.55 MUPD/s or  113.875 GB/s
STREAM triad of size  2592376 : min/avg/max:  0.00026253 0.000282313 0.000361116 seconds or   9874.6 MUPD/s or  118.495 GB/s
STREAM triad of size  2851616 : min/avg/max:  0.00030256 0.000306752 0.000315975 seconds or  9424.98 MUPD/s or    113.1 GB/s
STREAM triad of size  3136784 : min/avg/max:  0.00033384 0.000339208 0.000356688 seconds or  9396.07 MUPD/s or  112.753 GB/s
STREAM triad of size  3450464 : min/avg/max: 0.000370954 0.000378511  0.00042567 seconds or   9301.6 MUPD/s or  111.619 GB/s
STREAM triad of size  3795512 : min/avg/max: 0.000410704 0.000433188 0.000540338 seconds or  9241.49 MUPD/s or  110.898 GB/s
STREAM triad of size  4175064 : min/avg/max: 0.000459082 0.000484377 0.000562025 seconds or  9094.38 MUPD/s or  109.133 GB/s
STREAM triad of size  4592576 : min/avg/max: 0.000507556 0.000542512 0.000654714 seconds or  9048.42 MUPD/s or  108.581 GB/s
STREAM triad of size  5051840 : min/avg/max: 0.000566083 0.000603775 0.000720485 seconds or   8924.2 MUPD/s or   107.09 GB/s
STREAM triad of size  5557032 : min/avg/max: 0.000629039 0.000662659  0.00080837 seconds or  8834.16 MUPD/s or   106.01 GB/s
STREAM triad of size  6112736 : min/avg/max: 0.000703161 0.000734327 0.000871492 seconds or  8693.22 MUPD/s or  104.319 GB/s
STREAM triad of size  6724016 : min/avg/max: 0.000795402 0.000879083  0.00106965 seconds or  8453.61 MUPD/s or  101.443 GB/s
STREAM triad of size  7396424 : min/avg/max: 0.000922679 0.000984003  0.00115993 seconds or  8016.24 MUPD/s or  96.1949 GB/s
STREAM triad of size  8136072 : min/avg/max:  0.00107576  0.00116321  0.00155578 seconds or  7563.07 MUPD/s or  90.7568 GB/s
STREAM triad of size  8949680 : min/avg/max:  0.00120211  0.00122005  0.00135504 seconds or  7444.95 MUPD/s or  89.3394 GB/s
STREAM triad of size  9844656 : min/avg/max:  0.00133145  0.00136562  0.00153848 seconds or  7393.96 MUPD/s or  88.7275 GB/s
STREAM triad of size 10829128 : min/avg/max:  0.00151144  0.00154601  0.00174353 seconds or  7164.78 MUPD/s or  85.9773 GB/s
STREAM triad of size 11912048 : min/avg/max:  0.00163683  0.00172073  0.00233282 seconds or  7277.52 MUPD/s or  87.3302 GB/s
STREAM triad of size 13103256 : min/avg/max:  0.00178917  0.00185953  0.00209345 seconds or  7323.64 MUPD/s or  87.8837 GB/s
STREAM triad of size 14413584 : min/avg/max:  0.00195587  0.00199133  0.00234219 seconds or  7369.41 MUPD/s or  88.4329 GB/s
STREAM triad of size 15854944 : min/avg/max:  0.00214914  0.00218867  0.00264553 seconds or  7377.35 MUPD/s or  88.5282 GB/s
STREAM triad of size 17440440 : min/avg/max:  0.00236399  0.00241077  0.00296016 seconds or  7377.54 MUPD/s or  88.5305 GB/s
STREAM triad of size 19184488 : min/avg/max:  0.00259703  0.00265099  0.00333312 seconds or   7387.1 MUPD/s or  88.6452 GB/s
STREAM triad of size 21102944 : min/avg/max:  0.00286192  0.00291928  0.00376068 seconds or  7373.71 MUPD/s or  88.4845 GB/s
STREAM triad of size 23213240 : min/avg/max:  0.00314626  0.00321467  0.00412369 seconds or  7378.04 MUPD/s or  88.5365 GB/s
STREAM triad of size 25534568 : min/avg/max:  0.00346518  0.00354476  0.00456131 seconds or   7368.9 MUPD/s or  88.4268 GB/s
STREAM triad of size 28088032 : min/avg/max:  0.00384217  0.00394295   0.0051995 seconds or  7310.47 MUPD/s or  87.7256 GB/s
STREAM triad of size 30896840 : min/avg/max:  0.00420675   0.0043208  0.00581081 seconds or  7344.59 MUPD/s or   88.135 GB/s
STREAM triad of size 33986528 : min/avg/max:  0.00465815  0.00491832  0.00726017 seconds or  7296.15 MUPD/s or  87.5538 GB/s
STREAM triad of size 37385184 : min/avg/max:  0.00508663  0.00528502  0.00819817 seconds or   7349.7 MUPD/s or  88.1964 GB/s
STREAM triad of size 41123704 : min/avg/max:  0.00559912  0.00579353  0.00875681 seconds or  7344.67 MUPD/s or   88.136 GB/s
STREAM triad of size 45236080 : min/avg/max:  0.00633544  0.00666718   0.0103987 seconds or  7140.17 MUPD/s or   85.682 GB/s
STREAM triad of size 49759696 : min/avg/max:  0.00676523  0.00716089   0.0110796 seconds or  7355.21 MUPD/s or  88.2625 GB/s
STREAM triad of size 54735672 : min/avg/max:  0.00786683   0.0155542   0.0887215 seconds or  6957.78 MUPD/s or  83.4933 GB/s
STREAM triad of size 60209240 : min/avg/max:  0.00887592   0.0147796    0.103631 seconds or  6783.44 MUPD/s or  81.4013 GB/s
STREAM triad of size 66230168 : min/avg/max:  0.00916704   0.0101164   0.0232602 seconds or  7224.81 MUPD/s or  86.6978 GB/s
STREAM triad of size 72853192 : min/avg/max:   0.0104571    0.016116   0.0846617 seconds or  6966.87 MUPD/s or  83.6025 GB/s
STREAM triad of size 80138512 : min/avg/max:   0.0115517    0.021466    0.166709 seconds or  6937.37 MUPD/s or  83.2485 GB/s
STREAM triad of size 88152368 : min/avg/max:   0.0123472   0.0162284   0.0326045 seconds or  7139.48 MUPD/s or  85.6738 GB/s
STREAM triad of size 96967608 : min/avg/max:   0.0135803    0.023733    0.193571 seconds or   7140.3 MUPD/s or  85.6836 GB/s
