Intrinsics-based vectorization over 8 floats = 256 bits
STREAM triad of size        8 : min/avg/max: 3.68355e-09 4.39027e-09 6.76045e-09 seconds or  2171.82 MUPD/s or  26.0618 GB/s
STREAM triad of size       16 : min/avg/max: 4.69864e-09 4.73278e-09 4.80777e-09 seconds or  3405.24 MUPD/s or  40.8629 GB/s
STREAM triad of size       24 : min/avg/max: 6.07793e-09 6.13858e-09 6.22764e-09 seconds or  3948.71 MUPD/s or  47.3845 GB/s
STREAM triad of size       32 : min/avg/max: 7.45293e-09 7.52018e-09 7.70725e-09 seconds or  4293.61 MUPD/s or  51.5233 GB/s
STREAM triad of size       40 : min/avg/max: 8.78379e-09 8.89719e-09 9.04243e-09 seconds or  4553.84 MUPD/s or  54.6461 GB/s
STREAM triad of size       48 : min/avg/max: 1.01753e-08 1.02703e-08 1.04465e-08 seconds or   4717.3 MUPD/s or  56.6076 GB/s
STREAM triad of size       56 : min/avg/max: 1.15296e-08 1.16328e-08 1.18487e-08 seconds or  4857.08 MUPD/s or   58.285 GB/s
STREAM triad of size       64 : min/avg/max: 1.28847e-08 1.29674e-08 1.31849e-08 seconds or  4967.11 MUPD/s or  59.6054 GB/s
STREAM triad of size       72 : min/avg/max: 1.42097e-08 1.43037e-08 1.46311e-08 seconds or  5066.96 MUPD/s or  60.8035 GB/s
STREAM triad of size       80 : min/avg/max: 1.55566e-08 1.56692e-08 1.59272e-08 seconds or  5142.51 MUPD/s or  61.7101 GB/s
STREAM triad of size       96 : min/avg/max:  1.8259e-08 1.83933e-08 1.87038e-08 seconds or  5257.69 MUPD/s or  63.0922 GB/s
STREAM triad of size      112 : min/avg/max: 2.09213e-08 2.10644e-08 2.13707e-08 seconds or  5353.41 MUPD/s or  64.2409 GB/s
STREAM triad of size      128 : min/avg/max: 2.36336e-08 2.37591e-08 2.42055e-08 seconds or  5416.02 MUPD/s or  64.9923 GB/s
STREAM triad of size      144 : min/avg/max: 3.31502e-08 3.36146e-08 3.50003e-08 seconds or  4343.87 MUPD/s or  52.1264 GB/s
STREAM triad of size      160 : min/avg/max:  2.9003e-08 2.91462e-08 2.96321e-08 seconds or  5516.68 MUPD/s or  66.2002 GB/s
STREAM triad of size      184 : min/avg/max: 3.30599e-08 3.32014e-08 3.37712e-08 seconds or  5565.65 MUPD/s or  66.7878 GB/s
STREAM triad of size      208 : min/avg/max: 3.70776e-08 3.72284e-08 3.78412e-08 seconds or  5609.86 MUPD/s or  67.3183 GB/s
STREAM triad of size      232 : min/avg/max: 4.10464e-08 4.12571e-08 4.20066e-08 seconds or  5652.14 MUPD/s or  67.8256 GB/s
STREAM triad of size      256 : min/avg/max:  4.8908e-08  4.9763e-08 5.10538e-08 seconds or  5234.32 MUPD/s or  62.8118 GB/s
STREAM triad of size      288 : min/avg/max: 5.65876e-08 5.67671e-08 5.80016e-08 seconds or  5089.45 MUPD/s or  61.0734 GB/s
STREAM triad of size      320 : min/avg/max: 6.22812e-08 6.25389e-08 6.45949e-08 seconds or  5137.99 MUPD/s or  61.6558 GB/s
STREAM triad of size      360 : min/avg/max: 6.89787e-08 6.91874e-08 7.02606e-08 seconds or     5219 MUPD/s or   62.628 GB/s
STREAM triad of size      400 : min/avg/max: 7.56773e-08 7.59511e-08 7.70782e-08 seconds or   5285.6 MUPD/s or  63.4272 GB/s
STREAM triad of size      448 : min/avg/max: 8.37112e-08 8.39799e-08 8.56171e-08 seconds or  5351.73 MUPD/s or  64.2208 GB/s
STREAM triad of size      496 : min/avg/max: 9.17458e-08 9.20572e-08 9.35679e-08 seconds or  5406.24 MUPD/s or  64.8749 GB/s
STREAM triad of size      552 : min/avg/max: 1.01123e-07  1.0144e-07 1.03131e-07 seconds or  5458.68 MUPD/s or  65.5042 GB/s
STREAM triad of size      608 : min/avg/max: 1.10501e-07 1.10841e-07 1.12727e-07 seconds or  5502.23 MUPD/s or  66.0267 GB/s
STREAM triad of size      672 : min/avg/max: 1.21218e-07 1.21591e-07  1.2358e-07 seconds or  5543.73 MUPD/s or  66.5248 GB/s
STREAM triad of size      744 : min/avg/max: 1.33259e-07 1.33715e-07 1.36075e-07 seconds or  5583.11 MUPD/s or  66.9974 GB/s
STREAM triad of size      824 : min/avg/max: 1.46658e-07 1.47225e-07 1.50582e-07 seconds or   5618.5 MUPD/s or   67.422 GB/s
STREAM triad of size      912 : min/avg/max: 1.61391e-07 1.61888e-07 1.64656e-07 seconds or  5650.86 MUPD/s or  67.8103 GB/s
STREAM triad of size     1008 : min/avg/max: 1.77467e-07 1.78051e-07 1.84305e-07 seconds or  5679.92 MUPD/s or   68.159 GB/s
STREAM triad of size     1112 : min/avg/max: 1.94883e-07 1.95571e-07  1.9923e-07 seconds or  5705.98 MUPD/s or  68.4718 GB/s
STREAM triad of size     1224 : min/avg/max: 2.13636e-07 2.14307e-07  2.1805e-07 seconds or  5729.38 MUPD/s or  68.7526 GB/s
STREAM triad of size     1352 : min/avg/max:  2.3507e-07 2.36361e-07 2.45841e-07 seconds or  5751.48 MUPD/s or  69.0178 GB/s
STREAM triad of size     1488 : min/avg/max: 2.57846e-07 2.58755e-07 2.63112e-07 seconds or  5770.89 MUPD/s or  69.2507 GB/s
STREAM triad of size     1640 : min/avg/max:   2.833e-07 2.83894e-07  2.8904e-07 seconds or  5788.91 MUPD/s or  69.4669 GB/s
STREAM triad of size     1808 : min/avg/max:  3.1144e-07 3.12459e-07 3.18181e-07 seconds or   5805.3 MUPD/s or  69.6636 GB/s
STREAM triad of size     1992 : min/avg/max: 3.42263e-07 3.43408e-07 3.49268e-07 seconds or  5820.08 MUPD/s or   69.841 GB/s
STREAM triad of size     2192 : min/avg/max: 3.75768e-07 3.76972e-07 3.83933e-07 seconds or  5833.39 MUPD/s or  70.0007 GB/s
STREAM triad of size     2416 : min/avg/max: 4.13301e-07 4.14288e-07 4.21764e-07 seconds or  5845.62 MUPD/s or  70.1474 GB/s
STREAM triad of size     2664 : min/avg/max: 4.55329e-07 4.57031e-07 4.64899e-07 seconds or  5850.71 MUPD/s or  70.2086 GB/s
STREAM triad of size     2936 : min/avg/max: 6.14373e-07 6.23098e-07 6.38418e-07 seconds or  4778.86 MUPD/s or  57.3463 GB/s
STREAM triad of size     3232 : min/avg/max: 7.62327e-07 7.69857e-07 8.03279e-07 seconds or  4239.65 MUPD/s or  50.8758 GB/s
STREAM triad of size     3560 : min/avg/max: 8.86287e-07 8.97898e-07 9.13192e-07 seconds or  4016.76 MUPD/s or  48.2011 GB/s
STREAM triad of size     3920 : min/avg/max: 9.37722e-07 9.56842e-07 9.93266e-07 seconds or  4180.34 MUPD/s or  50.1641 GB/s
STREAM triad of size     4320 : min/avg/max: 1.01952e-06 1.04429e-06 1.09054e-06 seconds or  4237.28 MUPD/s or  50.8474 GB/s
STREAM triad of size     4760 : min/avg/max:  1.1041e-06 1.12663e-06 1.19925e-06 seconds or  4311.22 MUPD/s or  51.7346 GB/s
STREAM triad of size     5240 : min/avg/max: 1.22118e-06 1.24855e-06 1.28968e-06 seconds or  4290.92 MUPD/s or  51.4911 GB/s
STREAM triad of size     5768 : min/avg/max: 1.33775e-06 1.37836e-06 1.41484e-06 seconds or  4311.72 MUPD/s or  51.7407 GB/s
STREAM triad of size     6352 : min/avg/max: 1.48319e-06 1.50543e-06 1.56532e-06 seconds or  4282.66 MUPD/s or  51.3919 GB/s
STREAM triad of size     6992 : min/avg/max: 1.64563e-06 1.68411e-06 1.75557e-06 seconds or  4248.82 MUPD/s or  50.9859 GB/s
STREAM triad of size     7696 : min/avg/max: 1.95467e-06 1.99238e-06 2.04731e-06 seconds or  3937.24 MUPD/s or  47.2469 GB/s
STREAM triad of size     8472 : min/avg/max: 1.99511e-06  2.0245e-06 2.07775e-06 seconds or  4246.39 MUPD/s or  50.9567 GB/s
STREAM triad of size     9320 : min/avg/max: 2.19354e-06 2.22701e-06 2.28666e-06 seconds or  4248.85 MUPD/s or  50.9862 GB/s
STREAM triad of size    10256 : min/avg/max: 2.83555e-06 2.85191e-06 2.88574e-06 seconds or  3616.93 MUPD/s or  43.4032 GB/s
STREAM triad of size    11288 : min/avg/max: 3.15892e-06  3.1804e-06 3.22438e-06 seconds or  3573.38 MUPD/s or  42.8805 GB/s
STREAM triad of size    12424 : min/avg/max: 2.98802e-06 3.01561e-06 3.09233e-06 seconds or  4157.93 MUPD/s or  49.8952 GB/s
STREAM triad of size    13672 : min/avg/max: 3.29132e-06 3.31621e-06 3.36326e-06 seconds or  4153.95 MUPD/s or  49.8474 GB/s
STREAM triad of size    15040 : min/avg/max: 3.71485e-06 3.74778e-06 3.85771e-06 seconds or  4048.61 MUPD/s or  48.5834 GB/s
STREAM triad of size    16552 : min/avg/max: 4.10613e-06  4.1519e-06  4.2238e-06 seconds or  4031.04 MUPD/s or  48.3725 GB/s
STREAM triad of size    18208 : min/avg/max: 4.71381e-06 4.74632e-06 4.84445e-06 seconds or   3862.7 MUPD/s or  46.3523 GB/s
STREAM triad of size    20032 : min/avg/max: 5.28691e-06  5.3176e-06 5.38173e-06 seconds or  3788.98 MUPD/s or  45.4677 GB/s
STREAM triad of size    22040 : min/avg/max: 6.43313e-06 6.46039e-06 6.54343e-06 seconds or  3426.01 MUPD/s or  41.1122 GB/s
STREAM triad of size    24248 : min/avg/max: 6.99305e-06 7.03572e-06  7.1208e-06 seconds or  3467.44 MUPD/s or  41.6093 GB/s
STREAM triad of size    26680 : min/avg/max: 8.63814e-06  8.6669e-06 8.77919e-06 seconds or  3088.63 MUPD/s or  37.0636 GB/s
STREAM triad of size    29352 : min/avg/max: 1.11003e-05 1.11429e-05 1.12465e-05 seconds or  2644.26 MUPD/s or  31.7311 GB/s
STREAM triad of size    32288 : min/avg/max: 1.27485e-05 1.27849e-05 1.28794e-05 seconds or  2532.68 MUPD/s or  30.3922 GB/s
STREAM triad of size    35520 : min/avg/max: 1.51453e-05 1.51956e-05 1.52947e-05 seconds or  2345.28 MUPD/s or  28.1433 GB/s
STREAM triad of size    39080 : min/avg/max: 1.69727e-05 1.70248e-05  1.7138e-05 seconds or  2302.52 MUPD/s or  27.6302 GB/s
STREAM triad of size    42992 : min/avg/max: 1.87311e-05 1.87895e-05 1.89452e-05 seconds or  2295.22 MUPD/s or  27.5427 GB/s
STREAM triad of size    47296 : min/avg/max: 2.06212e-05 2.06873e-05 2.07991e-05 seconds or  2293.56 MUPD/s or  27.5227 GB/s
STREAM triad of size    52032 : min/avg/max: 2.26979e-05 2.27694e-05 2.29617e-05 seconds or  2292.37 MUPD/s or  27.5084 GB/s
STREAM triad of size    57240 : min/avg/max: 2.49536e-05 2.50269e-05 2.51692e-05 seconds or  2293.86 MUPD/s or  27.5263 GB/s
STREAM triad of size    62968 : min/avg/max: 2.74309e-05 2.75213e-05 2.77475e-05 seconds or  2295.51 MUPD/s or  27.5462 GB/s
STREAM triad of size    69272 : min/avg/max:  3.0186e-05 3.02841e-05 3.04518e-05 seconds or  2294.84 MUPD/s or  27.5381 GB/s
STREAM triad of size    76200 : min/avg/max: 3.32029e-05 3.33086e-05 3.35566e-05 seconds or  2294.98 MUPD/s or  27.5398 GB/s
STREAM triad of size    83824 : min/avg/max: 3.65235e-05 3.66399e-05 3.69518e-05 seconds or  2295.07 MUPD/s or  27.5408 GB/s
STREAM triad of size    92208 : min/avg/max:  4.0191e-05 4.03463e-05 4.07816e-05 seconds or  2294.24 MUPD/s or  27.5309 GB/s
STREAM triad of size   101432 : min/avg/max: 4.41922e-05 4.43286e-05 4.46961e-05 seconds or  2295.25 MUPD/s or   27.543 GB/s
STREAM triad of size   111576 : min/avg/max: 4.86289e-05 4.87805e-05 4.91101e-05 seconds or  2294.44 MUPD/s or  27.5332 GB/s
STREAM triad of size   122736 : min/avg/max: 5.35155e-05  5.3687e-05 5.41572e-05 seconds or  2293.47 MUPD/s or  27.5216 GB/s
STREAM triad of size   135016 : min/avg/max: 5.88716e-05 5.90831e-05 5.98333e-05 seconds or   2293.4 MUPD/s or  27.5208 GB/s
STREAM triad of size   148520 : min/avg/max: 6.47997e-05 6.50507e-05 6.65201e-05 seconds or  2291.99 MUPD/s or  27.5038 GB/s
STREAM triad of size   163376 : min/avg/max: 7.13155e-05 7.15438e-05 7.21902e-05 seconds or  2290.89 MUPD/s or  27.4907 GB/s
STREAM triad of size   179720 : min/avg/max:  7.8576e-05 7.88134e-05 7.93182e-05 seconds or  2287.21 MUPD/s or  27.4466 GB/s
STREAM triad of size   197696 : min/avg/max: 8.67181e-05 8.70018e-05  8.7731e-05 seconds or  2279.76 MUPD/s or  27.3571 GB/s
STREAM triad of size   217472 : min/avg/max: 9.57109e-05 9.60037e-05 9.65868e-05 seconds or  2272.18 MUPD/s or  27.2661 GB/s
STREAM triad of size   239224 : min/avg/max: 0.000105496  0.00010587 0.000106714 seconds or   2267.6 MUPD/s or  27.2112 GB/s
STREAM triad of size   263152 : min/avg/max: 0.000116068  0.00011664 0.000118447 seconds or  2267.21 MUPD/s or  27.2066 GB/s
STREAM triad of size   289472 : min/avg/max: 0.000127629 0.000128037 0.000129073 seconds or  2268.08 MUPD/s or   27.217 GB/s
STREAM triad of size   318424 : min/avg/max:  0.00014034 0.000140764 0.000141631 seconds or  2268.95 MUPD/s or  27.2274 GB/s
STREAM triad of size   350272 : min/avg/max: 0.000154364 0.000154824 0.000155854 seconds or  2269.13 MUPD/s or  27.2296 GB/s
STREAM triad of size   385304 : min/avg/max: 0.000169782 0.000170344 0.000171396 seconds or   2269.4 MUPD/s or  27.2329 GB/s
STREAM triad of size   423840 : min/avg/max: 0.000186634 0.000187347 0.000189177 seconds or  2270.97 MUPD/s or  27.2517 GB/s
STREAM triad of size   466232 : min/avg/max: 0.000205339 0.000206312 0.000214401 seconds or  2270.55 MUPD/s or  27.2466 GB/s
STREAM triad of size   512856 : min/avg/max: 0.000225917 0.000226591 0.000228228 seconds or  2270.11 MUPD/s or  27.2413 GB/s
STREAM triad of size   564144 : min/avg/max: 0.000248508 0.000249268 0.000251422 seconds or  2270.12 MUPD/s or  27.2414 GB/s
STREAM triad of size   620560 : min/avg/max:  0.00027329 0.000274338 0.000276078 seconds or   2270.7 MUPD/s or  27.2485 GB/s
STREAM triad of size   682624 : min/avg/max: 0.000300568 0.000301546 0.000304023 seconds or  2271.11 MUPD/s or  27.2533 GB/s
STREAM triad of size   750888 : min/avg/max: 0.000330667 0.000331644 0.000333471 seconds or  2270.83 MUPD/s or  27.2499 GB/s
STREAM triad of size   825984 : min/avg/max: 0.000363862 0.000365158 0.000368048 seconds or  2270.05 MUPD/s or  27.2405 GB/s
STREAM triad of size   908584 : min/avg/max: 0.000400144 0.000401302 0.000403743 seconds or  2270.64 MUPD/s or  27.2477 GB/s
STREAM triad of size   999448 : min/avg/max: 0.000445498 0.000446939 0.000449708 seconds or  2243.44 MUPD/s or  26.9213 GB/s
STREAM triad of size  1099400 : min/avg/max: 0.000520336  0.00052248 0.000526284 seconds or  2112.87 MUPD/s or  25.3544 GB/s
STREAM triad of size  1209344 : min/avg/max: 0.000579605 0.000581904 0.000585402 seconds or   2086.5 MUPD/s or  25.0379 GB/s
STREAM triad of size  1330280 : min/avg/max: 0.000658849 0.000662066 0.000668279 seconds or   2019.1 MUPD/s or  24.2292 GB/s
STREAM triad of size  1463312 : min/avg/max: 0.000883512 0.000887165 0.000892002 seconds or  1656.24 MUPD/s or  19.8749 GB/s
STREAM triad of size  1609648 : min/avg/max:  0.00103759  0.00104205  0.00104591 seconds or  1551.34 MUPD/s or  18.6161 GB/s
STREAM triad of size  1770616 : min/avg/max:  0.00125362  0.00125867  0.00126437 seconds or  1412.41 MUPD/s or  16.9489 GB/s
STREAM triad of size  1947680 : min/avg/max:  0.00151488  0.00152138  0.00153384 seconds or   1285.7 MUPD/s or  15.4284 GB/s
STREAM triad of size  2142456 : min/avg/max:  0.00179631  0.00180269  0.00180907 seconds or   1192.7 MUPD/s or  14.3124 GB/s
STREAM triad of size  2356704 : min/avg/max:  0.00209585  0.00210691  0.00213866 seconds or  1124.46 MUPD/s or  13.4936 GB/s
STREAM triad of size  2592376 : min/avg/max:  0.00237408   0.0023824  0.00238842 seconds or  1091.95 MUPD/s or  13.1034 GB/s
STREAM triad of size  2851616 : min/avg/max:  0.00267079  0.00267922  0.00268842 seconds or   1067.7 MUPD/s or  12.8124 GB/s
STREAM triad of size  3136784 : min/avg/max:  0.00298791  0.00300032  0.00301136 seconds or  1049.83 MUPD/s or  12.5979 GB/s
STREAM triad of size  3450464 : min/avg/max:   0.0033161    0.003328  0.00333674 seconds or  1040.52 MUPD/s or  12.4862 GB/s
STREAM triad of size  3795512 : min/avg/max:  0.00367326  0.00368652  0.00369586 seconds or  1033.28 MUPD/s or  12.3994 GB/s
STREAM triad of size  4175064 : min/avg/max:  0.00406721   0.0040794   0.0040882 seconds or  1026.52 MUPD/s or  12.3182 GB/s
STREAM triad of size  4592576 : min/avg/max:  0.00447362   0.0045239  0.00516074 seconds or  1026.59 MUPD/s or  12.3191 GB/s
STREAM triad of size  5051840 : min/avg/max:  0.00491559  0.00493607  0.00495122 seconds or  1027.72 MUPD/s or  12.3326 GB/s
STREAM triad of size  5557032 : min/avg/max:  0.00541078  0.00543469  0.00544545 seconds or  1027.03 MUPD/s or  12.3243 GB/s
STREAM triad of size  6112736 : min/avg/max:   0.0059562  0.00597507  0.00598894 seconds or  1026.28 MUPD/s or  12.3154 GB/s
STREAM triad of size  6724016 : min/avg/max:  0.00655838  0.00657854  0.00659282 seconds or  1025.26 MUPD/s or  12.3031 GB/s
STREAM triad of size  7396424 : min/avg/max:  0.00722076  0.00724459   0.0072598 seconds or  1024.33 MUPD/s or  12.2919 GB/s
STREAM triad of size  8136072 : min/avg/max:   0.0079318  0.00861088  0.00986897 seconds or  1025.75 MUPD/s or   12.309 GB/s
STREAM triad of size  8949680 : min/avg/max:  0.00872117  0.00875808  0.00877518 seconds or   1026.2 MUPD/s or  12.3144 GB/s
STREAM triad of size  9844656 : min/avg/max:  0.00959407  0.00963663  0.00985661 seconds or  1026.12 MUPD/s or  12.3134 GB/s
STREAM triad of size 10829128 : min/avg/max:   0.0105692   0.0106034   0.0106312 seconds or   1024.6 MUPD/s or  12.2952 GB/s
STREAM triad of size 11912048 : min/avg/max:   0.0116201   0.0116548   0.0116925 seconds or  1025.12 MUPD/s or  12.3015 GB/s
STREAM triad of size 13103256 : min/avg/max:   0.0127827   0.0128406    0.012896 seconds or  1025.08 MUPD/s or  12.3009 GB/s
STREAM triad of size 14413584 : min/avg/max:   0.0140623   0.0141215   0.0142681 seconds or  1024.98 MUPD/s or  12.2997 GB/s
STREAM triad of size 15854944 : min/avg/max:   0.0154504   0.0155117   0.0155731 seconds or  1026.19 MUPD/s or  12.3142 GB/s
STREAM triad of size 17440440 : min/avg/max:   0.0170148   0.0170877   0.0172689 seconds or  1025.02 MUPD/s or  12.3002 GB/s
STREAM triad of size 19184488 : min/avg/max:   0.0187244   0.0187771   0.0188303 seconds or  1024.57 MUPD/s or  12.2949 GB/s
STREAM triad of size 21102944 : min/avg/max:   0.0205939    0.020663   0.0207163 seconds or  1024.72 MUPD/s or  12.2966 GB/s
STREAM triad of size 23213240 : min/avg/max:    0.022624   0.0242431   0.0281743 seconds or  1026.04 MUPD/s or  12.3125 GB/s
STREAM triad of size 25534568 : min/avg/max:   0.0248976   0.0249909   0.0250577 seconds or  1025.59 MUPD/s or   12.307 GB/s
STREAM triad of size 28088032 : min/avg/max:   0.0274024   0.0275118   0.0276042 seconds or  1025.02 MUPD/s or  12.3002 GB/s
STREAM triad of size 30896840 : min/avg/max:   0.0301547   0.0302603   0.0303563 seconds or  1024.61 MUPD/s or  12.2953 GB/s
STREAM triad of size 33986528 : min/avg/max:   0.0331245   0.0332656   0.0334255 seconds or  1026.03 MUPD/s or  12.3123 GB/s
STREAM triad of size 37385184 : min/avg/max:   0.0364237   0.0365705    0.036729 seconds or   1026.4 MUPD/s or  12.3168 GB/s
STREAM triad of size 41123704 : min/avg/max:   0.0401593   0.0403053   0.0404368 seconds or  1024.01 MUPD/s or  12.2882 GB/s
STREAM triad of size 45236080 : min/avg/max:   0.0441673   0.0456009   0.0697831 seconds or   1024.2 MUPD/s or  12.2904 GB/s
STREAM triad of size 49759696 : min/avg/max:   0.0484857   0.0486537   0.0487835 seconds or  1026.28 MUPD/s or  12.3153 GB/s
STREAM triad of size 54735672 : min/avg/max:   0.0533052   0.0535562   0.0538841 seconds or  1026.83 MUPD/s or   12.322 GB/s
STREAM triad of size 60209240 : min/avg/max:   0.0587014   0.0589431   0.0592524 seconds or  1025.69 MUPD/s or  12.3082 GB/s
STREAM triad of size 66230168 : min/avg/max:   0.0645741   0.0648594   0.0651009 seconds or  1025.65 MUPD/s or  12.3078 GB/s
STREAM triad of size 72853192 : min/avg/max:    0.070898   0.0712452   0.0715541 seconds or  1027.58 MUPD/s or  12.3309 GB/s
STREAM triad of size 80138512 : min/avg/max:   0.0780488   0.0783594   0.0789673 seconds or  1026.77 MUPD/s or  12.3213 GB/s
STREAM triad of size 88152368 : min/avg/max:    0.085921   0.0863037   0.0865718 seconds or  1025.97 MUPD/s or  12.3116 GB/s
STREAM triad of size 96967608 : min/avg/max:   0.0946879   0.0949806   0.0953625 seconds or  1024.08 MUPD/s or  12.2889 GB/s
