Intrinsics-based vectorization over 8 floats = 256 bits
STREAM triad of size        8 : min/avg/max: 3.68342e-09 4.31634e-09 6.65981e-09 seconds or  2171.89 MUPD/s or  26.0627 GB/s
STREAM triad of size       16 : min/avg/max:  4.6992e-09 4.73879e-09 4.80847e-09 seconds or  3404.83 MUPD/s or   40.858 GB/s
STREAM triad of size       24 : min/avg/max: 6.05287e-09 6.13084e-09 6.20049e-09 seconds or  3965.06 MUPD/s or  47.5808 GB/s
STREAM triad of size       32 : min/avg/max:  7.3844e-09 7.51882e-09 7.63521e-09 seconds or  4333.46 MUPD/s or  52.0015 GB/s
STREAM triad of size       40 : min/avg/max: 8.78116e-09 8.86838e-09 9.03536e-09 seconds or  4555.21 MUPD/s or  54.6625 GB/s
STREAM triad of size       48 : min/avg/max: 1.01583e-08 1.02613e-08 1.04841e-08 seconds or  4725.21 MUPD/s or  56.7025 GB/s
STREAM triad of size       56 : min/avg/max: 1.15055e-08  1.1594e-08 1.17693e-08 seconds or  4867.26 MUPD/s or  58.4071 GB/s
STREAM triad of size       64 : min/avg/max: 1.28734e-08 1.29853e-08 1.32266e-08 seconds or  4971.49 MUPD/s or  59.6579 GB/s
STREAM triad of size       72 : min/avg/max: 1.41922e-08 1.42825e-08 1.45217e-08 seconds or   5073.2 MUPD/s or  60.8784 GB/s
STREAM triad of size       80 : min/avg/max:  1.5551e-08 1.56853e-08 1.60037e-08 seconds or  5144.37 MUPD/s or  61.7324 GB/s
STREAM triad of size       96 : min/avg/max: 1.82246e-08 1.83864e-08 1.86754e-08 seconds or  5267.61 MUPD/s or  63.2114 GB/s
STREAM triad of size      112 : min/avg/max: 2.09322e-08 2.10407e-08 2.13792e-08 seconds or  5350.62 MUPD/s or  64.2074 GB/s
STREAM triad of size      128 : min/avg/max: 2.36507e-08 2.37735e-08 2.41416e-08 seconds or  5412.11 MUPD/s or  64.9454 GB/s
STREAM triad of size      144 : min/avg/max: 2.63317e-08  2.6444e-08 2.69088e-08 seconds or   5468.7 MUPD/s or  65.6244 GB/s
STREAM triad of size      160 : min/avg/max:  2.9006e-08 2.91517e-08 2.96119e-08 seconds or  5516.09 MUPD/s or  66.1931 GB/s
STREAM triad of size      184 : min/avg/max: 3.30161e-08 3.32131e-08  3.3762e-08 seconds or  5573.04 MUPD/s or  66.8765 GB/s
STREAM triad of size      208 : min/avg/max: 3.70508e-08   3.723e-08 3.79062e-08 seconds or  5613.91 MUPD/s or  67.3669 GB/s
STREAM triad of size      232 : min/avg/max: 4.10604e-08 4.12482e-08 4.19598e-08 seconds or  5650.21 MUPD/s or  67.8026 GB/s
STREAM triad of size      256 : min/avg/max: 4.86771e-08 4.95656e-08 5.09853e-08 seconds or  5259.15 MUPD/s or  63.1098 GB/s
STREAM triad of size      288 : min/avg/max: 5.65935e-08 5.67534e-08 5.76212e-08 seconds or  5088.92 MUPD/s or  61.0671 GB/s
STREAM triad of size      320 : min/avg/max: 6.22801e-08   6.247e-08 6.33977e-08 seconds or  5138.08 MUPD/s or  61.6569 GB/s
STREAM triad of size      360 : min/avg/max: 6.89792e-08 6.91875e-08 7.02478e-08 seconds or  5218.96 MUPD/s or  62.6275 GB/s
STREAM triad of size      400 : min/avg/max: 7.56716e-08 7.59068e-08 7.71001e-08 seconds or     5286 MUPD/s or   63.432 GB/s
STREAM triad of size      448 : min/avg/max: 8.37098e-08 8.39938e-08  8.5497e-08 seconds or  5351.82 MUPD/s or  64.2219 GB/s
STREAM triad of size      496 : min/avg/max: 9.17469e-08 9.20358e-08 9.35189e-08 seconds or  5406.18 MUPD/s or  64.8741 GB/s
STREAM triad of size      552 : min/avg/max: 1.01125e-07  1.0142e-07 1.03101e-07 seconds or  5458.61 MUPD/s or  65.5034 GB/s
STREAM triad of size      608 : min/avg/max: 1.10503e-07 1.10836e-07 1.12638e-07 seconds or  5502.11 MUPD/s or  66.0253 GB/s
STREAM triad of size      672 : min/avg/max: 1.21218e-07 1.21625e-07 1.23555e-07 seconds or  5543.74 MUPD/s or  66.5249 GB/s
STREAM triad of size      744 : min/avg/max: 1.33265e-07 1.33719e-07 1.35904e-07 seconds or  5582.88 MUPD/s or  66.9946 GB/s
STREAM triad of size      824 : min/avg/max: 1.46657e-07  1.4712e-07 1.49541e-07 seconds or  5618.56 MUPD/s or  67.4228 GB/s
STREAM triad of size      912 : min/avg/max: 1.61394e-07  1.6193e-07 1.64636e-07 seconds or  5650.76 MUPD/s or  67.8091 GB/s
STREAM triad of size     1008 : min/avg/max: 1.77473e-07 1.78135e-07 1.81093e-07 seconds or  5679.74 MUPD/s or  68.1569 GB/s
STREAM triad of size     1112 : min/avg/max: 1.94881e-07 1.95312e-07 1.98753e-07 seconds or  5706.05 MUPD/s or  68.4726 GB/s
STREAM triad of size     1224 : min/avg/max: 2.13632e-07 2.14334e-07  2.1812e-07 seconds or  5729.47 MUPD/s or  68.7536 GB/s
STREAM triad of size     1352 : min/avg/max: 2.35067e-07 2.35887e-07 2.39707e-07 seconds or  5751.55 MUPD/s or  69.0186 GB/s
STREAM triad of size     1488 : min/avg/max: 2.57846e-07 2.58678e-07 2.63118e-07 seconds or  5770.89 MUPD/s or  69.2507 GB/s
STREAM triad of size     1640 : min/avg/max: 2.83298e-07 2.84213e-07 2.89089e-07 seconds or  5788.95 MUPD/s or  69.4674 GB/s
STREAM triad of size     1808 : min/avg/max:  3.1144e-07  3.1216e-07 3.17755e-07 seconds or  5805.29 MUPD/s or  69.6635 GB/s
STREAM triad of size     1992 : min/avg/max: 3.42264e-07 3.43424e-07 3.50053e-07 seconds or  5820.07 MUPD/s or  69.8409 GB/s
STREAM triad of size     2192 : min/avg/max: 3.75768e-07 3.77033e-07 3.83732e-07 seconds or  5833.38 MUPD/s or  70.0006 GB/s
STREAM triad of size     2416 : min/avg/max: 4.13308e-07   4.148e-07 4.21819e-07 seconds or  5845.52 MUPD/s or  70.1463 GB/s
STREAM triad of size     2664 : min/avg/max:  4.5507e-07 4.56328e-07 4.64244e-07 seconds or  5854.05 MUPD/s or  70.2486 GB/s
STREAM triad of size     2936 : min/avg/max: 6.15466e-07 6.21919e-07   6.322e-07 seconds or  4770.37 MUPD/s or  57.2444 GB/s
STREAM triad of size     3232 : min/avg/max: 7.62703e-07 7.83893e-07 8.07007e-07 seconds or  4237.56 MUPD/s or  50.8507 GB/s
STREAM triad of size     3560 : min/avg/max: 8.90148e-07 8.97652e-07 9.09986e-07 seconds or  3999.33 MUPD/s or   47.992 GB/s
STREAM triad of size     3920 : min/avg/max:  9.3796e-07 9.64452e-07 1.00822e-06 seconds or  4179.28 MUPD/s or  50.1514 GB/s
STREAM triad of size     4320 : min/avg/max: 1.01944e-06 1.04775e-06 1.08333e-06 seconds or  4237.63 MUPD/s or  50.8516 GB/s
STREAM triad of size     4760 : min/avg/max: 1.10448e-06 1.13273e-06 1.22412e-06 seconds or   4309.7 MUPD/s or  51.7164 GB/s
STREAM triad of size     5240 : min/avg/max: 1.23551e-06 1.26954e-06 1.31154e-06 seconds or  4241.15 MUPD/s or  50.8938 GB/s
STREAM triad of size     5768 : min/avg/max: 1.35206e-06 1.37504e-06  1.4012e-06 seconds or   4266.1 MUPD/s or  51.1931 GB/s
STREAM triad of size     6352 : min/avg/max: 1.50272e-06 1.54595e-06 1.61608e-06 seconds or     4227 MUPD/s or   50.724 GB/s
STREAM triad of size     6992 : min/avg/max: 1.69723e-06 1.71633e-06 1.74432e-06 seconds or  4119.66 MUPD/s or   49.436 GB/s
STREAM triad of size     7696 : min/avg/max: 1.99831e-06  2.0228e-06 2.05639e-06 seconds or  3851.25 MUPD/s or   46.215 GB/s
STREAM triad of size     8472 : min/avg/max: 2.01967e-06 2.04911e-06 2.13009e-06 seconds or  4194.74 MUPD/s or  50.3369 GB/s
STREAM triad of size     9320 : min/avg/max: 2.24235e-06 2.27728e-06 2.31879e-06 seconds or  4156.35 MUPD/s or  49.8762 GB/s
STREAM triad of size    10256 : min/avg/max: 2.88313e-06 2.89803e-06 2.93198e-06 seconds or  3557.24 MUPD/s or  42.6869 GB/s
STREAM triad of size    11288 : min/avg/max: 3.24935e-06 3.27195e-06 3.31818e-06 seconds or  3473.92 MUPD/s or   41.687 GB/s
STREAM triad of size    12424 : min/avg/max: 3.03376e-06 3.05244e-06 3.09359e-06 seconds or  4095.24 MUPD/s or  49.1429 GB/s
STREAM triad of size    13672 : min/avg/max: 3.40075e-06 3.43152e-06 3.51371e-06 seconds or  4020.29 MUPD/s or  48.2435 GB/s
STREAM triad of size    15040 : min/avg/max: 3.84333e-06 3.87351e-06 3.94579e-06 seconds or  3913.28 MUPD/s or  46.9593 GB/s
STREAM triad of size    16552 : min/avg/max: 4.35308e-06 4.41179e-06 4.47654e-06 seconds or  3802.36 MUPD/s or  45.6284 GB/s
STREAM triad of size    18208 : min/avg/max:  4.8865e-06 4.91631e-06 4.96694e-06 seconds or  3726.18 MUPD/s or  44.7142 GB/s
STREAM triad of size    20032 : min/avg/max: 5.39704e-06 5.41799e-06 5.47632e-06 seconds or  3711.67 MUPD/s or    44.54 GB/s
STREAM triad of size    22040 : min/avg/max: 6.59823e-06 6.63294e-06 6.78381e-06 seconds or  3340.29 MUPD/s or  40.0835 GB/s
STREAM triad of size    24248 : min/avg/max: 6.88402e-06 6.90932e-06 6.97594e-06 seconds or  3522.36 MUPD/s or  42.2683 GB/s
STREAM triad of size    26680 : min/avg/max: 8.61038e-06 8.63772e-06 8.71287e-06 seconds or  3098.59 MUPD/s or   37.183 GB/s
STREAM triad of size    29352 : min/avg/max: 9.97589e-06 1.00201e-05 1.01143e-05 seconds or  2942.29 MUPD/s or  35.3075 GB/s
STREAM triad of size    32288 : min/avg/max: 1.16113e-05  1.1654e-05 1.17834e-05 seconds or  2780.74 MUPD/s or  33.3689 GB/s
STREAM triad of size    35520 : min/avg/max:  1.3892e-05 1.39331e-05 1.40271e-05 seconds or  2556.87 MUPD/s or  30.6825 GB/s
STREAM triad of size    39080 : min/avg/max: 1.60366e-05 1.60917e-05 1.62411e-05 seconds or  2436.92 MUPD/s or   29.243 GB/s
STREAM triad of size    42992 : min/avg/max: 1.80285e-05 1.80774e-05 1.81955e-05 seconds or  2384.67 MUPD/s or  28.6161 GB/s
STREAM triad of size    47296 : min/avg/max: 2.04738e-05 2.05459e-05 2.07345e-05 seconds or  2310.07 MUPD/s or  27.7209 GB/s
STREAM triad of size    52032 : min/avg/max:  2.2532e-05 2.26039e-05 2.27283e-05 seconds or  2309.25 MUPD/s or   27.711 GB/s
STREAM triad of size    57240 : min/avg/max: 2.48875e-05 2.49616e-05 2.51072e-05 seconds or  2299.95 MUPD/s or  27.5994 GB/s
STREAM triad of size    62968 : min/avg/max: 2.73651e-05 2.74563e-05 2.76212e-05 seconds or  2301.04 MUPD/s or  27.6124 GB/s
STREAM triad of size    69272 : min/avg/max: 3.01214e-05 3.02211e-05 3.04463e-05 seconds or  2299.76 MUPD/s or  27.5972 GB/s
STREAM triad of size    76200 : min/avg/max: 3.31478e-05 3.32805e-05 3.36643e-05 seconds or   2298.8 MUPD/s or  27.5856 GB/s
STREAM triad of size    83824 : min/avg/max: 3.64168e-05 3.65272e-05 3.67501e-05 seconds or   2301.8 MUPD/s or  27.6216 GB/s
STREAM triad of size    92208 : min/avg/max: 4.00812e-05 4.02039e-05 4.04245e-05 seconds or  2300.53 MUPD/s or  27.6064 GB/s
STREAM triad of size   101432 : min/avg/max: 4.41253e-05 4.42643e-05 4.46449e-05 seconds or  2298.73 MUPD/s or  27.5847 GB/s
STREAM triad of size   111576 : min/avg/max: 4.85382e-05 4.87309e-05 4.91155e-05 seconds or  2298.73 MUPD/s or  27.5847 GB/s
STREAM triad of size   122736 : min/avg/max: 5.33817e-05 5.35467e-05 5.38653e-05 seconds or  2299.21 MUPD/s or  27.5906 GB/s
STREAM triad of size   135016 : min/avg/max: 5.87079e-05 5.88856e-05 5.92357e-05 seconds or  2299.79 MUPD/s or  27.5975 GB/s
STREAM triad of size   148520 : min/avg/max: 6.46443e-05 7.98215e-05 8.89836e-05 seconds or   2297.5 MUPD/s or    27.57 GB/s
STREAM triad of size   163376 : min/avg/max: 7.11203e-05 7.13392e-05 7.17656e-05 seconds or  2297.18 MUPD/s or  27.5661 GB/s
STREAM triad of size   179720 : min/avg/max: 7.83615e-05 7.86054e-05   7.902e-05 seconds or  2293.47 MUPD/s or  27.5217 GB/s
STREAM triad of size   197696 : min/avg/max: 8.64939e-05 8.67688e-05 8.72578e-05 seconds or  2285.66 MUPD/s or   27.428 GB/s
STREAM triad of size   217472 : min/avg/max: 9.54984e-05 9.58237e-05 9.63334e-05 seconds or  2277.23 MUPD/s or  27.3268 GB/s
STREAM triad of size   239224 : min/avg/max: 0.000105174 0.000105497  0.00010608 seconds or  2274.56 MUPD/s or  27.2947 GB/s
STREAM triad of size   263152 : min/avg/max: 0.000115565 0.000115927 0.000116662 seconds or  2277.09 MUPD/s or  27.3251 GB/s
STREAM triad of size   289472 : min/avg/max: 0.000127151 0.000127557 0.000128308 seconds or   2276.6 MUPD/s or  27.3192 GB/s
STREAM triad of size   318424 : min/avg/max: 0.000139816 0.000140252  0.00014101 seconds or  2277.45 MUPD/s or  27.3295 GB/s
STREAM triad of size   350272 : min/avg/max: 0.000153811 0.000154293 0.000155164 seconds or  2277.29 MUPD/s or  27.3275 GB/s
STREAM triad of size   385304 : min/avg/max: 0.000169267 0.000169795  0.00017086 seconds or  2276.31 MUPD/s or  27.3157 GB/s
STREAM triad of size   423840 : min/avg/max: 0.000186277  0.00018687 0.000187993 seconds or  2275.33 MUPD/s or  27.3039 GB/s
STREAM triad of size   466232 : min/avg/max: 0.000204886 0.000205826 0.000213073 seconds or  2275.56 MUPD/s or  27.3068 GB/s
STREAM triad of size   512856 : min/avg/max: 0.000225283 0.000226057 0.000228981 seconds or  2276.49 MUPD/s or  27.3179 GB/s
STREAM triad of size   564144 : min/avg/max: 0.000247851 0.000248768 0.000250213 seconds or  2276.14 MUPD/s or  27.3137 GB/s
STREAM triad of size   620560 : min/avg/max: 0.000272689 0.000273904 0.000280345 seconds or  2275.71 MUPD/s or  27.3085 GB/s
STREAM triad of size   682624 : min/avg/max: 0.000299964 0.000301017 0.000303419 seconds or  2275.69 MUPD/s or  27.3083 GB/s
STREAM triad of size   750888 : min/avg/max: 0.000329926 0.000330902 0.000332641 seconds or  2275.93 MUPD/s or  27.3112 GB/s
STREAM triad of size   825984 : min/avg/max: 0.000362955 0.000364098 0.000366117 seconds or  2275.72 MUPD/s or  27.3086 GB/s
STREAM triad of size   908584 : min/avg/max: 0.000399233 0.000400435 0.000402585 seconds or  2275.83 MUPD/s or  27.3099 GB/s
STREAM triad of size   999448 : min/avg/max: 0.000441058 0.000442569 0.000444759 seconds or  2266.02 MUPD/s or  27.1923 GB/s
STREAM triad of size  1099400 : min/avg/max: 0.000500565 0.000502141 0.000505394 seconds or  2196.32 MUPD/s or  26.3558 GB/s
STREAM triad of size  1209344 : min/avg/max: 0.000595979 0.000598025 0.000600959 seconds or  2029.17 MUPD/s or  24.3501 GB/s
STREAM triad of size  1330280 : min/avg/max: 0.000659005 0.000661619 0.000665699 seconds or  2018.62 MUPD/s or  24.2234 GB/s
STREAM triad of size  1463312 : min/avg/max: 0.000853143 0.000856482 0.000861108 seconds or   1715.2 MUPD/s or  20.5824 GB/s
STREAM triad of size  1609648 : min/avg/max: 0.000992899 0.000996513  0.00100125 seconds or  1621.16 MUPD/s or  19.4539 GB/s
STREAM triad of size  1770616 : min/avg/max:  0.00125679   0.0012632  0.00127943 seconds or  1408.84 MUPD/s or  16.9061 GB/s
STREAM triad of size  1947680 : min/avg/max:  0.00152264    0.001528  0.00153128 seconds or  1279.15 MUPD/s or  15.3498 GB/s
STREAM triad of size  2142456 : min/avg/max:  0.00178988  0.00179641  0.00180145 seconds or  1196.98 MUPD/s or  14.3638 GB/s
STREAM triad of size  2356704 : min/avg/max:  0.00209651  0.00210332   0.0021088 seconds or  1124.11 MUPD/s or  13.4893 GB/s
STREAM triad of size  2592376 : min/avg/max:  0.00238159  0.00239028  0.00239631 seconds or  1088.51 MUPD/s or  13.0621 GB/s
STREAM triad of size  2851616 : min/avg/max:  0.00268338  0.00269241  0.00270325 seconds or   1062.7 MUPD/s or  12.7524 GB/s
STREAM triad of size  3136784 : min/avg/max:  0.00299591  0.00300736  0.00301635 seconds or  1047.02 MUPD/s or  12.5643 GB/s
STREAM triad of size  3450464 : min/avg/max:  0.00332742  0.00333849  0.00334746 seconds or  1036.98 MUPD/s or  12.4437 GB/s
STREAM triad of size  3795512 : min/avg/max:  0.00368626  0.00369736  0.00370653 seconds or  1029.64 MUPD/s or  12.3556 GB/s
STREAM triad of size  4175064 : min/avg/max:  0.00407589  0.00408778  0.00409936 seconds or  1024.33 MUPD/s or   12.292 GB/s
STREAM triad of size  4592576 : min/avg/max:  0.00448073  0.00453328  0.00516306 seconds or  1024.96 MUPD/s or  12.2995 GB/s
STREAM triad of size  5051840 : min/avg/max:  0.00493335  0.00494822  0.00495639 seconds or  1024.02 MUPD/s or  12.2882 GB/s
STREAM triad of size  5557032 : min/avg/max:   0.0054258  0.00544265  0.00545612 seconds or  1024.19 MUPD/s or  12.2902 GB/s
STREAM triad of size  6112736 : min/avg/max:  0.00596865   0.0060104  0.00613536 seconds or  1024.14 MUPD/s or  12.2897 GB/s
STREAM triad of size  6724016 : min/avg/max:  0.00656901  0.00659016  0.00660953 seconds or   1023.6 MUPD/s or  12.2831 GB/s
STREAM triad of size  7396424 : min/avg/max:  0.00722691   0.0072618   0.0073214 seconds or  1023.46 MUPD/s or  12.2815 GB/s
STREAM triad of size  8136072 : min/avg/max:  0.00794145  0.00796968   0.0079807 seconds or  1024.51 MUPD/s or  12.2941 GB/s
STREAM triad of size  8949680 : min/avg/max:  0.00873845  0.00878246  0.00895118 seconds or  1024.17 MUPD/s or  12.2901 GB/s
STREAM triad of size  9844656 : min/avg/max:  0.00961127  0.00964478  0.00967248 seconds or  1024.28 MUPD/s or  12.2914 GB/s
STREAM triad of size 10829128 : min/avg/max:   0.0105805   0.0106215   0.0106495 seconds or   1023.5 MUPD/s or   12.282 GB/s
STREAM triad of size 11912048 : min/avg/max:   0.0116212   0.0116697   0.0117107 seconds or  1025.02 MUPD/s or  12.3003 GB/s
STREAM triad of size 13103256 : min/avg/max:   0.0128149   0.0128652    0.012898 seconds or   1022.5 MUPD/s or    12.27 GB/s
STREAM triad of size 14413584 : min/avg/max:   0.0140784   0.0141331   0.0141951 seconds or  1023.81 MUPD/s or  12.2857 GB/s
STREAM triad of size 15854944 : min/avg/max:   0.0154856   0.0155364   0.0155801 seconds or  1023.85 MUPD/s or  12.2862 GB/s
STREAM triad of size 17440440 : min/avg/max:   0.0170513    0.017147   0.0177475 seconds or  1022.82 MUPD/s or  12.2739 GB/s
STREAM triad of size 19184488 : min/avg/max:   0.0187263   0.0188069   0.0188499 seconds or  1024.47 MUPD/s or  12.2936 GB/s
STREAM triad of size 21102944 : min/avg/max:   0.0205767    0.020684    0.020748 seconds or  1025.58 MUPD/s or  12.3069 GB/s
STREAM triad of size 23213240 : min/avg/max:   0.0226773   0.0227517   0.0228005 seconds or  1023.63 MUPD/s or  12.2836 GB/s
STREAM triad of size 25534568 : min/avg/max:   0.0249365   0.0250369   0.0251352 seconds or  1023.98 MUPD/s or  12.2878 GB/s
STREAM triad of size 28088032 : min/avg/max:   0.0274224   0.0275542   0.0277069 seconds or  1024.27 MUPD/s or  12.2913 GB/s
STREAM triad of size 30896840 : min/avg/max:   0.0301734   0.0302894   0.0303707 seconds or  1023.97 MUPD/s or  12.2877 GB/s
STREAM triad of size 33986528 : min/avg/max:   0.0332056   0.0333276   0.0335167 seconds or  1023.52 MUPD/s or  12.2822 GB/s
STREAM triad of size 37385184 : min/avg/max:   0.0364839   0.0366264   0.0367306 seconds or   1024.7 MUPD/s or  12.2964 GB/s
STREAM triad of size 41123704 : min/avg/max:   0.0402324   0.0403895    0.040556 seconds or  1022.15 MUPD/s or  12.2658 GB/s
STREAM triad of size 45236080 : min/avg/max:   0.0442757   0.0461461   0.0783825 seconds or  1021.69 MUPD/s or  12.2603 GB/s
STREAM triad of size 49759696 : min/avg/max:   0.0485816   0.0487623   0.0490466 seconds or  1024.25 MUPD/s or   12.291 GB/s
STREAM triad of size 54735672 : min/avg/max:   0.0533758    0.053621   0.0538888 seconds or  1025.48 MUPD/s or  12.3057 GB/s
STREAM triad of size 60209240 : min/avg/max:   0.0587736    0.059006    0.059262 seconds or  1024.43 MUPD/s or  12.2931 GB/s
STREAM triad of size 66230168 : min/avg/max:   0.0647002   0.0649559   0.0653111 seconds or  1023.65 MUPD/s or  12.2838 GB/s
STREAM triad of size 72853192 : min/avg/max:   0.0711256   0.0713903   0.0717213 seconds or  1024.29 MUPD/s or  12.2915 GB/s
STREAM triad of size 80138512 : min/avg/max:   0.0781857   0.0784857   0.0786961 seconds or  1024.98 MUPD/s or  12.2997 GB/s
STREAM triad of size 88152368 : min/avg/max:   0.0861485   0.0864073   0.0866273 seconds or  1023.26 MUPD/s or  12.2791 GB/s
STREAM triad of size 96967608 : min/avg/max:   0.0948035   0.0951136   0.0953488 seconds or  1022.83 MUPD/s or  12.2739 GB/s
